sample.interval=1000
"lazyLoadDBfetch" "summary" "eval" "eval" "withVisible" "doTryCatch" "tryCatchOne" "tryCatchList" "tryCatch" "try" "evalFunc" "<Anonymous>" "Sweave" 
"lazyLoadDBfetch" "model.frame.default" "model.frame" "eval" "eval" "lm" "summary" "eval" "eval" "withVisible" "doTryCatch" "tryCatchOne" "tryCatchList" "tryCatch" "try" "evalFunc" "<Anonymous>" "Sweave" 
"model.frame.default" "model.frame" "eval" "eval" "lm" "summary" "eval" "eval" "withVisible" "doTryCatch" "tryCatchOne" "tryCatchList" "tryCatch" "try" "evalFunc" "<Anonymous>" "Sweave" 
"na.omit.data.frame" "na.omit" "model.frame.default" "model.frame" "eval" "eval" "lm" "summary" "eval" "eval" "withVisible" "doTryCatch" "tryCatchOne" "tryCatchList" "tryCatch" "try" "evalFunc" "<Anonymous>" "Sweave" 
"lazyLoadDBfetch" "[" "na.omit.data.frame" "na.omit" "model.frame.default" "model.frame" "eval" "eval" "lm" "summary" "eval" "eval" "withVisible" "doTryCatch" "tryCatchOne" "tryCatchList" "tryCatch" "try" "evalFunc" "<Anonymous>" "Sweave" 
"[.data.frame" "[" "na.omit.data.frame" "na.omit" "model.frame.default" "model.frame" "eval" "eval" "lm" "summary" "eval" "eval" "withVisible" "doTryCatch" "tryCatchOne" "tryCatchList" "tryCatch" "try" "evalFunc" "<Anonymous>" "Sweave" 
"[.data.frame" "[" "na.omit.data.frame" "na.omit" "model.frame.default" "model.frame" "eval" "eval" "lm" "summary" "eval" "eval" "withVisible" "doTryCatch" "tryCatchOne" "tryCatchList" "tryCatch" "try" "evalFunc" "<Anonymous>" "Sweave" 
"lazyLoadDBfetch" "match.fun" "vapply" "model.frame.default" "model.frame" "eval" "eval" "lm" "summary" "eval" "eval" "withVisible" "doTryCatch" "tryCatchOne" "tryCatchList" "tryCatch" "try" "evalFunc" "<Anonymous>" "Sweave" 
"lazyLoadDBfetch" "as.vector" "lm" "summary" "eval" "eval" "withVisible" "doTryCatch" "tryCatchOne" "tryCatchList" "tryCatch" "try" "evalFunc" "<Anonymous>" "Sweave" 
"as.list.data.frame" "as.list" "vapply" "model.matrix.default" "model.matrix" "lm" "summary" "eval" "eval" "withVisible" "doTryCatch" "tryCatchOne" "tryCatchList" "tryCatch" "try" "evalFunc" "<Anonymous>" "Sweave" 
"model.matrix.default" "model.matrix" "lm" "summary" "eval" "eval" "withVisible" "doTryCatch" "tryCatchOne" "tryCatchList" "tryCatch" "try" "evalFunc" "<Anonymous>" "Sweave" 
"lazyLoadDBfetch" "lm" "summary" "eval" "eval" "withVisible" "doTryCatch" "tryCatchOne" "tryCatchList" "tryCatch" "try" "evalFunc" "<Anonymous>" "Sweave" 
"lm.fit" "lm" "summary" "eval" "eval" "withVisible" "doTryCatch" "tryCatchOne" "tryCatchList" "tryCatch" "try" "evalFunc" "<Anonymous>" "Sweave" 
"structure" "lm.fit" "lm" "summary" "eval" "eval" "withVisible" "doTryCatch" "tryCatchOne" "tryCatchList" "tryCatch" "try" "evalFunc" "<Anonymous>" "Sweave" 
"structure" "lm.fit" "lm" "summary" "eval" "eval" "withVisible" "doTryCatch" "tryCatchOne" "tryCatchList" "tryCatch" "try" "evalFunc" "<Anonymous>" "Sweave" 
"structure" "lm.fit" "lm" "summary" "eval" "eval" "withVisible" "doTryCatch" "tryCatchOne" "tryCatchList" "tryCatch" "try" "evalFunc" "<Anonymous>" "Sweave" 
"structure" "lm.fit" "lm" "summary" "eval" "eval" "withVisible" "doTryCatch" "tryCatchOne" "tryCatchList" "tryCatch" "try" "evalFunc" "<Anonymous>" "Sweave" 
"lm.fit" "lm" "summary" "eval" "eval" "withVisible" "doTryCatch" "tryCatchOne" "tryCatchList" "tryCatch" "try" "evalFunc" "<Anonymous>" "Sweave" 
"lm.fit" "lm" "summary" "eval" "eval" "withVisible" "doTryCatch" "tryCatchOne" "tryCatchList" "tryCatch" "try" "evalFunc" "<Anonymous>" "Sweave" 
"lm.fit" "lm" "summary" "eval" "eval" "withVisible" "doTryCatch" "tryCatchOne" "tryCatchList" "tryCatch" "try" "evalFunc" "<Anonymous>" "Sweave" 
"lm.fit" "lm" "summary" "eval" "eval" "withVisible" "doTryCatch" "tryCatchOne" "tryCatchList" "tryCatch" "try" "evalFunc" "<Anonymous>" "Sweave" 
"lm.fit" "lm" "summary" "eval" "eval" "withVisible" "doTryCatch" "tryCatchOne" "tryCatchList" "tryCatch" "try" "evalFunc" "<Anonymous>" "Sweave" 
"lm.fit" "lm" "summary" "eval" "eval" "withVisible" "doTryCatch" "tryCatchOne" "tryCatchList" "tryCatch" "try" "evalFunc" "<Anonymous>" "Sweave" 
"lm.fit" "lm" "summary" "eval" "eval" "withVisible" "doTryCatch" "tryCatchOne" "tryCatchList" "tryCatch" "try" "evalFunc" "<Anonymous>" "Sweave" 
"lm.fit" "lm" "summary" "eval" "eval" "withVisible" "doTryCatch" "tryCatchOne" "tryCatchList" "tryCatch" "try" "evalFunc" "<Anonymous>" "Sweave" 
"lm.fit" "lm" "summary" "eval" "eval" "withVisible" "doTryCatch" "tryCatchOne" "tryCatchList" "tryCatch" "try" "evalFunc" "<Anonymous>" "Sweave" 
"lm.fit" "lm" "summary" "eval" "eval" "withVisible" "doTryCatch" "tryCatchOne" "tryCatchList" "tryCatch" "try" "evalFunc" "<Anonymous>" "Sweave" 
"lm.fit" "lm" "summary" "eval" "eval" "withVisible" "doTryCatch" "tryCatchOne" "tryCatchList" "tryCatch" "try" "evalFunc" "<Anonymous>" "Sweave" 
"lm.fit" "lm" "summary" "eval" "eval" "withVisible" "doTryCatch" "tryCatchOne" "tryCatchList" "tryCatch" "try" "evalFunc" "<Anonymous>" "Sweave" 
"lm.fit" "lm" "summary" "eval" "eval" "withVisible" "doTryCatch" "tryCatchOne" "tryCatchList" "tryCatch" "try" "evalFunc" "<Anonymous>" "Sweave" 
"lm.fit" "lm" "summary" "eval" "eval" "withVisible" "doTryCatch" "tryCatchOne" "tryCatchList" "tryCatch" "try" "evalFunc" "<Anonymous>" "Sweave" 
"lm.fit" "lm" "summary" "eval" "eval" "withVisible" "doTryCatch" "tryCatchOne" "tryCatchList" "tryCatch" "try" "evalFunc" "<Anonymous>" "Sweave" 
"lm.fit" "lm" "summary" "eval" "eval" "withVisible" "doTryCatch" "tryCatchOne" "tryCatchList" "tryCatch" "try" "evalFunc" "<Anonymous>" "Sweave" 
"lm.fit" "lm" "summary" "eval" "eval" "withVisible" "doTryCatch" "tryCatchOne" "tryCatchList" "tryCatch" "try" "evalFunc" "<Anonymous>" "Sweave" 
"lm.fit" "lm" "summary" "eval" "eval" "withVisible" "doTryCatch" "tryCatchOne" "tryCatchList" "tryCatch" "try" "evalFunc" "<Anonymous>" "Sweave" 
"lm.fit" "lm" "summary" "eval" "eval" "withVisible" "doTryCatch" "tryCatchOne" "tryCatchList" "tryCatch" "try" "evalFunc" "<Anonymous>" "Sweave" 
"lm.fit" "lm" "summary" "eval" "eval" "withVisible" "doTryCatch" "tryCatchOne" "tryCatchList" "tryCatch" "try" "evalFunc" "<Anonymous>" "Sweave" 
"lm.fit" "lm" "summary" "eval" "eval" "withVisible" "doTryCatch" "tryCatchOne" "tryCatchList" "tryCatch" "try" "evalFunc" "<Anonymous>" "Sweave" 
"lm" "summary" "eval" "eval" "withVisible" "doTryCatch" "tryCatchOne" "tryCatchList" "tryCatch" "try" "evalFunc" "<Anonymous>" "Sweave" 
"structure" "[.data.frame" "[" "lapply" ".getXlevels" "lm" "summary" "eval" "eval" "withVisible" "doTryCatch" "tryCatchOne" "tryCatchList" "tryCatch" "try" "evalFunc" "<Anonymous>" "Sweave" 
"lazyLoadDBfetch" "summary.lm" "summary" "eval" "eval" "withVisible" "doTryCatch" "tryCatchOne" "tryCatchList" "tryCatch" "try" "evalFunc" "<Anonymous>" "Sweave" 
"chol2inv" "summary.lm" "summary" "eval" "eval" "withVisible" "doTryCatch" "tryCatchOne" "tryCatchList" "tryCatch" "try" "evalFunc" "<Anonymous>" "Sweave" 
"chol2inv" "summary.lm" "summary" "eval" "eval" "withVisible" "doTryCatch" "tryCatchOne" "tryCatchList" "tryCatch" "try" "evalFunc" "<Anonymous>" "Sweave" 
"summary.lm" "summary" "eval" "eval" "withVisible" "doTryCatch" "tryCatchOne" "tryCatchList" "tryCatch" "try" "evalFunc" "<Anonymous>" "Sweave" 
"mode" "match" "%in%" "deparse" "paste" "FUN" "lapply" "sapply" "model.frame.default" "model.frame" "eval" "eval" "lm" "summary" "eval" "eval" "withVisible" "doTryCatch" "tryCatchOne" "tryCatchList" "tryCatch" "try" "evalFunc" "<Anonymous>" "Sweave" 
"na.omit.data.frame" "na.omit" "model.frame.default" "model.frame" "eval" "eval" "lm" "summary" "eval" "eval" "withVisible" "doTryCatch" "tryCatchOne" "tryCatchList" "tryCatch" "try" "evalFunc" "<Anonymous>" "Sweave" 
"[.data.frame" "[" "na.omit.data.frame" "na.omit" "model.frame.default" "model.frame" "eval" "eval" "lm" "summary" "eval" "eval" "withVisible" "doTryCatch" "tryCatchOne" "tryCatchList" "tryCatch" "try" "evalFunc" "<Anonymous>" "Sweave" 
"[.data.frame" "[" "na.omit.data.frame" "na.omit" "model.frame.default" "model.frame" "eval" "eval" "lm" "summary" "eval" "eval" "withVisible" "doTryCatch" "tryCatchOne" "tryCatchList" "tryCatch" "try" "evalFunc" "<Anonymous>" "Sweave" 
"as.character" "model.response" "lm" "summary" "eval" "eval" "withVisible" "doTryCatch" "tryCatchOne" "tryCatchList" "tryCatch" "try" "evalFunc" "<Anonymous>" "Sweave" 
"as.list.data.frame" "as.list" "vapply" "model.matrix.default" "model.matrix" "lm" "summary" "eval" "eval" "withVisible" "doTryCatch" "tryCatchOne" "tryCatchList" "tryCatch" "try" "evalFunc" "<Anonymous>" "Sweave" 
"as.list.data.frame" "as.list" "vapply" "model.matrix.default" "model.matrix" "lm" "summary" "eval" "eval" "withVisible" "doTryCatch" "tryCatchOne" "tryCatchList" "tryCatch" "try" "evalFunc" "<Anonymous>" "Sweave" 
"as.list.data.frame" "as.list" "vapply" "model.matrix.default" "model.matrix" "lm" "summary" "eval" "eval" "withVisible" "doTryCatch" "tryCatchOne" "tryCatchList" "tryCatch" "try" "evalFunc" "<Anonymous>" "Sweave" 
"as.list.data.frame" "as.list" "vapply" "model.matrix.default" "model.matrix" "lm" "summary" "eval" "eval" "withVisible" "doTryCatch" "tryCatchOne" "tryCatchList" "tryCatch" "try" "evalFunc" "<Anonymous>" "Sweave" 
"as.list.data.frame" "as.list" "vapply" "model.matrix.default" "model.matrix" "lm" "summary" "eval" "eval" "withVisible" "doTryCatch" "tryCatchOne" "tryCatchList" "tryCatch" "try" "evalFunc" "<Anonymous>" "Sweave" 
"as.list.data.frame" "as.list" "vapply" "model.matrix.default" "model.matrix" "lm" "summary" "eval" "eval" "withVisible" "doTryCatch" "tryCatchOne" "tryCatchList" "tryCatch" "try" "evalFunc" "<Anonymous>" "Sweave" 
"model.matrix.default" "model.matrix" "lm" "summary" "eval" "eval" "withVisible" "doTryCatch" "tryCatchOne" "tryCatchList" "tryCatch" "try" "evalFunc" "<Anonymous>" "Sweave" 
"model.matrix.default" "model.matrix" "lm" "summary" "eval" "eval" "withVisible" "doTryCatch" "tryCatchOne" "tryCatchList" "tryCatch" "try" "evalFunc" "<Anonymous>" "Sweave" 
"lm.fit" "lm" "summary" "eval" "eval" "withVisible" "doTryCatch" "tryCatchOne" "tryCatchList" "tryCatch" "try" "evalFunc" "<Anonymous>" "Sweave" 
"structure" "[.data.frame" "[" "lapply" ".getXlevels" "lm" "summary" "eval" "eval" "withVisible" "doTryCatch" "tryCatchOne" "tryCatchList" "tryCatch" "try" "evalFunc" "<Anonymous>" "Sweave" 
"summary.lm" "summary" "eval" "eval" "withVisible" "doTryCatch" "tryCatchOne" "tryCatchList" "tryCatch" "try" "evalFunc" "<Anonymous>" "Sweave" 
"na.omit" "model.frame.default" "model.frame" "eval" "eval" "lm" "summary" "eval" "eval" "withVisible" "doTryCatch" "tryCatchOne" "tryCatchList" "tryCatch" "try" "evalFunc" "<Anonymous>" "Sweave" 
"as.character" "model.response" "lm" "summary" "eval" "eval" "withVisible" "doTryCatch" "tryCatchOne" "tryCatchList" "tryCatch" "try" "evalFunc" "<Anonymous>" "Sweave" 
"lm.fit" "lm" "summary" "eval" "eval" "withVisible" "doTryCatch" "tryCatchOne" "tryCatchList" "tryCatch" "try" "evalFunc" "<Anonymous>" "Sweave" 
"structure" "lm.fit" "lm" "summary" "eval" "eval" "withVisible" "doTryCatch" "tryCatchOne" "tryCatchList" "tryCatch" "try" "evalFunc" "<Anonymous>" "Sweave" 
"lm" "summary" "eval" "eval" "withVisible" "doTryCatch" "tryCatchOne" "tryCatchList" "tryCatch" "try" "evalFunc" "<Anonymous>" "Sweave" 
"[.data.frame" "[" "na.omit.data.frame" "na.omit" "model.frame.default" "model.frame" "eval" "eval" "lm" "summary" "eval" "eval" "withVisible" "doTryCatch" "tryCatchOne" "tryCatchList" "tryCatch" "try" "evalFunc" "<Anonymous>" "Sweave" 
"as.character" "model.response" "lm" "summary" "eval" "eval" "withVisible" "doTryCatch" "tryCatchOne" "tryCatchList" "tryCatch" "try" "evalFunc" "<Anonymous>" "Sweave" 
"as.list.data.frame" "as.list" "vapply" "model.matrix.default" "model.matrix" "lm" "summary" "eval" "eval" "withVisible" "doTryCatch" "tryCatchOne" "tryCatchList" "tryCatch" "try" "evalFunc" "<Anonymous>" "Sweave" 
"as.list.data.frame" "as.list" "vapply" "model.matrix.default" "model.matrix" "lm" "summary" "eval" "eval" "withVisible" "doTryCatch" "tryCatchOne" "tryCatchList" "tryCatch" "try" "evalFunc" "<Anonymous>" "Sweave" 
"as.list.data.frame" "as.list" "vapply" "model.matrix.default" "model.matrix" "lm" "summary" "eval" "eval" "withVisible" "doTryCatch" "tryCatchOne" "tryCatchList" "tryCatch" "try" "evalFunc" "<Anonymous>" "Sweave" 
"model.matrix.default" "model.matrix" "lm" "summary" "eval" "eval" "withVisible" "doTryCatch" "tryCatchOne" "tryCatchList" "tryCatch" "try" "evalFunc" "<Anonymous>" "Sweave" 
"na.omit" "model.frame.default" "model.frame" "eval" "eval" "lm" "summary" "eval" "eval" "withVisible" "doTryCatch" "tryCatchOne" "tryCatchList" "tryCatch" "try" "evalFunc" "<Anonymous>" "Sweave" 
"as.character" "model.response" "lm" "summary" "eval" "eval" "withVisible" "doTryCatch" "tryCatchOne" "tryCatchList" "tryCatch" "try" "evalFunc" "<Anonymous>" "Sweave" 
".deparseOpts" "FUN" "lapply" "sapply" "match" "model.matrix.default" "model.matrix" "lm" "summary" "eval" "eval" "withVisible" "doTryCatch" "tryCatchOne" "tryCatchList" "tryCatch" "try" "evalFunc" "<Anonymous>" "Sweave" 
"structure" "lm.fit" "lm" "summary" "eval" "eval" "withVisible" "doTryCatch" "tryCatchOne" "tryCatchList" "tryCatch" "try" "evalFunc" "<Anonymous>" "Sweave" 
"lm" "summary" "eval" "eval" "withVisible" "doTryCatch" "tryCatchOne" "tryCatchList" "tryCatch" "try" "evalFunc" "<Anonymous>" "Sweave" 
"model.frame.default" "model.frame" "eval" "eval" "lm" "summary" "eval" "eval" "withVisible" "doTryCatch" "tryCatchOne" "tryCatchList" "tryCatch" "try" "evalFunc" "<Anonymous>" "Sweave" 
"as.list.data.frame" "as.list" "vapply" "model.matrix.default" "model.matrix" "lm" "summary" "eval" "eval" "withVisible" "doTryCatch" "tryCatchOne" "tryCatchList" "tryCatch" "try" "evalFunc" "<Anonymous>" "Sweave" 
"model.matrix.default" "model.matrix" "lm" "summary" "eval" "eval" "withVisible" "doTryCatch" "tryCatchOne" "tryCatchList" "tryCatch" "try" "evalFunc" "<Anonymous>" "Sweave" 
"structure" "lm.fit" "lm" "summary" "eval" "eval" "withVisible" "doTryCatch" "tryCatchOne" "tryCatchList" "tryCatch" "try" "evalFunc" "<Anonymous>" "Sweave" 
"structure" "lm.fit" "lm" "summary" "eval" "eval" "withVisible" "doTryCatch" "tryCatchOne" "tryCatchList" "tryCatch" "try" "evalFunc" "<Anonymous>" "Sweave" 
"[.data.frame" "[" "na.omit.data.frame" "na.omit" "model.frame.default" "model.frame" "eval" "eval" "lm" "summary" "eval" "eval" "withVisible" "doTryCatch" "tryCatchOne" "tryCatchList" "tryCatch" "try" "evalFunc" "<Anonymous>" "Sweave" 
"as.list.data.frame" "as.list" "vapply" "model.frame.default" "model.frame" "eval" "eval" "lm" "summary" "eval" "eval" "withVisible" "doTryCatch" "tryCatchOne" "tryCatchList" "tryCatch" "try" "evalFunc" "<Anonymous>" "Sweave" 
"model.response" "lm" "summary" "eval" "eval" "withVisible" "doTryCatch" "tryCatchOne" "tryCatchList" "tryCatch" "try" "evalFunc" "<Anonymous>" "Sweave" 
"as.character" "model.response" "lm" "summary" "eval" "eval" "withVisible" "doTryCatch" "tryCatchOne" "tryCatchList" "tryCatch" "try" "evalFunc" "<Anonymous>" "Sweave" 
"structure" "lm.fit" "lm" "summary" "eval" "eval" "withVisible" "doTryCatch" "tryCatchOne" "tryCatchList" "tryCatch" "try" "evalFunc" "<Anonymous>" "Sweave" 
"lm.fit" "lm" "summary" "eval" "eval" "withVisible" "doTryCatch" "tryCatchOne" "tryCatchList" "tryCatch" "try" "evalFunc" "<Anonymous>" "Sweave" 
"structure" "[.data.frame" "[" "lapply" ".getXlevels" "lm" "summary" "eval" "eval" "withVisible" "doTryCatch" "tryCatchOne" "tryCatchList" "tryCatch" "try" "evalFunc" "<Anonymous>" "Sweave" 
"[.data.frame" "[" "na.omit.data.frame" "na.omit" "model.frame.default" "model.frame" "eval" "eval" "lm" "summary" "eval" "eval" "withVisible" "doTryCatch" "tryCatchOne" "tryCatchList" "tryCatch" "try" "evalFunc" "<Anonymous>" "Sweave" 
"unlist" "unique" "simplify2array" "sapply" "match" "model.matrix.default" "model.matrix" "lm" "summary" "eval" "eval" "withVisible" "doTryCatch" "tryCatchOne" "tryCatchList" "tryCatch" "try" "evalFunc" "<Anonymous>" "Sweave" 
"model.matrix.default" "model.matrix" "lm" "summary" "eval" "eval" "withVisible" "doTryCatch" "tryCatchOne" "tryCatchList" "tryCatch" "try" "evalFunc" "<Anonymous>" "Sweave" 
"model.matrix.default" "model.matrix" "lm" "summary" "eval" "eval" "withVisible" "doTryCatch" "tryCatchOne" "tryCatchList" "tryCatch" "try" "evalFunc" "<Anonymous>" "Sweave" 
"lm.fit" "lm" "summary" "eval" "eval" "withVisible" "doTryCatch" "tryCatchOne" "tryCatchList" "tryCatch" "try" "evalFunc" "<Anonymous>" "Sweave" 
"lm.fit" "lm" "summary" "eval" "eval" "withVisible" "doTryCatch" "tryCatchOne" "tryCatchList" "tryCatch" "try" "evalFunc" "<Anonymous>" "Sweave" 
"structure" "lm.fit" "lm" "summary" "eval" "eval" "withVisible" "doTryCatch" "tryCatchOne" "tryCatchList" "tryCatch" "try" "evalFunc" "<Anonymous>" "Sweave" 
"lm.fit" "lm" "summary" "eval" "eval" "withVisible" "doTryCatch" "tryCatchOne" "tryCatchList" "tryCatch" "try" "evalFunc" "<Anonymous>" "Sweave" 
"lm" "summary" "eval" "eval" "withVisible" "doTryCatch" "tryCatchOne" "tryCatchList" "tryCatch" "try" "evalFunc" "<Anonymous>" "Sweave" 
"summary.lm" "summary" "eval" "eval" "withVisible" "doTryCatch" "tryCatchOne" "tryCatchList" "tryCatch" "try" "evalFunc" "<Anonymous>" "Sweave" 
"summary.lm" "summary" "eval" "eval" "withVisible" "doTryCatch" "tryCatchOne" "tryCatchList" "tryCatch" "try" "evalFunc" "<Anonymous>" "Sweave" 
"[.data.frame" "[" "na.omit.data.frame" "na.omit" "model.frame.default" "model.frame" "eval" "eval" "lm" "summary" "eval" "eval" "withVisible" "doTryCatch" "tryCatchOne" "tryCatchList" "tryCatch" "try" "evalFunc" "<Anonymous>" "Sweave" 
"as.list.data.frame" "as.list" "vapply" "model.matrix.default" "model.matrix" "lm" "summary" "eval" "eval" "withVisible" "doTryCatch" "tryCatchOne" "tryCatchList" "tryCatch" "try" "evalFunc" "<Anonymous>" "Sweave" 
"model.matrix.default" "model.matrix" "lm" "summary" "eval" "eval" "withVisible" "doTryCatch" "tryCatchOne" "tryCatchList" "tryCatch" "try" "evalFunc" "<Anonymous>" "Sweave" 
"model.matrix.default" "model.matrix" "lm" "summary" "eval" "eval" "withVisible" "doTryCatch" "tryCatchOne" "tryCatchList" "tryCatch" "try" "evalFunc" "<Anonymous>" "Sweave" 
"lm.fit" "lm" "summary" "eval" "eval" "withVisible" "doTryCatch" "tryCatchOne" "tryCatchList" "tryCatch" "try" "evalFunc" "<Anonymous>" "Sweave" 
"lm" "summary" "eval" "eval" "withVisible" "doTryCatch" "tryCatchOne" "tryCatchList" "tryCatch" "try" "evalFunc" "<Anonymous>" "Sweave" 
"lm" "summary" "eval" "eval" "withVisible" "doTryCatch" "tryCatchOne" "tryCatchList" "tryCatch" "try" "evalFunc" "<Anonymous>" "Sweave" 
"lm" "summary" "eval" "eval" "withVisible" "doTryCatch" "tryCatchOne" "tryCatchList" "tryCatch" "try" "evalFunc" "<Anonymous>" "Sweave" 
"lm" "summary" "eval" "eval" "withVisible" "doTryCatch" "tryCatchOne" "tryCatchList" "tryCatch" "try" "evalFunc" "<Anonymous>" "Sweave" 
"lm" "summary" "eval" "eval" "withVisible" "doTryCatch" "tryCatchOne" "tryCatchList" "tryCatch" "try" "evalFunc" "<Anonymous>" "Sweave" 
"lm" "summary" "eval" "eval" "withVisible" "doTryCatch" "tryCatchOne" "tryCatchList" "tryCatch" "try" "evalFunc" "<Anonymous>" "Sweave" 
"[.data.frame" "[" "na.omit.data.frame" "na.omit" "model.frame.default" "model.frame" "eval" "eval" "lm" "summary" "eval" "eval" "withVisible" "doTryCatch" "tryCatchOne" "tryCatchList" "tryCatch" "try" "evalFunc" "<Anonymous>" "Sweave" 
"[.data.frame" "[" "na.omit.data.frame" "na.omit" "model.frame.default" "model.frame" "eval" "eval" "lm" "summary" "eval" "eval" "withVisible" "doTryCatch" "tryCatchOne" "tryCatchList" "tryCatch" "try" "evalFunc" "<Anonymous>" "Sweave" 
"as.character" "model.response" "lm" "summary" "eval" "eval" "withVisible" "doTryCatch" "tryCatchOne" "tryCatchList" "tryCatch" "try" "evalFunc" "<Anonymous>" "Sweave" 
"as.list.data.frame" "as.list" "vapply" "model.matrix.default" "model.matrix" "lm" "summary" "eval" "eval" "withVisible" "doTryCatch" "tryCatchOne" "tryCatchList" "tryCatch" "try" "evalFunc" "<Anonymous>" "Sweave" 
"model.matrix.default" "model.matrix" "lm" "summary" "eval" "eval" "withVisible" "doTryCatch" "tryCatchOne" "tryCatchList" "tryCatch" "try" "evalFunc" "<Anonymous>" "Sweave" 
"lm.fit" "lm" "summary" "eval" "eval" "withVisible" "doTryCatch" "tryCatchOne" "tryCatchList" "tryCatch" "try" "evalFunc" "<Anonymous>" "Sweave" 
"lm.fit" "lm" "summary" "eval" "eval" "withVisible" "doTryCatch" "tryCatchOne" "tryCatchList" "tryCatch" "try" "evalFunc" "<Anonymous>" "Sweave" 
"summary.lm" "summary" "eval" "eval" "withVisible" "doTryCatch" "tryCatchOne" "tryCatchList" "tryCatch" "try" "evalFunc" "<Anonymous>" "Sweave" 
"model.frame.default" "model.frame" "eval" "eval" "lm" "summary" "eval" "eval" "withVisible" "doTryCatch" "tryCatchOne" "tryCatchList" "tryCatch" "try" "evalFunc" "<Anonymous>" "Sweave" 
"model.frame.default" "model.frame" "eval" "eval" "lm" "summary" "eval" "eval" "withVisible" "doTryCatch" "tryCatchOne" "tryCatchList" "tryCatch" "try" "evalFunc" "<Anonymous>" "Sweave" 
"model.frame.default" "model.frame" "eval" "eval" "lm" "summary" "eval" "eval" "withVisible" "doTryCatch" "tryCatchOne" "tryCatchList" "tryCatch" "try" "evalFunc" "<Anonymous>" "Sweave" 
"model.frame.default" "model.frame" "eval" "eval" "lm" "summary" "eval" "eval" "withVisible" "doTryCatch" "tryCatchOne" "tryCatchList" "tryCatch" "try" "evalFunc" "<Anonymous>" "Sweave" 
"model.frame.default" "model.frame" "eval" "eval" "lm" "summary" "eval" "eval" "withVisible" "doTryCatch" "tryCatchOne" "tryCatchList" "tryCatch" "try" "evalFunc" "<Anonymous>" "Sweave" 
"model.frame.default" "model.frame" "eval" "eval" "lm" "summary" "eval" "eval" "withVisible" "doTryCatch" "tryCatchOne" "tryCatchList" "tryCatch" "try" "evalFunc" "<Anonymous>" "Sweave" 
"model.frame.default" "model.frame" "eval" "eval" "lm" "summary" "eval" "eval" "withVisible" "doTryCatch" "tryCatchOne" "tryCatchList" "tryCatch" "try" "evalFunc" "<Anonymous>" "Sweave" 
"model.matrix.default" "model.matrix" "lm" "summary" "eval" "eval" "withVisible" "doTryCatch" "tryCatchOne" "tryCatchList" "tryCatch" "try" "evalFunc" "<Anonymous>" "Sweave" 
"structure" "lm.fit" "lm" "summary" "eval" "eval" "withVisible" "doTryCatch" "tryCatchOne" "tryCatchList" "tryCatch" "try" "evalFunc" "<Anonymous>" "Sweave" 
"[.data.frame" "[" "na.omit.data.frame" "na.omit" "model.frame.default" "model.frame" "eval" "eval" "lm" "summary" "eval" "eval" "withVisible" "doTryCatch" "tryCatchOne" "tryCatchList" "tryCatch" "try" "evalFunc" "<Anonymous>" "Sweave" 
"model.matrix.default" "model.matrix" "lm" "summary" "eval" "eval" "withVisible" "doTryCatch" "tryCatchOne" "tryCatchList" "tryCatch" "try" "evalFunc" "<Anonymous>" "Sweave" 
"lm.fit" "lm" "summary" "eval" "eval" "withVisible" "doTryCatch" "tryCatchOne" "tryCatchList" "tryCatch" "try" "evalFunc" "<Anonymous>" "Sweave" 
"na.omit.data.frame" "na.omit" "model.frame.default" "model.frame" "eval" "eval" "lm" "summary" "eval" "eval" "withVisible" "doTryCatch" "tryCatchOne" "tryCatchList" "tryCatch" "try" "evalFunc" "<Anonymous>" "Sweave" 
"anyDuplicated.default" "anyDuplicated" "[.data.frame" "[" "na.omit.data.frame" "na.omit" "model.frame.default" "model.frame" "eval" "eval" "lm" "summary" "eval" "eval" "withVisible" "doTryCatch" "tryCatchOne" "tryCatchList" "tryCatch" "try" "evalFunc" "<Anonymous>" "Sweave" 
"as.character" "model.response" "lm" "summary" "eval" "eval" "withVisible" "doTryCatch" "tryCatchOne" "tryCatchList" "tryCatch" "try" "evalFunc" "<Anonymous>" "Sweave" 
"as.list.data.frame" "as.list" "vapply" "model.matrix.default" "model.matrix" "lm" "summary" "eval" "eval" "withVisible" "doTryCatch" "tryCatchOne" "tryCatchList" "tryCatch" "try" "evalFunc" "<Anonymous>" "Sweave" 
"lm.fit" "lm" "summary" "eval" "eval" "withVisible" "doTryCatch" "tryCatchOne" "tryCatchList" "tryCatch" "try" "evalFunc" "<Anonymous>" "Sweave" 
"lm" "summary" "eval" "eval" "withVisible" "doTryCatch" "tryCatchOne" "tryCatchList" "tryCatch" "try" "evalFunc" "<Anonymous>" "Sweave" 
"[.data.frame" "[" "na.omit.data.frame" "na.omit" "model.frame.default" "model.frame" "eval" "eval" "lm" "summary" "eval" "eval" "withVisible" "doTryCatch" "tryCatchOne" "tryCatchList" "tryCatch" "try" "evalFunc" "<Anonymous>" "Sweave" 
"as.character" "model.response" "lm" "summary" "eval" "eval" "withVisible" "doTryCatch" "tryCatchOne" "tryCatchList" "tryCatch" "try" "evalFunc" "<Anonymous>" "Sweave" 
"model.matrix.default" "model.matrix" "lm" "summary" "eval" "eval" "withVisible" "doTryCatch" "tryCatchOne" "tryCatchList" "tryCatch" "try" "evalFunc" "<Anonymous>" "Sweave" 
"lm.fit" "lm" "summary" "eval" "eval" "withVisible" "doTryCatch" "tryCatchOne" "tryCatchList" "tryCatch" "try" "evalFunc" "<Anonymous>" "Sweave" 
"lm" "summary" "eval" "eval" "withVisible" "doTryCatch" "tryCatchOne" "tryCatchList" "tryCatch" "try" "evalFunc" "<Anonymous>" "Sweave" 
"list" "eval" "eval" "model.frame.default" "model.frame" "eval" "eval" "lm" "summary" "eval" "eval" "withVisible" "doTryCatch" "tryCatchOne" "tryCatchList" "tryCatch" "try" "evalFunc" "<Anonymous>" "Sweave" 
"list" "eval" "eval" "model.frame.default" "model.frame" "eval" "eval" "lm" "summary" "eval" "eval" "withVisible" "doTryCatch" "tryCatchOne" "tryCatchList" "tryCatch" "try" "evalFunc" "<Anonymous>" "Sweave" 
"list" "eval" "eval" "model.frame.default" "model.frame" "eval" "eval" "lm" "summary" "eval" "eval" "withVisible" "doTryCatch" "tryCatchOne" "tryCatchList" "tryCatch" "try" "evalFunc" "<Anonymous>" "Sweave" 
"list" "eval" "eval" "model.frame.default" "model.frame" "eval" "eval" "lm" "summary" "eval" "eval" "withVisible" "doTryCatch" "tryCatchOne" "tryCatchList" "tryCatch" "try" "evalFunc" "<Anonymous>" "Sweave" 
"FUN" "vapply" "model.frame.default" "model.frame" "eval" "eval" "lm" "summary" "eval" "eval" "withVisible" "doTryCatch" "tryCatchOne" "tryCatchList" "tryCatch" "try" "evalFunc" "<Anonymous>" "Sweave" 
"as.character" "model.response" "lm" "summary" "eval" "eval" "withVisible" "doTryCatch" "tryCatchOne" "tryCatchList" "tryCatch" "try" "evalFunc" "<Anonymous>" "Sweave" 
"model.matrix.default" "model.matrix" "lm" "summary" "eval" "eval" "withVisible" "doTryCatch" "tryCatchOne" "tryCatchList" "tryCatch" "try" "evalFunc" "<Anonymous>" "Sweave" 
"lm.fit" "lm" "summary" "eval" "eval" "withVisible" "doTryCatch" "tryCatchOne" "tryCatchList" "tryCatch" "try" "evalFunc" "<Anonymous>" "Sweave" 
"summary.lm" "summary" "eval" "eval" "withVisible" "doTryCatch" "tryCatchOne" "tryCatchList" "tryCatch" "try" "evalFunc" "<Anonymous>" "Sweave" 
"as.character" "model.response" "lm" "summary" "eval" "eval" "withVisible" "doTryCatch" "tryCatchOne" "tryCatchList" "tryCatch" "try" "evalFunc" "<Anonymous>" "Sweave" 
"model.matrix.default" "model.matrix" "lm" "summary" "eval" "eval" "withVisible" "doTryCatch" "tryCatchOne" "tryCatchList" "tryCatch" "try" "evalFunc" "<Anonymous>" "Sweave" 
"lm.fit" "lm" "summary" "eval" "eval" "withVisible" "doTryCatch" "tryCatchOne" "tryCatchList" "tryCatch" "try" "evalFunc" "<Anonymous>" "Sweave" 
"na.omit.data.frame" "na.omit" "model.frame.default" "model.frame" "eval" "eval" "lm" "summary" "eval" "eval" "withVisible" "doTryCatch" "tryCatchOne" "tryCatchList" "tryCatch" "try" "evalFunc" "<Anonymous>" "Sweave" 
"c" "match" "%in%" "FUN" "lapply" "sapply" "match" "model.matrix.default" "model.matrix" "lm" "summary" "eval" "eval" "withVisible" "doTryCatch" "tryCatchOne" "tryCatchList" "tryCatch" "try" "evalFunc" "<Anonymous>" "Sweave" 
"as.list.data.frame" "as.list" "vapply" "model.matrix.default" "model.matrix" "lm" "summary" "eval" "eval" "withVisible" "doTryCatch" "tryCatchOne" "tryCatchList" "tryCatch" "try" "evalFunc" "<Anonymous>" "Sweave" 
"[.data.frame" "[" "na.omit.data.frame" "na.omit" "model.frame.default" "model.frame" "eval" "eval" "lm" "summary" "eval" "eval" "withVisible" "doTryCatch" "tryCatchOne" "tryCatchList" "tryCatch" "try" "evalFunc" "<Anonymous>" "Sweave" 
"as.character" "model.response" "lm" "summary" "eval" "eval" "withVisible" "doTryCatch" "tryCatchOne" "tryCatchList" "tryCatch" "try" "evalFunc" "<Anonymous>" "Sweave" 
"lm.fit" "lm" "summary" "eval" "eval" "withVisible" "doTryCatch" "tryCatchOne" "tryCatchList" "tryCatch" "try" "evalFunc" "<Anonymous>" "Sweave" 
"summary.lm" "summary" "eval" "eval" "withVisible" "doTryCatch" "tryCatchOne" "tryCatchList" "tryCatch" "try" "evalFunc" "<Anonymous>" "Sweave" 
"summary.lm" "summary" "eval" "eval" "withVisible" "doTryCatch" "tryCatchOne" "tryCatchList" "tryCatch" "try" "evalFunc" "<Anonymous>" "Sweave" 
"summary.lm" "summary" "eval" "eval" "withVisible" "doTryCatch" "tryCatchOne" "tryCatchList" "tryCatch" "try" "evalFunc" "<Anonymous>" "Sweave" 
"lm.fit" "lm" "summary" "eval" "eval" "withVisible" "doTryCatch" "tryCatchOne" "tryCatchList" "tryCatch" "try" "evalFunc" "<Anonymous>" "Sweave" 
"structure" "lm.fit" "lm" "summary" "eval" "eval" "withVisible" "doTryCatch" "tryCatchOne" "tryCatchList" "tryCatch" "try" "evalFunc" "<Anonymous>" "Sweave" 
"structure" "[.data.frame" "[" "lapply" ".getXlevels" "lm" "summary" "eval" "eval" "withVisible" "doTryCatch" "tryCatchOne" "tryCatchList" "tryCatch" "try" "evalFunc" "<Anonymous>" "Sweave" 
"list" "eval" "eval" "model.frame.default" "model.frame" "eval" "eval" "lm" "summary" "eval" "eval" "withVisible" "doTryCatch" "tryCatchOne" "tryCatchList" "tryCatch" "try" "evalFunc" "<Anonymous>" "Sweave" 
"list" "eval" "eval" "model.frame.default" "model.frame" "eval" "eval" "lm" "summary" "eval" "eval" "withVisible" "doTryCatch" "tryCatchOne" "tryCatchList" "tryCatch" "try" "evalFunc" "<Anonymous>" "Sweave" 
"rep.int" "lm.fit" "lm" "summary" "eval" "eval" "withVisible" "doTryCatch" "tryCatchOne" "tryCatchList" "tryCatch" "try" "evalFunc" "<Anonymous>" "Sweave" 
"summary.lm" "summary" "eval" "eval" "withVisible" "doTryCatch" "tryCatchOne" "tryCatchList" "tryCatch" "try" "evalFunc" "<Anonymous>" "Sweave" 
"model.matrix.default" "model.matrix" "lm" "summary" "eval" "eval" "withVisible" "doTryCatch" "tryCatchOne" "tryCatchList" "tryCatch" "try" "evalFunc" "<Anonymous>" "Sweave" 
"lm.fit" "lm" "summary" "eval" "eval" "withVisible" "doTryCatch" "tryCatchOne" "tryCatchList" "tryCatch" "try" "evalFunc" "<Anonymous>" "Sweave" 
"na.omit.data.frame" "na.omit" "model.frame.default" "model.frame" "eval" "eval" "lm" "summary" "eval" "eval" "withVisible" "doTryCatch" "tryCatchOne" "tryCatchList" "tryCatch" "try" "evalFunc" "<Anonymous>" "Sweave" 
"as.list.data.frame" "as.list" "vapply" "model.matrix.default" "model.matrix" "lm" "summary" "eval" "eval" "withVisible" "doTryCatch" "tryCatchOne" "tryCatchList" "tryCatch" "try" "evalFunc" "<Anonymous>" "Sweave" 
"[.data.frame" "[" "na.omit.data.frame" "na.omit" "model.frame.default" "model.frame" "eval" "eval" "lm" "summary" "eval" "eval" "withVisible" "doTryCatch" "tryCatchOne" "tryCatchList" "tryCatch" "try" "evalFunc" "<Anonymous>" "Sweave" 
"as.character" "model.response" "lm" "summary" "eval" "eval" "withVisible" "doTryCatch" "tryCatchOne" "tryCatchList" "tryCatch" "try" "evalFunc" "<Anonymous>" "Sweave" 
"lm.fit" "lm" "summary" "eval" "eval" "withVisible" "doTryCatch" "tryCatchOne" "tryCatchList" "tryCatch" "try" "evalFunc" "<Anonymous>" "Sweave" 
"summary.lm" "summary" "eval" "eval" "withVisible" "doTryCatch" "tryCatchOne" "tryCatchList" "tryCatch" "try" "evalFunc" "<Anonymous>" "Sweave" 
"[.data.frame" "[" "na.omit.data.frame" "na.omit" "model.frame.default" "model.frame" "eval" "eval" "lm" "summary" "eval" "eval" "withVisible" "doTryCatch" "tryCatchOne" "tryCatchList" "tryCatch" "try" "evalFunc" "<Anonymous>" "Sweave" 
"structure" "lm.fit" "lm" "summary" "eval" "eval" "withVisible" "doTryCatch" "tryCatchOne" "tryCatchList" "tryCatch" "try" "evalFunc" "<Anonymous>" "Sweave" 
"structure" "[.data.frame" "[" "lapply" ".getXlevels" "lm" "summary" "eval" "eval" "withVisible" "doTryCatch" "tryCatchOne" "tryCatchList" "tryCatch" "try" "evalFunc" "<Anonymous>" "Sweave" 
"list" "eval" "eval" "model.frame.default" "model.frame" "eval" "eval" "lm" "summary" "eval" "eval" "withVisible" "doTryCatch" "tryCatchOne" "tryCatchList" "tryCatch" "try" "evalFunc" "<Anonymous>" "Sweave" 
"structure" "lm.fit" "lm" "summary" "eval" "eval" "withVisible" "doTryCatch" "tryCatchOne" "tryCatchList" "tryCatch" "try" "evalFunc" "<Anonymous>" "Sweave" 
"lm" "summary" "eval" "eval" "withVisible" "doTryCatch" "tryCatchOne" "tryCatchList" "tryCatch" "try" "evalFunc" "<Anonymous>" "Sweave" 
"$" "summary.lm" "summary" "eval" "eval" "withVisible" "doTryCatch" "tryCatchOne" "tryCatchList" "tryCatch" "try" "evalFunc" "<Anonymous>" "Sweave" 
"$" "summary.lm" "summary" "eval" "eval" "withVisible" "doTryCatch" "tryCatchOne" "tryCatchList" "tryCatch" "try" "evalFunc" "<Anonymous>" "Sweave" 
"[.data.frame" "[" "na.omit.data.frame" "na.omit" "model.frame.default" "model.frame" "eval" "eval" "lm" "summary" "eval" "eval" "withVisible" "doTryCatch" "tryCatchOne" "tryCatchList" "tryCatch" "try" "evalFunc" "<Anonymous>" "Sweave" 
"[.data.frame" "[" "na.omit.data.frame" "na.omit" "model.frame.default" "model.frame" "eval" "eval" "lm" "summary" "eval" "eval" "withVisible" "doTryCatch" "tryCatchOne" "tryCatchList" "tryCatch" "try" "evalFunc" "<Anonymous>" "Sweave" 
"[.data.frame" "[" "na.omit.data.frame" "na.omit" "model.frame.default" "model.frame" "eval" "eval" "lm" "summary" "eval" "eval" "withVisible" "doTryCatch" "tryCatchOne" "tryCatchList" "tryCatch" "try" "evalFunc" "<Anonymous>" "Sweave" 
"as.character" "model.response" "lm" "summary" "eval" "eval" "withVisible" "doTryCatch" "tryCatchOne" "tryCatchList" "tryCatch" "try" "evalFunc" "<Anonymous>" "Sweave" 
"summary.lm" "summary" "eval" "eval" "withVisible" "doTryCatch" "tryCatchOne" "tryCatchList" "tryCatch" "try" "evalFunc" "<Anonymous>" "Sweave" 
"as.character" "model.response" "lm" "summary" "eval" "eval" "withVisible" "doTryCatch" "tryCatchOne" "tryCatchList" "tryCatch" "try" "evalFunc" "<Anonymous>" "Sweave" 
"structure" "lm.fit" "lm" "summary" "eval" "eval" "withVisible" "doTryCatch" "tryCatchOne" "tryCatchList" "tryCatch" "try" "evalFunc" "<Anonymous>" "Sweave" 
"model.frame.default" "model.frame" "eval" "eval" "lm" "summary" "eval" "eval" "withVisible" "doTryCatch" "tryCatchOne" "tryCatchList" "tryCatch" "try" "evalFunc" "<Anonymous>" "Sweave" 
"lm.fit" "lm" "summary" "eval" "eval" "withVisible" "doTryCatch" "tryCatchOne" "tryCatchList" "tryCatch" "try" "evalFunc" "<Anonymous>" "Sweave" 
"lm" "summary" "eval" "eval" "withVisible" "doTryCatch" "tryCatchOne" "tryCatchList" "tryCatch" "try" "evalFunc" "<Anonymous>" "Sweave" 
"lm" "summary" "eval" "eval" "withVisible" "doTryCatch" "tryCatchOne" "tryCatchList" "tryCatch" "try" "evalFunc" "<Anonymous>" "Sweave" 
"lm" "summary" "eval" "eval" "withVisible" "doTryCatch" "tryCatchOne" "tryCatchList" "tryCatch" "try" "evalFunc" "<Anonymous>" "Sweave" 
"na.omit.data.frame" "na.omit" "model.frame.default" "model.frame" "eval" "eval" "lm" "summary" "eval" "eval" "withVisible" "doTryCatch" "tryCatchOne" "tryCatchList" "tryCatch" "try" "evalFunc" "<Anonymous>" "Sweave" 
"lm.fit" "lm" "summary" "eval" "eval" "withVisible" "doTryCatch" "tryCatchOne" "tryCatchList" "tryCatch" "try" "evalFunc" "<Anonymous>" "Sweave" 
"lm.fit" "lm" "summary" "eval" "eval" "withVisible" "doTryCatch" "tryCatchOne" "tryCatchList" "tryCatch" "try" "evalFunc" "<Anonymous>" "Sweave" 
"summary.lm" "summary" "eval" "eval" "withVisible" "doTryCatch" "tryCatchOne" "tryCatchList" "tryCatch" "try" "evalFunc" "<Anonymous>" "Sweave" 
"model.frame.default" "model.frame" "eval" "eval" "lm" "summary" "eval" "eval" "withVisible" "doTryCatch" "tryCatchOne" "tryCatchList" "tryCatch" "try" "evalFunc" "<Anonymous>" "Sweave" 
"lm" "summary" "eval" "eval" "withVisible" "doTryCatch" "tryCatchOne" "tryCatchList" "tryCatch" "try" "evalFunc" "<Anonymous>" "Sweave" 
"as.list.data.frame" "as.list" "vapply" "model.matrix.default" "model.matrix" "lm" "summary" "eval" "eval" "withVisible" "doTryCatch" "tryCatchOne" "tryCatchList" "tryCatch" "try" "evalFunc" "<Anonymous>" "Sweave" 
"lm.fit" "lm" "summary" "eval" "eval" "withVisible" "doTryCatch" "tryCatchOne" "tryCatchList" "tryCatch" "try" "evalFunc" "<Anonymous>" "Sweave" 
"lm" "summary" "eval" "eval" "withVisible" "doTryCatch" "tryCatchOne" "tryCatchList" "tryCatch" "try" "evalFunc" "<Anonymous>" "Sweave" 
"[.data.frame" "[" "na.omit.data.frame" "na.omit" "model.frame.default" "model.frame" "eval" "eval" "lm" "summary" "eval" "eval" "withVisible" "doTryCatch" "tryCatchOne" "tryCatchList" "tryCatch" "try" "evalFunc" "<Anonymous>" "Sweave" 
"model.matrix.default" "model.matrix" "lm" "summary" "eval" "eval" "withVisible" "doTryCatch" "tryCatchOne" "tryCatchList" "tryCatch" "try" "evalFunc" "<Anonymous>" "Sweave" 
"lm.fit" "lm" "summary" "eval" "eval" "withVisible" "doTryCatch" "tryCatchOne" "tryCatchList" "tryCatch" "try" "evalFunc" "<Anonymous>" "Sweave" 
"lm.fit" "lm" "summary" "eval" "eval" "withVisible" "doTryCatch" "tryCatchOne" "tryCatchList" "tryCatch" "try" "evalFunc" "<Anonymous>" "Sweave" 
"lm.fit" "lm" "summary" "eval" "eval" "withVisible" "doTryCatch" "tryCatchOne" "tryCatchList" "tryCatch" "try" "evalFunc" "<Anonymous>" "Sweave" 
"lm.fit" "lm" "summary" "eval" "eval" "withVisible" "doTryCatch" "tryCatchOne" "tryCatchList" "tryCatch" "try" "evalFunc" "<Anonymous>" "Sweave" 
"model.frame.default" "model.frame" "eval" "eval" "lm" "summary" "eval" "eval" "withVisible" "doTryCatch" "tryCatchOne" "tryCatchList" "tryCatch" "try" "evalFunc" "<Anonymous>" "Sweave" 
"model.matrix.default" "model.matrix" "lm" "summary" "eval" "eval" "withVisible" "doTryCatch" "tryCatchOne" "tryCatchList" "tryCatch" "try" "evalFunc" "<Anonymous>" "Sweave" 
"lm" "summary" "eval" "eval" "withVisible" "doTryCatch" "tryCatchOne" "tryCatchList" "tryCatch" "try" "evalFunc" "<Anonymous>" "Sweave" 
"as.character" "model.response" "lm" "summary" "eval" "eval" "withVisible" "doTryCatch" "tryCatchOne" "tryCatchList" "tryCatch" "try" "evalFunc" "<Anonymous>" "Sweave" 
"model.matrix.default" "model.matrix" "lm" "summary" "eval" "eval" "withVisible" "doTryCatch" "tryCatchOne" "tryCatchList" "tryCatch" "try" "evalFunc" "<Anonymous>" "Sweave" 
"model.matrix.default" "model.matrix" "lm" "summary" "eval" "eval" "withVisible" "doTryCatch" "tryCatchOne" "tryCatchList" "tryCatch" "try" "evalFunc" "<Anonymous>" "Sweave" 
"model.matrix.default" "model.matrix" "lm" "summary" "eval" "eval" "withVisible" "doTryCatch" "tryCatchOne" "tryCatchList" "tryCatch" "try" "evalFunc" "<Anonymous>" "Sweave" 
"model.matrix.default" "model.matrix" "lm" "summary" "eval" "eval" "withVisible" "doTryCatch" "tryCatchOne" "tryCatchList" "tryCatch" "try" "evalFunc" "<Anonymous>" "Sweave" 
"model.matrix.default" "model.matrix" "lm" "summary" "eval" "eval" "withVisible" "doTryCatch" "tryCatchOne" "tryCatchList" "tryCatch" "try" "evalFunc" "<Anonymous>" "Sweave" 
"as.list.data.frame" "as.list" "vapply" "model.matrix.default" "model.matrix" "lm" "summary" "eval" "eval" "withVisible" "doTryCatch" "tryCatchOne" "tryCatchList" "tryCatch" "try" "evalFunc" "<Anonymous>" "Sweave" 
"model.matrix.default" "model.matrix" "lm" "summary" "eval" "eval" "withVisible" "doTryCatch" "tryCatchOne" "tryCatchList" "tryCatch" "try" "evalFunc" "<Anonymous>" "Sweave" 
"summary.lm" "summary" "eval" "eval" "withVisible" "doTryCatch" "tryCatchOne" "tryCatchList" "tryCatch" "try" "evalFunc" "<Anonymous>" "Sweave" 
"[[.data.frame" "[[" "na.omit.data.frame" "na.omit" "model.frame.default" "model.frame" "eval" "eval" "lm" "summary" "eval" "eval" "withVisible" "doTryCatch" "tryCatchOne" "tryCatchList" "tryCatch" "try" "evalFunc" "<Anonymous>" "Sweave" 
"[.data.frame" "[" "na.omit.data.frame" "na.omit" "model.frame.default" "model.frame" "eval" "eval" "lm" "summary" "eval" "eval" "withVisible" "doTryCatch" "tryCatchOne" "tryCatchList" "tryCatch" "try" "evalFunc" "<Anonymous>" "Sweave" 
"anyDuplicated.default" "anyDuplicated" "[.data.frame" "[" "na.omit.data.frame" "na.omit" "model.frame.default" "model.frame" "eval" "eval" "lm" "summary" "eval" "eval" "withVisible" "doTryCatch" "tryCatchOne" "tryCatchList" "tryCatch" "try" "evalFunc" "<Anonymous>" "Sweave" 
"as.character" "model.response" "lm" "summary" "eval" "eval" "withVisible" "doTryCatch" "tryCatchOne" "tryCatchList" "tryCatch" "try" "evalFunc" "<Anonymous>" "Sweave" 
"model.matrix.default" "model.matrix" "lm" "summary" "eval" "eval" "withVisible" "doTryCatch" "tryCatchOne" "tryCatchList" "tryCatch" "try" "evalFunc" "<Anonymous>" "Sweave" 
"lm.fit" "lm" "summary" "eval" "eval" "withVisible" "doTryCatch" "tryCatchOne" "tryCatchList" "tryCatch" "try" "evalFunc" "<Anonymous>" "Sweave" 
"lm.fit" "lm" "summary" "eval" "eval" "withVisible" "doTryCatch" "tryCatchOne" "tryCatchList" "tryCatch" "try" "evalFunc" "<Anonymous>" "Sweave" 
"lm" "summary" "eval" "eval" "withVisible" "doTryCatch" "tryCatchOne" "tryCatchList" "tryCatch" "try" "evalFunc" "<Anonymous>" "Sweave" 
"[.data.frame" "[" "na.omit.data.frame" "na.omit" "model.frame.default" "model.frame" "eval" "eval" "lm" "summary" "eval" "eval" "withVisible" "doTryCatch" "tryCatchOne" "tryCatchList" "tryCatch" "try" "evalFunc" "<Anonymous>" "Sweave" 
"[.data.frame" "[" "na.omit.data.frame" "na.omit" "model.frame.default" "model.frame" "eval" "eval" "lm" "summary" "eval" "eval" "withVisible" "doTryCatch" "tryCatchOne" "tryCatchList" "tryCatch" "try" "evalFunc" "<Anonymous>" "Sweave" 
"[.data.frame" "[" "na.omit.data.frame" "na.omit" "model.frame.default" "model.frame" "eval" "eval" "lm" "summary" "eval" "eval" "withVisible" "doTryCatch" "tryCatchOne" "tryCatchList" "tryCatch" "try" "evalFunc" "<Anonymous>" "Sweave" 
"[.data.frame" "[" "na.omit.data.frame" "na.omit" "model.frame.default" "model.frame" "eval" "eval" "lm" "summary" "eval" "eval" "withVisible" "doTryCatch" "tryCatchOne" "tryCatchList" "tryCatch" "try" "evalFunc" "<Anonymous>" "Sweave" 
"[.data.frame" "[" "na.omit.data.frame" "na.omit" "model.frame.default" "model.frame" "eval" "eval" "lm" "summary" "eval" "eval" "withVisible" "doTryCatch" "tryCatchOne" "tryCatchList" "tryCatch" "try" "evalFunc" "<Anonymous>" "Sweave" 
"as.character" "model.response" "lm" "summary" "eval" "eval" "withVisible" "doTryCatch" "tryCatchOne" "tryCatchList" "tryCatch" "try" "evalFunc" "<Anonymous>" "Sweave" 
"model.matrix.default" "model.matrix" "lm" "summary" "eval" "eval" "withVisible" "doTryCatch" "tryCatchOne" "tryCatchList" "tryCatch" "try" "evalFunc" "<Anonymous>" "Sweave" 
"summary.lm" "summary" "eval" "eval" "withVisible" "doTryCatch" "tryCatchOne" "tryCatchList" "tryCatch" "try" "evalFunc" "<Anonymous>" "Sweave" 
"[.data.frame" "[" "na.omit.data.frame" "na.omit" "model.frame.default" "model.frame" "eval" "eval" "lm" "summary" "eval" "eval" "withVisible" "doTryCatch" "tryCatchOne" "tryCatchList" "tryCatch" "try" "evalFunc" "<Anonymous>" "Sweave" 
"as.character" "model.response" "lm" "summary" "eval" "eval" "withVisible" "doTryCatch" "tryCatchOne" "tryCatchList" "tryCatch" "try" "evalFunc" "<Anonymous>" "Sweave" 
"lm.fit" "lm" "summary" "eval" "eval" "withVisible" "doTryCatch" "tryCatchOne" "tryCatchList" "tryCatch" "try" "evalFunc" "<Anonymous>" "Sweave" 
"structure" "lm.fit" "lm" "summary" "eval" "eval" "withVisible" "doTryCatch" "tryCatchOne" "tryCatchList" "tryCatch" "try" "evalFunc" "<Anonymous>" "Sweave" 
"as.list.data.frame" "as.list" "lapply" ".getXlevels" "lm" "summary" "eval" "eval" "withVisible" "doTryCatch" "tryCatchOne" "tryCatchList" "tryCatch" "try" "evalFunc" "<Anonymous>" "Sweave" 
"na.omit" "model.frame.default" "model.frame" "eval" "eval" "lm" "summary" "eval" "eval" "withVisible" "doTryCatch" "tryCatchOne" "tryCatchList" "tryCatch" "try" "evalFunc" "<Anonymous>" "Sweave" 
"na.omit" "model.frame.default" "model.frame" "eval" "eval" "lm" "summary" "eval" "eval" "withVisible" "doTryCatch" "tryCatchOne" "tryCatchList" "tryCatch" "try" "evalFunc" "<Anonymous>" "Sweave" 
"na.omit" "model.frame.default" "model.frame" "eval" "eval" "lm" "summary" "eval" "eval" "withVisible" "doTryCatch" "tryCatchOne" "tryCatchList" "tryCatch" "try" "evalFunc" "<Anonymous>" "Sweave" 
"na.omit" "model.frame.default" "model.frame" "eval" "eval" "lm" "summary" "eval" "eval" "withVisible" "doTryCatch" "tryCatchOne" "tryCatchList" "tryCatch" "try" "evalFunc" "<Anonymous>" "Sweave" 
"anyDuplicated.default" "anyDuplicated" "[.data.frame" "[" "na.omit.data.frame" "na.omit" "model.frame.default" "model.frame" "eval" "eval" "lm" "summary" "eval" "eval" "withVisible" "doTryCatch" "tryCatchOne" "tryCatchList" "tryCatch" "try" "evalFunc" "<Anonymous>" "Sweave" 
"model.matrix.default" "model.matrix" "lm" "summary" "eval" "eval" "withVisible" "doTryCatch" "tryCatchOne" "tryCatchList" "tryCatch" "try" "evalFunc" "<Anonymous>" "Sweave" 
"model.matrix.default" "model.matrix" "lm" "summary" "eval" "eval" "withVisible" "doTryCatch" "tryCatchOne" "tryCatchList" "tryCatch" "try" "evalFunc" "<Anonymous>" "Sweave" 
"lm.fit" "lm" "summary" "eval" "eval" "withVisible" "doTryCatch" "tryCatchOne" "tryCatchList" "tryCatch" "try" "evalFunc" "<Anonymous>" "Sweave" 
"lm" "summary" "eval" "eval" "withVisible" "doTryCatch" "tryCatchOne" "tryCatchList" "tryCatch" "try" "evalFunc" "<Anonymous>" "Sweave" 
"summary.lm" "summary" "eval" "eval" "withVisible" "doTryCatch" "tryCatchOne" "tryCatchList" "tryCatch" "try" "evalFunc" "<Anonymous>" "Sweave" 
"summary.lm" "summary" "eval" "eval" "withVisible" "doTryCatch" "tryCatchOne" "tryCatchList" "tryCatch" "try" "evalFunc" "<Anonymous>" "Sweave" 
"na.omit.data.frame" "na.omit" "model.frame.default" "model.frame" "eval" "eval" "lm" "summary" "eval" "eval" "withVisible" "doTryCatch" "tryCatchOne" "tryCatchList" "tryCatch" "try" "evalFunc" "<Anonymous>" "Sweave" 
"anyDuplicated.default" "anyDuplicated" "[.data.frame" "[" "na.omit.data.frame" "na.omit" "model.frame.default" "model.frame" "eval" "eval" "lm" "summary" "eval" "eval" "withVisible" "doTryCatch" "tryCatchOne" "tryCatchList" "tryCatch" "try" "evalFunc" "<Anonymous>" "Sweave" 
"as.character" "model.response" "lm" "summary" "eval" "eval" "withVisible" "doTryCatch" "tryCatchOne" "tryCatchList" "tryCatch" "try" "evalFunc" "<Anonymous>" "Sweave" 
"as.character" "model.response" "lm" "summary" "eval" "eval" "withVisible" "doTryCatch" "tryCatchOne" "tryCatchList" "tryCatch" "try" "evalFunc" "<Anonymous>" "Sweave" 
"names" "model.matrix.default" "model.matrix" "lm" "summary" "eval" "eval" "withVisible" "doTryCatch" "tryCatchOne" "tryCatchList" "tryCatch" "try" "evalFunc" "<Anonymous>" "Sweave" 
"model.matrix.default" "model.matrix" "lm" "summary" "eval" "eval" "withVisible" "doTryCatch" "tryCatchOne" "tryCatchList" "tryCatch" "try" "evalFunc" "<Anonymous>" "Sweave" 
"model.matrix.default" "model.matrix" "lm" "summary" "eval" "eval" "withVisible" "doTryCatch" "tryCatchOne" "tryCatchList" "tryCatch" "try" "evalFunc" "<Anonymous>" "Sweave" 
"lm.fit" "lm" "summary" "eval" "eval" "withVisible" "doTryCatch" "tryCatchOne" "tryCatchList" "tryCatch" "try" "evalFunc" "<Anonymous>" "Sweave" 
"structure" "lm.fit" "lm" "summary" "eval" "eval" "withVisible" "doTryCatch" "tryCatchOne" "tryCatchList" "tryCatch" "try" "evalFunc" "<Anonymous>" "Sweave" 
"structure" "lm.fit" "lm" "summary" "eval" "eval" "withVisible" "doTryCatch" "tryCatchOne" "tryCatchList" "tryCatch" "try" "evalFunc" "<Anonymous>" "Sweave" 
"mean.default" "mean" "summary.lm" "summary" "eval" "eval" "withVisible" "doTryCatch" "tryCatchOne" "tryCatchList" "tryCatch" "try" "evalFunc" "<Anonymous>" "Sweave" 
"list" "eval" "eval" "model.frame.default" "model.frame" "eval" "eval" "lm" "summary" "eval" "eval" "withVisible" "doTryCatch" "tryCatchOne" "tryCatchList" "tryCatch" "try" "evalFunc" "<Anonymous>" "Sweave" 
"list" "eval" "eval" "model.frame.default" "model.frame" "eval" "eval" "lm" "summary" "eval" "eval" "withVisible" "doTryCatch" "tryCatchOne" "tryCatchList" "tryCatch" "try" "evalFunc" "<Anonymous>" "Sweave" 
"na.omit.data.frame" "na.omit" "model.frame.default" "model.frame" "eval" "eval" "lm" "summary" "eval" "eval" "withVisible" "doTryCatch" "tryCatchOne" "tryCatchList" "tryCatch" "try" "evalFunc" "<Anonymous>" "Sweave" 
"anyDuplicated" "[.data.frame" "[" "na.omit.data.frame" "na.omit" "model.frame.default" "model.frame" "eval" "eval" "lm" "summary" "eval" "eval" "withVisible" "doTryCatch" "tryCatchOne" "tryCatchList" "tryCatch" "try" "evalFunc" "<Anonymous>" "Sweave" 
"as.list.data.frame" "as.list" "vapply" "model.frame.default" "model.frame" "eval" "eval" "lm" "summary" "eval" "eval" "withVisible" "doTryCatch" "tryCatchOne" "tryCatchList" "tryCatch" "try" "evalFunc" "<Anonymous>" "Sweave" 
"as.list.data.frame" "as.list" "vapply" "model.frame.default" "model.frame" "eval" "eval" "lm" "summary" "eval" "eval" "withVisible" "doTryCatch" "tryCatchOne" "tryCatchList" "tryCatch" "try" "evalFunc" "<Anonymous>" "Sweave" 
"as.character" "model.response" "lm" "summary" "eval" "eval" "withVisible" "doTryCatch" "tryCatchOne" "tryCatchList" "tryCatch" "try" "evalFunc" "<Anonymous>" "Sweave" 
"as.character" "model.response" "lm" "summary" "eval" "eval" "withVisible" "doTryCatch" "tryCatchOne" "tryCatchList" "tryCatch" "try" "evalFunc" "<Anonymous>" "Sweave" 
"model.matrix.default" "model.matrix" "lm" "summary" "eval" "eval" "withVisible" "doTryCatch" "tryCatchOne" "tryCatchList" "tryCatch" "try" "evalFunc" "<Anonymous>" "Sweave" 
"model.matrix.default" "model.matrix" "lm" "summary" "eval" "eval" "withVisible" "doTryCatch" "tryCatchOne" "tryCatchList" "tryCatch" "try" "evalFunc" "<Anonymous>" "Sweave" 
"lm.fit" "lm" "summary" "eval" "eval" "withVisible" "doTryCatch" "tryCatchOne" "tryCatchList" "tryCatch" "try" "evalFunc" "<Anonymous>" "Sweave" 
"summary.lm" "summary" "eval" "eval" "withVisible" "doTryCatch" "tryCatchOne" "tryCatchList" "tryCatch" "try" "evalFunc" "<Anonymous>" "Sweave" 
"na.omit.data.frame" "na.omit" "model.frame.default" "model.frame" "eval" "eval" "lm" "summary" "eval" "eval" "withVisible" "doTryCatch" "tryCatchOne" "tryCatchList" "tryCatch" "try" "evalFunc" "<Anonymous>" "Sweave" 
"na.omit.data.frame" "na.omit" "model.frame.default" "model.frame" "eval" "eval" "lm" "summary" "eval" "eval" "withVisible" "doTryCatch" "tryCatchOne" "tryCatchList" "tryCatch" "try" "evalFunc" "<Anonymous>" "Sweave" 
"anyDuplicated.default" "anyDuplicated" "[.data.frame" "[" "na.omit.data.frame" "na.omit" "model.frame.default" "model.frame" "eval" "eval" "lm" "summary" "eval" "eval" "withVisible" "doTryCatch" "tryCatchOne" "tryCatchList" "tryCatch" "try" "evalFunc" "<Anonymous>" "Sweave" 
"as.character" "model.response" "lm" "summary" "eval" "eval" "withVisible" "doTryCatch" "tryCatchOne" "tryCatchList" "tryCatch" "try" "evalFunc" "<Anonymous>" "Sweave" 
"as.character" "model.response" "lm" "summary" "eval" "eval" "withVisible" "doTryCatch" "tryCatchOne" "tryCatchList" "tryCatch" "try" "evalFunc" "<Anonymous>" "Sweave" 
"model.matrix.default" "model.matrix" "lm" "summary" "eval" "eval" "withVisible" "doTryCatch" "tryCatchOne" "tryCatchList" "tryCatch" "try" "evalFunc" "<Anonymous>" "Sweave" 
"model.matrix.default" "model.matrix" "lm" "summary" "eval" "eval" "withVisible" "doTryCatch" "tryCatchOne" "tryCatchList" "tryCatch" "try" "evalFunc" "<Anonymous>" "Sweave" 
"lm.fit" "lm" "summary" "eval" "eval" "withVisible" "doTryCatch" "tryCatchOne" "tryCatchList" "tryCatch" "try" "evalFunc" "<Anonymous>" "Sweave" 
"lm.fit" "lm" "summary" "eval" "eval" "withVisible" "doTryCatch" "tryCatchOne" "tryCatchList" "tryCatch" "try" "evalFunc" "<Anonymous>" "Sweave" 
"lm" "summary" "eval" "eval" "withVisible" "doTryCatch" "tryCatchOne" "tryCatchList" "tryCatch" "try" "evalFunc" "<Anonymous>" "Sweave" 
"list" "eval" "eval" "model.frame.default" "model.frame" "eval" "eval" "lm" "summary" "eval" "eval" "withVisible" "doTryCatch" "tryCatchOne" "tryCatchList" "tryCatch" "try" "evalFunc" "<Anonymous>" "Sweave" 
"na.omit" "model.frame.default" "model.frame" "eval" "eval" "lm" "summary" "eval" "eval" "withVisible" "doTryCatch" "tryCatchOne" "tryCatchList" "tryCatch" "try" "evalFunc" "<Anonymous>" "Sweave" 
"[.data.frame" "[" "na.omit.data.frame" "na.omit" "model.frame.default" "model.frame" "eval" "eval" "lm" "summary" "eval" "eval" "withVisible" "doTryCatch" "tryCatchOne" "tryCatchList" "tryCatch" "try" "evalFunc" "<Anonymous>" "Sweave" 
"anyDuplicated.default" "anyDuplicated" "[.data.frame" "[" "na.omit.data.frame" "na.omit" "model.frame.default" "model.frame" "eval" "eval" "lm" "summary" "eval" "eval" "withVisible" "doTryCatch" "tryCatchOne" "tryCatchList" "tryCatch" "try" "evalFunc" "<Anonymous>" "Sweave" 
"model.frame.default" "model.frame" "eval" "eval" "lm" "summary" "eval" "eval" "withVisible" "doTryCatch" "tryCatchOne" "tryCatchList" "tryCatch" "try" "evalFunc" "<Anonymous>" "Sweave" 
"as.character" "model.response" "lm" "summary" "eval" "eval" "withVisible" "doTryCatch" "tryCatchOne" "tryCatchList" "tryCatch" "try" "evalFunc" "<Anonymous>" "Sweave" 
"as.character" "model.response" "lm" "summary" "eval" "eval" "withVisible" "doTryCatch" "tryCatchOne" "tryCatchList" "tryCatch" "try" "evalFunc" "<Anonymous>" "Sweave" 
"model.matrix.default" "model.matrix" "lm" "summary" "eval" "eval" "withVisible" "doTryCatch" "tryCatchOne" "tryCatchList" "tryCatch" "try" "evalFunc" "<Anonymous>" "Sweave" 
"model.matrix.default" "model.matrix" "lm" "summary" "eval" "eval" "withVisible" "doTryCatch" "tryCatchOne" "tryCatchList" "tryCatch" "try" "evalFunc" "<Anonymous>" "Sweave" 
"lm.fit" "lm" "summary" "eval" "eval" "withVisible" "doTryCatch" "tryCatchOne" "tryCatchList" "tryCatch" "try" "evalFunc" "<Anonymous>" "Sweave" 
"lm.fit" "lm" "summary" "eval" "eval" "withVisible" "doTryCatch" "tryCatchOne" "tryCatchList" "tryCatch" "try" "evalFunc" "<Anonymous>" "Sweave" 
"lm" "summary" "eval" "eval" "withVisible" "doTryCatch" "tryCatchOne" "tryCatchList" "tryCatch" "try" "evalFunc" "<Anonymous>" "Sweave" 
"terms.formula" "terms" "model.frame.default" "model.frame" "eval" "eval" "lm" "summary" "eval" "eval" "withVisible" "doTryCatch" "tryCatchOne" "tryCatchList" "tryCatch" "try" "evalFunc" "<Anonymous>" "Sweave" 
"list" "eval" "eval" "model.frame.default" "model.frame" "eval" "eval" "lm" "summary" "eval" "eval" "withVisible" "doTryCatch" "tryCatchOne" "tryCatchList" "tryCatch" "try" "evalFunc" "<Anonymous>" "Sweave" 
"list" "eval" "eval" "model.frame.default" "model.frame" "eval" "eval" "lm" "summary" "eval" "eval" "withVisible" "doTryCatch" "tryCatchOne" "tryCatchList" "tryCatch" "try" "evalFunc" "<Anonymous>" "Sweave" 
"list" "eval" "eval" "model.frame.default" "model.frame" "eval" "eval" "lm" "summary" "eval" "eval" "withVisible" "doTryCatch" "tryCatchOne" "tryCatchList" "tryCatch" "try" "evalFunc" "<Anonymous>" "Sweave" 
"list" "eval" "eval" "model.frame.default" "model.frame" "eval" "eval" "lm" "summary" "eval" "eval" "withVisible" "doTryCatch" "tryCatchOne" "tryCatchList" "tryCatch" "try" "evalFunc" "<Anonymous>" "Sweave" 
"lm.fit" "lm" "summary" "eval" "eval" "withVisible" "doTryCatch" "tryCatchOne" "tryCatchList" "tryCatch" "try" "evalFunc" "<Anonymous>" "Sweave" 
"summary.lm" "summary" "eval" "eval" "withVisible" "doTryCatch" "tryCatchOne" "tryCatchList" "tryCatch" "try" "evalFunc" "<Anonymous>" "Sweave" 
"model.matrix.default" "model.matrix" "lm" "summary" "eval" "eval" "withVisible" "doTryCatch" "tryCatchOne" "tryCatchList" "tryCatch" "try" "evalFunc" "<Anonymous>" "Sweave" 
"lm.fit" "lm" "summary" "eval" "eval" "withVisible" "doTryCatch" "tryCatchOne" "tryCatchList" "tryCatch" "try" "evalFunc" "<Anonymous>" "Sweave" 
"na.omit.data.frame" "na.omit" "model.frame.default" "model.frame" "eval" "eval" "lm" "summary" "eval" "eval" "withVisible" "doTryCatch" "tryCatchOne" "tryCatchList" "tryCatch" "try" "evalFunc" "<Anonymous>" "Sweave" 
"as.character" "model.response" "lm" "summary" "eval" "eval" "withVisible" "doTryCatch" "tryCatchOne" "tryCatchList" "tryCatch" "try" "evalFunc" "<Anonymous>" "Sweave" 
"as.list.data.frame" "as.list" "vapply" "model.matrix.default" "model.matrix" "lm" "summary" "eval" "eval" "withVisible" "doTryCatch" "tryCatchOne" "tryCatchList" "tryCatch" "try" "evalFunc" "<Anonymous>" "Sweave" 
"[.data.frame" "[" "na.omit.data.frame" "na.omit" "model.frame.default" "model.frame" "eval" "eval" "lm" "summary" "eval" "eval" "withVisible" "doTryCatch" "tryCatchOne" "tryCatchList" "tryCatch" "try" "evalFunc" "<Anonymous>" "Sweave" 
"[.data.frame" "[" "na.omit.data.frame" "na.omit" "model.frame.default" "model.frame" "eval" "eval" "lm" "summary" "eval" "eval" "withVisible" "doTryCatch" "tryCatchOne" "tryCatchList" "tryCatch" "try" "evalFunc" "<Anonymous>" "Sweave" 
"lm.fit" "lm" "summary" "eval" "eval" "withVisible" "doTryCatch" "tryCatchOne" "tryCatchList" "tryCatch" "try" "evalFunc" "<Anonymous>" "Sweave" 
"summary.lm" "summary" "eval" "eval" "withVisible" "doTryCatch" "tryCatchOne" "tryCatchList" "tryCatch" "try" "evalFunc" "<Anonymous>" "Sweave" 
"summary.lm" "summary" "eval" "eval" "withVisible" "doTryCatch" "tryCatchOne" "tryCatchList" "tryCatch" "try" "evalFunc" "<Anonymous>" "Sweave" 
"lm.fit" "lm" "summary" "eval" "eval" "withVisible" "doTryCatch" "tryCatchOne" "tryCatchList" "tryCatch" "try" "evalFunc" "<Anonymous>" "Sweave" 
"lm.fit" "lm" "summary" "eval" "eval" "withVisible" "doTryCatch" "tryCatchOne" "tryCatchList" "tryCatch" "try" "evalFunc" "<Anonymous>" "Sweave" 
"pmatch" ".deparseOpts" "FUN" "lapply" "sapply" "match" "model.matrix.default" "model.matrix" "lm" "summary" "eval" "eval" "withVisible" "doTryCatch" "tryCatchOne" "tryCatchList" "tryCatch" "try" "evalFunc" "<Anonymous>" "Sweave" 
"model.matrix.default" "model.matrix" "lm" "summary" "eval" "eval" "withVisible" "doTryCatch" "tryCatchOne" "tryCatchList" "tryCatch" "try" "evalFunc" "<Anonymous>" "Sweave" 
"na.omit.data.frame" "na.omit" "model.frame.default" "model.frame" "eval" "eval" "lm" "summary" "eval" "eval" "withVisible" "doTryCatch" "tryCatchOne" "tryCatchList" "tryCatch" "try" "evalFunc" "<Anonymous>" "Sweave" 
"[[.data.frame" "[[" "model.response" "lm" "summary" "eval" "eval" "withVisible" "doTryCatch" "tryCatchOne" "tryCatchList" "tryCatch" "try" "evalFunc" "<Anonymous>" "Sweave" 
"structure" "lm.fit" "lm" "summary" "eval" "eval" "withVisible" "doTryCatch" "tryCatchOne" "tryCatchList" "tryCatch" "try" "evalFunc" "<Anonymous>" "Sweave" 
"lm" "summary" "eval" "eval" "withVisible" "doTryCatch" "tryCatchOne" "tryCatchList" "tryCatch" "try" "evalFunc" "<Anonymous>" "Sweave" 
"as.list.data.frame" "as.list" "vapply" "model.matrix.default" "model.matrix" "lm" "summary" "eval" "eval" "withVisible" "doTryCatch" "tryCatchOne" "tryCatchList" "tryCatch" "try" "evalFunc" "<Anonymous>" "Sweave" 
"model.matrix.default" "model.matrix" "lm" "summary" "eval" "eval" "withVisible" "doTryCatch" "tryCatchOne" "tryCatchList" "tryCatch" "try" "evalFunc" "<Anonymous>" "Sweave" 
"structure" "lm.fit" "lm" "summary" "eval" "eval" "withVisible" "doTryCatch" "tryCatchOne" "tryCatchList" "tryCatch" "try" "evalFunc" "<Anonymous>" "Sweave" 
"structure" "lm.fit" "lm" "summary" "eval" "eval" "withVisible" "doTryCatch" "tryCatchOne" "tryCatchList" "tryCatch" "try" "evalFunc" "<Anonymous>" "Sweave" 
".row_names_info" "model.frame.default" "model.frame" "eval" "eval" "lm" "summary" "eval" "eval" "withVisible" "doTryCatch" "tryCatchOne" "tryCatchList" "tryCatch" "try" "evalFunc" "<Anonymous>" "Sweave" 
"model.response" "lm" "summary" "eval" "eval" "withVisible" "doTryCatch" "tryCatchOne" "tryCatchList" "tryCatch" "try" "evalFunc" "<Anonymous>" "Sweave" 
"as.character" "model.response" "lm" "summary" "eval" "eval" "withVisible" "doTryCatch" "tryCatchOne" "tryCatchList" "tryCatch" "try" "evalFunc" "<Anonymous>" "Sweave" 
"lm.fit" "lm" "summary" "eval" "eval" "withVisible" "doTryCatch" "tryCatchOne" "tryCatchList" "tryCatch" "try" "evalFunc" "<Anonymous>" "Sweave" 
"structure" "[.data.frame" "[" "lapply" ".getXlevels" "lm" "summary" "eval" "eval" "withVisible" "doTryCatch" "tryCatchOne" "tryCatchList" "tryCatch" "try" "evalFunc" "<Anonymous>" "Sweave" 
"[.data.frame" "[" "na.omit.data.frame" "na.omit" "model.frame.default" "model.frame" "eval" "eval" "lm" "summary" "eval" "eval" "withVisible" "doTryCatch" "tryCatchOne" "tryCatchList" "tryCatch" "try" "evalFunc" "<Anonymous>" "Sweave" 
"lm.fit" "lm" "summary" "eval" "eval" "withVisible" "doTryCatch" "tryCatchOne" "tryCatchList" "tryCatch" "try" "evalFunc" "<Anonymous>" "Sweave" 
"lm" "summary" "eval" "eval" "withVisible" "doTryCatch" "tryCatchOne" "tryCatchList" "tryCatch" "try" "evalFunc" "<Anonymous>" "Sweave" 
"summary.lm" "summary" "eval" "eval" "withVisible" "doTryCatch" "tryCatchOne" "tryCatchList" "tryCatch" "try" "evalFunc" "<Anonymous>" "Sweave" 
"model.matrix.default" "model.matrix" "lm" "summary" "eval" "eval" "withVisible" "doTryCatch" "tryCatchOne" "tryCatchList" "tryCatch" "try" "evalFunc" "<Anonymous>" "Sweave" 
"lm.fit" "lm" "summary" "eval" "eval" "withVisible" "doTryCatch" "tryCatchOne" "tryCatchList" "tryCatch" "try" "evalFunc" "<Anonymous>" "Sweave" 
"lm.fit" "lm" "summary" "eval" "eval" "withVisible" "doTryCatch" "tryCatchOne" "tryCatchList" "tryCatch" "try" "evalFunc" "<Anonymous>" "Sweave" 
"lm.fit" "lm" "summary" "eval" "eval" "withVisible" "doTryCatch" "tryCatchOne" "tryCatchList" "tryCatch" "try" "evalFunc" "<Anonymous>" "Sweave" 
"na.omit.data.frame" "na.omit" "model.frame.default" "model.frame" "eval" "eval" "lm" "summary" "eval" "eval" "withVisible" "doTryCatch" "tryCatchOne" "tryCatchList" "tryCatch" "try" "evalFunc" "<Anonymous>" "Sweave" 
"as.list.data.frame" "as.list" "vapply" "model.matrix.default" "model.matrix" "lm" "summary" "eval" "eval" "withVisible" "doTryCatch" "tryCatchOne" "tryCatchList" "tryCatch" "try" "evalFunc" "<Anonymous>" "Sweave" 
"model.matrix.default" "model.matrix" "lm" "summary" "eval" "eval" "withVisible" "doTryCatch" "tryCatchOne" "tryCatchList" "tryCatch" "try" "evalFunc" "<Anonymous>" "Sweave" 
"lm.fit" "lm" "summary" "eval" "eval" "withVisible" "doTryCatch" "tryCatchOne" "tryCatchList" "tryCatch" "try" "evalFunc" "<Anonymous>" "Sweave" 
"lm.fit" "lm" "summary" "eval" "eval" "withVisible" "doTryCatch" "tryCatchOne" "tryCatchList" "tryCatch" "try" "evalFunc" "<Anonymous>" "Sweave" 
"summary.lm" "summary" "eval" "eval" "withVisible" "doTryCatch" "tryCatchOne" "tryCatchList" "tryCatch" "try" "evalFunc" "<Anonymous>" "Sweave" 
"as.list.data.frame" "as.list" "vapply" "model.frame.default" "model.frame" "eval" "eval" "lm" "summary" "eval" "eval" "withVisible" "doTryCatch" "tryCatchOne" "tryCatchList" "tryCatch" "try" "evalFunc" "<Anonymous>" "Sweave" 
"model.frame.default" "model.frame" "eval" "eval" "lm" "summary" "eval" "eval" "withVisible" "doTryCatch" "tryCatchOne" "tryCatchList" "tryCatch" "try" "evalFunc" "<Anonymous>" "Sweave" 
"na.omit" "model.frame.default" "model.frame" "eval" "eval" "lm" "summary" "eval" "eval" "withVisible" "doTryCatch" "tryCatchOne" "tryCatchList" "tryCatch" "try" "evalFunc" "<Anonymous>" "Sweave" 
"lm.fit" "lm" "summary" "eval" "eval" "withVisible" "doTryCatch" "tryCatchOne" "tryCatchList" "tryCatch" "try" "evalFunc" "<Anonymous>" "Sweave" 
"as.list.data.frame" "as.list" "vapply" "model.frame.default" "model.frame" "eval" "eval" "lm" "summary" "eval" "eval" "withVisible" "doTryCatch" "tryCatchOne" "tryCatchList" "tryCatch" "try" "evalFunc" "<Anonymous>" "Sweave" 
"model.matrix.default" "model.matrix" "lm" "summary" "eval" "eval" "withVisible" "doTryCatch" "tryCatchOne" "tryCatchList" "tryCatch" "try" "evalFunc" "<Anonymous>" "Sweave" 
"lm.fit" "lm" "summary" "eval" "eval" "withVisible" "doTryCatch" "tryCatchOne" "tryCatchList" "tryCatch" "try" "evalFunc" "<Anonymous>" "Sweave" 
"lm.fit" "lm" "summary" "eval" "eval" "withVisible" "doTryCatch" "tryCatchOne" "tryCatchList" "tryCatch" "try" "evalFunc" "<Anonymous>" "Sweave" 
"lm.fit" "lm" "summary" "eval" "eval" "withVisible" "doTryCatch" "tryCatchOne" "tryCatchList" "tryCatch" "try" "evalFunc" "<Anonymous>" "Sweave" 
"na.omit.data.frame" "na.omit" "model.frame.default" "model.frame" "eval" "eval" "lm" "summary" "eval" "eval" "withVisible" "doTryCatch" "tryCatchOne" "tryCatchList" "tryCatch" "try" "evalFunc" "<Anonymous>" "Sweave" 
"na.omit.data.frame" "na.omit" "model.frame.default" "model.frame" "eval" "eval" "lm" "summary" "eval" "eval" "withVisible" "doTryCatch" "tryCatchOne" "tryCatchList" "tryCatch" "try" "evalFunc" "<Anonymous>" "Sweave" 
"na.omit.data.frame" "na.omit" "model.frame.default" "model.frame" "eval" "eval" "lm" "summary" "eval" "eval" "withVisible" "doTryCatch" "tryCatchOne" "tryCatchList" "tryCatch" "try" "evalFunc" "<Anonymous>" "Sweave" 
"as.character" "model.response" "lm" "summary" "eval" "eval" "withVisible" "doTryCatch" "tryCatchOne" "tryCatchList" "tryCatch" "try" "evalFunc" "<Anonymous>" "Sweave" 
"match" "%in%" "deparse" "paste" "FUN" "lapply" "sapply" "model.frame.default" "model.frame" "eval" "eval" "lm" "summary" "eval" "eval" "withVisible" "doTryCatch" "tryCatchOne" "tryCatchList" "tryCatch" "try" "evalFunc" "<Anonymous>" "Sweave" 
"[.data.frame" "[" "na.omit.data.frame" "na.omit" "model.frame.default" "model.frame" "eval" "eval" "lm" "summary" "eval" "eval" "withVisible" "doTryCatch" "tryCatchOne" "tryCatchList" "tryCatch" "try" "evalFunc" "<Anonymous>" "Sweave" 
"[.data.frame" "[" "na.omit.data.frame" "na.omit" "model.frame.default" "model.frame" "eval" "eval" "lm" "summary" "eval" "eval" "withVisible" "doTryCatch" "tryCatchOne" "tryCatchList" "tryCatch" "try" "evalFunc" "<Anonymous>" "Sweave" 
"lm" "summary" "eval" "eval" "withVisible" "doTryCatch" "tryCatchOne" "tryCatchList" "tryCatch" "try" "evalFunc" "<Anonymous>" "Sweave" 
"model.frame.default" "model.frame" "eval" "eval" "lm" "summary" "eval" "eval" "withVisible" "doTryCatch" "tryCatchOne" "tryCatchList" "tryCatch" "try" "evalFunc" "<Anonymous>" "Sweave" 
"as.list.data.frame" "as.list" "vapply" "model.matrix.default" "model.matrix" "lm" "summary" "eval" "eval" "withVisible" "doTryCatch" "tryCatchOne" "tryCatchList" "tryCatch" "try" "evalFunc" "<Anonymous>" "Sweave" 
"model.matrix.default" "model.matrix" "lm" "summary" "eval" "eval" "withVisible" "doTryCatch" "tryCatchOne" "tryCatchList" "tryCatch" "try" "evalFunc" "<Anonymous>" "Sweave" 
"lm.fit" "lm" "summary" "eval" "eval" "withVisible" "doTryCatch" "tryCatchOne" "tryCatchList" "tryCatch" "try" "evalFunc" "<Anonymous>" "Sweave" 
"lm" "summary" "eval" "eval" "withVisible" "doTryCatch" "tryCatchOne" "tryCatchList" "tryCatch" "try" "evalFunc" "<Anonymous>" "Sweave" 
"as.character" "model.response" "lm" "summary" "eval" "eval" "withVisible" "doTryCatch" "tryCatchOne" "tryCatchList" "tryCatch" "try" "evalFunc" "<Anonymous>" "Sweave" 
"lm.fit" "lm" "summary" "eval" "eval" "withVisible" "doTryCatch" "tryCatchOne" "tryCatchList" "tryCatch" "try" "evalFunc" "<Anonymous>" "Sweave" 
"[.data.frame" "[" "na.omit.data.frame" "na.omit" "model.frame.default" "model.frame" "eval" "eval" "lm" "summary" "eval" "eval" "withVisible" "doTryCatch" "tryCatchOne" "tryCatchList" "tryCatch" "try" "evalFunc" "<Anonymous>" "Sweave" 
"lm.fit" "lm" "summary" "eval" "eval" "withVisible" "doTryCatch" "tryCatchOne" "tryCatchList" "tryCatch" "try" "evalFunc" "<Anonymous>" "Sweave" 
"na.omit" "model.frame.default" "model.frame" "eval" "eval" "lm" "summary" "eval" "eval" "withVisible" "doTryCatch" "tryCatchOne" "tryCatchList" "tryCatch" "try" "evalFunc" "<Anonymous>" "Sweave" 
"lm.fit" "lm" "summary" "eval" "eval" "withVisible" "doTryCatch" "tryCatchOne" "tryCatchList" "tryCatch" "try" "evalFunc" "<Anonymous>" "Sweave" 
"lm.fit" "lm" "summary" "eval" "eval" "withVisible" "doTryCatch" "tryCatchOne" "tryCatchList" "tryCatch" "try" "evalFunc" "<Anonymous>" "Sweave" 
"lm.fit" "lm" "summary" "eval" "eval" "withVisible" "doTryCatch" "tryCatchOne" "tryCatchList" "tryCatch" "try" "evalFunc" "<Anonymous>" "Sweave" 
"lm.fit" "lm" "summary" "eval" "eval" "withVisible" "doTryCatch" "tryCatchOne" "tryCatchList" "tryCatch" "try" "evalFunc" "<Anonymous>" "Sweave" 
"na.omit.data.frame" "na.omit" "model.frame.default" "model.frame" "eval" "eval" "lm" "summary" "eval" "eval" "withVisible" "doTryCatch" "tryCatchOne" "tryCatchList" "tryCatch" "try" "evalFunc" "<Anonymous>" "Sweave" 
"lm.fit" "lm" "summary" "eval" "eval" "withVisible" "doTryCatch" "tryCatchOne" "tryCatchList" "tryCatch" "try" "evalFunc" "<Anonymous>" "Sweave" 
"summary.lm" "summary" "eval" "eval" "withVisible" "doTryCatch" "tryCatchOne" "tryCatchList" "tryCatch" "try" "evalFunc" "<Anonymous>" "Sweave" 
"as.list.data.frame" "as.list" "vapply" "model.frame.default" "model.frame" "eval" "eval" "lm" "summary" "eval" "eval" "withVisible" "doTryCatch" "tryCatchOne" "tryCatchList" "tryCatch" "try" "evalFunc" "<Anonymous>" "Sweave" 
"lm.fit" "lm" "summary" "eval" "eval" "withVisible" "doTryCatch" "tryCatchOne" "tryCatchList" "tryCatch" "try" "evalFunc" "<Anonymous>" "Sweave" 
"summary.lm" "summary" "eval" "eval" "withVisible" "doTryCatch" "tryCatchOne" "tryCatchList" "tryCatch" "try" "evalFunc" "<Anonymous>" "Sweave" 
"lm.fit" "lm" "summary" "eval" "eval" "withVisible" "doTryCatch" "tryCatchOne" "tryCatchList" "tryCatch" "try" "evalFunc" "<Anonymous>" "Sweave" 
"lm" "summary" "eval" "eval" "withVisible" "doTryCatch" "tryCatchOne" "tryCatchList" "tryCatch" "try" "evalFunc" "<Anonymous>" "Sweave" 
"summary.lm" "summary" "eval" "eval" "withVisible" "doTryCatch" "tryCatchOne" "tryCatchList" "tryCatch" "try" "evalFunc" "<Anonymous>" "Sweave" 
"model.matrix.default" "model.matrix" "lm" "summary" "eval" "eval" "withVisible" "doTryCatch" "tryCatchOne" "tryCatchList" "tryCatch" "try" "evalFunc" "<Anonymous>" "Sweave" 
"lm.fit" "lm" "summary" "eval" "eval" "withVisible" "doTryCatch" "tryCatchOne" "tryCatchList" "tryCatch" "try" "evalFunc" "<Anonymous>" "Sweave" 
"structure" "[.data.frame" "[" "lapply" ".getXlevels" "lm" "summary" "eval" "eval" "withVisible" "doTryCatch" "tryCatchOne" "tryCatchList" "tryCatch" "try" "evalFunc" "<Anonymous>" "Sweave" 
"[.data.frame" "[" "na.omit.data.frame" "na.omit" "model.frame.default" "model.frame" "eval" "eval" "lm" "summary" "eval" "eval" "withVisible" "doTryCatch" "tryCatchOne" "tryCatchList" "tryCatch" "try" "evalFunc" "<Anonymous>" "Sweave" 
"as.character" "model.response" "lm" "summary" "eval" "eval" "withVisible" "doTryCatch" "tryCatchOne" "tryCatchList" "tryCatch" "try" "evalFunc" "<Anonymous>" "Sweave" 
"lm.fit" "lm" "summary" "eval" "eval" "withVisible" "doTryCatch" "tryCatchOne" "tryCatchList" "tryCatch" "try" "evalFunc" "<Anonymous>" "Sweave" 
"lm" "summary" "eval" "eval" "withVisible" "doTryCatch" "tryCatchOne" "tryCatchList" "tryCatch" "try" "evalFunc" "<Anonymous>" "Sweave" 
"na.omit.data.frame" "na.omit" "model.frame.default" "model.frame" "eval" "eval" "lm" "summary" "eval" "eval" "withVisible" "doTryCatch" "tryCatchOne" "tryCatchList" "tryCatch" "try" "evalFunc" "<Anonymous>" "Sweave" 
"[.data.frame" "[" "na.omit.data.frame" "na.omit" "model.frame.default" "model.frame" "eval" "eval" "lm" "summary" "eval" "eval" "withVisible" "doTryCatch" "tryCatchOne" "tryCatchList" "tryCatch" "try" "evalFunc" "<Anonymous>" "Sweave" 
"[.data.frame" "[" "na.omit.data.frame" "na.omit" "model.frame.default" "model.frame" "eval" "eval" "lm" "summary" "eval" "eval" "withVisible" "doTryCatch" "tryCatchOne" "tryCatchList" "tryCatch" "try" "evalFunc" "<Anonymous>" "Sweave" 
"[.data.frame" "[" "na.omit.data.frame" "na.omit" "model.frame.default" "model.frame" "eval" "eval" "lm" "summary" "eval" "eval" "withVisible" "doTryCatch" "tryCatchOne" "tryCatchList" "tryCatch" "try" "evalFunc" "<Anonymous>" "Sweave" 
"%in%" "structure" "lm.fit" "lm" "summary" "eval" "eval" "withVisible" "doTryCatch" "tryCatchOne" "tryCatchList" "tryCatch" "try" "evalFunc" "<Anonymous>" "Sweave" 
"anyDuplicated.default" "anyDuplicated" "[.data.frame" "[" "na.omit.data.frame" "na.omit" "model.frame.default" "model.frame" "eval" "eval" "lm" "summary" "eval" "eval" "withVisible" "doTryCatch" "tryCatchOne" "tryCatchList" "tryCatch" "try" "evalFunc" "<Anonymous>" "Sweave" 
"lm.fit" "lm" "summary" "eval" "eval" "withVisible" "doTryCatch" "tryCatchOne" "tryCatchList" "tryCatch" "try" "evalFunc" "<Anonymous>" "Sweave" 
"structure" "[.data.frame" "[" "lapply" ".getXlevels" "lm" "summary" "eval" "eval" "withVisible" "doTryCatch" "tryCatchOne" "tryCatchList" "tryCatch" "try" "evalFunc" "<Anonymous>" "Sweave" 
"model.matrix.default" "model.matrix" "lm" "summary" "eval" "eval" "withVisible" "doTryCatch" "tryCatchOne" "tryCatchList" "tryCatch" "try" "evalFunc" "<Anonymous>" "Sweave" 
"lm.fit" "lm" "summary" "eval" "eval" "withVisible" "doTryCatch" "tryCatchOne" "tryCatchList" "tryCatch" "try" "evalFunc" "<Anonymous>" "Sweave" 
"model.matrix.default" "model.matrix" "lm" "summary" "eval" "eval" "withVisible" "doTryCatch" "tryCatchOne" "tryCatchList" "tryCatch" "try" "evalFunc" "<Anonymous>" "Sweave" 
"na.omit.data.frame" "na.omit" "model.frame.default" "model.frame" "eval" "eval" "lm" "summary" "eval" "eval" "withVisible" "doTryCatch" "tryCatchOne" "tryCatchList" "tryCatch" "try" "evalFunc" "<Anonymous>" "Sweave" 
"model.matrix.default" "model.matrix" "lm" "summary" "eval" "eval" "withVisible" "doTryCatch" "tryCatchOne" "tryCatchList" "tryCatch" "try" "evalFunc" "<Anonymous>" "Sweave" 
"structure" "lm.fit" "lm" "summary" "eval" "eval" "withVisible" "doTryCatch" "tryCatchOne" "tryCatchList" "tryCatch" "try" "evalFunc" "<Anonymous>" "Sweave" 
"lm" "summary" "eval" "eval" "withVisible" "doTryCatch" "tryCatchOne" "tryCatchList" "tryCatch" "try" "evalFunc" "<Anonymous>" "Sweave" 
"lm" "summary" "eval" "eval" "withVisible" "doTryCatch" "tryCatchOne" "tryCatchList" "tryCatch" "try" "evalFunc" "<Anonymous>" "Sweave" 
"lm" "summary" "eval" "eval" "withVisible" "doTryCatch" "tryCatchOne" "tryCatchList" "tryCatch" "try" "evalFunc" "<Anonymous>" "Sweave" 
"model.matrix.default" "model.matrix" "lm" "summary" "eval" "eval" "withVisible" "doTryCatch" "tryCatchOne" "tryCatchList" "tryCatch" "try" "evalFunc" "<Anonymous>" "Sweave" 
"lm.fit" "lm" "summary" "eval" "eval" "withVisible" "doTryCatch" "tryCatchOne" "tryCatchList" "tryCatch" "try" "evalFunc" "<Anonymous>" "Sweave" 
"na.omit.data.frame" "na.omit" "model.frame.default" "model.frame" "eval" "eval" "lm" "summary" "eval" "eval" "withVisible" "doTryCatch" "tryCatchOne" "tryCatchList" "tryCatch" "try" "evalFunc" "<Anonymous>" "Sweave" 
"as.character" "model.response" "lm" "summary" "eval" "eval" "withVisible" "doTryCatch" "tryCatchOne" "tryCatchList" "tryCatch" "try" "evalFunc" "<Anonymous>" "Sweave" 
"lm.fit" "lm" "summary" "eval" "eval" "withVisible" "doTryCatch" "tryCatchOne" "tryCatchList" "tryCatch" "try" "evalFunc" "<Anonymous>" "Sweave" 
"na.omit.data.frame" "na.omit" "model.frame.default" "model.frame" "eval" "eval" "lm" "summary" "eval" "eval" "withVisible" "doTryCatch" "tryCatchOne" "tryCatchList" "tryCatch" "try" "evalFunc" "<Anonymous>" "Sweave" 
"lm.fit" "lm" "summary" "eval" "eval" "withVisible" "doTryCatch" "tryCatchOne" "tryCatchList" "tryCatch" "try" "evalFunc" "<Anonymous>" "Sweave" 
"lm.fit" "lm" "summary" "eval" "eval" "withVisible" "doTryCatch" "tryCatchOne" "tryCatchList" "tryCatch" "try" "evalFunc" "<Anonymous>" "Sweave" 
"summary.lm" "summary" "eval" "eval" "withVisible" "doTryCatch" "tryCatchOne" "tryCatchList" "tryCatch" "try" "evalFunc" "<Anonymous>" "Sweave" 
"summary.lm" "summary" "eval" "eval" "withVisible" "doTryCatch" "tryCatchOne" "tryCatchList" "tryCatch" "try" "evalFunc" "<Anonymous>" "Sweave" 
"options" "getOption" "model.frame.default" "model.frame" "eval" "eval" "lm" "summary" "eval" "eval" "withVisible" "doTryCatch" "tryCatchOne" "tryCatchList" "tryCatch" "try" "evalFunc" "<Anonymous>" "Sweave" 
"summary.lm" "summary" "eval" "eval" "withVisible" "doTryCatch" "tryCatchOne" "tryCatchList" "tryCatch" "try" "evalFunc" "<Anonymous>" "Sweave" 
"lm.fit" "lm" "summary" "eval" "eval" "withVisible" "doTryCatch" "tryCatchOne" "tryCatchList" "tryCatch" "try" "evalFunc" "<Anonymous>" "Sweave" 
"[.data.frame" "[" "na.omit.data.frame" "na.omit" "model.frame.default" "model.frame" "eval" "eval" "lm" "summary" "eval" "eval" "withVisible" "doTryCatch" "tryCatchOne" "tryCatchList" "tryCatch" "try" "evalFunc" "<Anonymous>" "Sweave" 
"model.matrix.default" "model.matrix" "lm" "summary" "eval" "eval" "withVisible" "doTryCatch" "tryCatchOne" "tryCatchList" "tryCatch" "try" "evalFunc" "<Anonymous>" "Sweave" 
"lm.fit" "lm" "summary" "eval" "eval" "withVisible" "doTryCatch" "tryCatchOne" "tryCatchList" "tryCatch" "try" "evalFunc" "<Anonymous>" "Sweave" 
"match" "%in%" "FUN" "lapply" "sapply" ".getXlevels" "lm" "summary" "eval" "eval" "withVisible" "doTryCatch" "tryCatchOne" "tryCatchList" "tryCatch" "try" "evalFunc" "<Anonymous>" "Sweave" 
"model.frame.default" "model.frame" "eval" "eval" "lm" "summary" "eval" "eval" "withVisible" "doTryCatch" "tryCatchOne" "tryCatchList" "tryCatch" "try" "evalFunc" "<Anonymous>" "Sweave" 
"lm" "summary" "eval" "eval" "withVisible" "doTryCatch" "tryCatchOne" "tryCatchList" "tryCatch" "try" "evalFunc" "<Anonymous>" "Sweave" 
"as.character" "model.response" "lm" "summary" "eval" "eval" "withVisible" "doTryCatch" "tryCatchOne" "tryCatchList" "tryCatch" "try" "evalFunc" "<Anonymous>" "Sweave" 
"model.matrix.default" "model.matrix" "lm" "summary" "eval" "eval" "withVisible" "doTryCatch" "tryCatchOne" "tryCatchList" "tryCatch" "try" "evalFunc" "<Anonymous>" "Sweave" 
"na.omit" "model.frame.default" "model.frame" "eval" "eval" "lm" "summary" "eval" "eval" "withVisible" "doTryCatch" "tryCatchOne" "tryCatchList" "tryCatch" "try" "evalFunc" "<Anonymous>" "Sweave" 
"as.list" "vapply" "model.matrix.default" "model.matrix" "lm" "summary" "eval" "eval" "withVisible" "doTryCatch" "tryCatchOne" "tryCatchList" "tryCatch" "try" "evalFunc" "<Anonymous>" "Sweave" 
"lm.fit" "lm" "summary" "eval" "eval" "withVisible" "doTryCatch" "tryCatchOne" "tryCatchList" "tryCatch" "try" "evalFunc" "<Anonymous>" "Sweave" 
"lm" "summary" "eval" "eval" "withVisible" "doTryCatch" "tryCatchOne" "tryCatchList" "tryCatch" "try" "evalFunc" "<Anonymous>" "Sweave" 
"[.data.frame" "[" "na.omit.data.frame" "na.omit" "model.frame.default" "model.frame" "eval" "eval" "lm" "summary" "eval" "eval" "withVisible" "doTryCatch" "tryCatchOne" "tryCatchList" "tryCatch" "try" "evalFunc" "<Anonymous>" "Sweave" 
"[.data.frame" "[" "na.omit.data.frame" "na.omit" "model.frame.default" "model.frame" "eval" "eval" "lm" "summary" "eval" "eval" "withVisible" "doTryCatch" "tryCatchOne" "tryCatchList" "tryCatch" "try" "evalFunc" "<Anonymous>" "Sweave" 
"[.data.frame" "[" "na.omit.data.frame" "na.omit" "model.frame.default" "model.frame" "eval" "eval" "lm" "summary" "eval" "eval" "withVisible" "doTryCatch" "tryCatchOne" "tryCatchList" "tryCatch" "try" "evalFunc" "<Anonymous>" "Sweave" 
"as.character" "model.response" "lm" "summary" "eval" "eval" "withVisible" "doTryCatch" "tryCatchOne" "tryCatchList" "tryCatch" "try" "evalFunc" "<Anonymous>" "Sweave" 
"[.data.frame" "[" "na.omit.data.frame" "na.omit" "model.frame.default" "model.frame" "eval" "eval" "lm" "summary" "eval" "eval" "withVisible" "doTryCatch" "tryCatchOne" "tryCatchList" "tryCatch" "try" "evalFunc" "<Anonymous>" "Sweave" 
"lm" "summary" "eval" "eval" "withVisible" "doTryCatch" "tryCatchOne" "tryCatchList" "tryCatch" "try" "evalFunc" "<Anonymous>" "Sweave" 
"anyDuplicated.default" "anyDuplicated" "[.data.frame" "[" "na.omit.data.frame" "na.omit" "model.frame.default" "model.frame" "eval" "eval" "lm" "summary" "eval" "eval" "withVisible" "doTryCatch" "tryCatchOne" "tryCatchList" "tryCatch" "try" "evalFunc" "<Anonymous>" "Sweave" 
"as.list.data.frame" "as.list" "vapply" "model.matrix.default" "model.matrix" "lm" "summary" "eval" "eval" "withVisible" "doTryCatch" "tryCatchOne" "tryCatchList" "tryCatch" "try" "evalFunc" "<Anonymous>" "Sweave" 
"lm.fit" "lm" "summary" "eval" "eval" "withVisible" "doTryCatch" "tryCatchOne" "tryCatchList" "tryCatch" "try" "evalFunc" "<Anonymous>" "Sweave" 
"lm" "summary" "eval" "eval" "withVisible" "doTryCatch" "tryCatchOne" "tryCatchList" "tryCatch" "try" "evalFunc" "<Anonymous>" "Sweave" 
"lm" "summary" "eval" "eval" "withVisible" "doTryCatch" "tryCatchOne" "tryCatchList" "tryCatch" "try" "evalFunc" "<Anonymous>" "Sweave" 
"lm" "summary" "eval" "eval" "withVisible" "doTryCatch" "tryCatchOne" "tryCatchList" "tryCatch" "try" "evalFunc" "<Anonymous>" "Sweave" 
"[.data.frame" "[" "na.omit.data.frame" "na.omit" "model.frame.default" "model.frame" "eval" "eval" "lm" "summary" "eval" "eval" "withVisible" "doTryCatch" "tryCatchOne" "tryCatchList" "tryCatch" "try" "evalFunc" "<Anonymous>" "Sweave" 
"lm.fit" "lm" "summary" "eval" "eval" "withVisible" "doTryCatch" "tryCatchOne" "tryCatchList" "tryCatch" "try" "evalFunc" "<Anonymous>" "Sweave" 
"na.omit.data.frame" "na.omit" "model.frame.default" "model.frame" "eval" "eval" "lm" "summary" "eval" "eval" "withVisible" "doTryCatch" "tryCatchOne" "tryCatchList" "tryCatch" "try" "evalFunc" "<Anonymous>" "Sweave" 
"na.omit.data.frame" "na.omit" "model.frame.default" "model.frame" "eval" "eval" "lm" "summary" "eval" "eval" "withVisible" "doTryCatch" "tryCatchOne" "tryCatchList" "tryCatch" "try" "evalFunc" "<Anonymous>" "Sweave" 
"structure" "[.data.frame" "[" "lapply" ".getXlevels" "lm" "summary" "eval" "eval" "withVisible" "doTryCatch" "tryCatchOne" "tryCatchList" "tryCatch" "try" "evalFunc" "<Anonymous>" "Sweave" 
"model.matrix.default" "model.matrix" "lm" "summary" "eval" "eval" "withVisible" "doTryCatch" "tryCatchOne" "tryCatchList" "tryCatch" "try" "evalFunc" "<Anonymous>" "Sweave" 
"lm.fit" "lm" "summary" "eval" "eval" "withVisible" "doTryCatch" "tryCatchOne" "tryCatchList" "tryCatch" "try" "evalFunc" "<Anonymous>" "Sweave" 
"lm.fit" "lm" "summary" "eval" "eval" "withVisible" "doTryCatch" "tryCatchOne" "tryCatchList" "tryCatch" "try" "evalFunc" "<Anonymous>" "Sweave" 
"lm" "summary" "eval" "eval" "withVisible" "doTryCatch" "tryCatchOne" "tryCatchList" "tryCatch" "try" "evalFunc" "<Anonymous>" "Sweave" 
"unique.default" "unique" "simplify2array" "sapply" "match" "model.matrix.default" "model.matrix" "lm" "summary" "eval" "eval" "withVisible" "doTryCatch" "tryCatchOne" "tryCatchList" "tryCatch" "try" "evalFunc" "<Anonymous>" "Sweave" 
"as.list.data.frame" "as.list" "vapply" "model.matrix.default" "model.matrix" "lm" "summary" "eval" "eval" "withVisible" "doTryCatch" "tryCatchOne" "tryCatchList" "tryCatch" "try" "evalFunc" "<Anonymous>" "Sweave" 
"model.matrix.default" "model.matrix" "lm" "summary" "eval" "eval" "withVisible" "doTryCatch" "tryCatchOne" "tryCatchList" "tryCatch" "try" "evalFunc" "<Anonymous>" "Sweave" 
"lm.fit" "lm" "summary" "eval" "eval" "withVisible" "doTryCatch" "tryCatchOne" "tryCatchList" "tryCatch" "try" "evalFunc" "<Anonymous>" "Sweave" 
"lm.fit" "lm" "summary" "eval" "eval" "withVisible" "doTryCatch" "tryCatchOne" "tryCatchList" "tryCatch" "try" "evalFunc" "<Anonymous>" "Sweave" 
"lm" "summary" "eval" "eval" "withVisible" "doTryCatch" "tryCatchOne" "tryCatchList" "tryCatch" "try" "evalFunc" "<Anonymous>" "Sweave" 
"na.omit" "model.frame.default" "model.frame" "eval" "eval" "lm" "summary" "eval" "eval" "withVisible" "doTryCatch" "tryCatchOne" "tryCatchList" "tryCatch" "try" "evalFunc" "<Anonymous>" "Sweave" 
"na.omit" "model.frame.default" "model.frame" "eval" "eval" "lm" "summary" "eval" "eval" "withVisible" "doTryCatch" "tryCatchOne" "tryCatchList" "tryCatch" "try" "evalFunc" "<Anonymous>" "Sweave" 
"na.omit" "model.frame.default" "model.frame" "eval" "eval" "lm" "summary" "eval" "eval" "withVisible" "doTryCatch" "tryCatchOne" "tryCatchList" "tryCatch" "try" "evalFunc" "<Anonymous>" "Sweave" 
"na.omit" "model.frame.default" "model.frame" "eval" "eval" "lm" "summary" "eval" "eval" "withVisible" "doTryCatch" "tryCatchOne" "tryCatchList" "tryCatch" "try" "evalFunc" "<Anonymous>" "Sweave" 
"anyDuplicated.default" "anyDuplicated" "[.data.frame" "[" "na.omit.data.frame" "na.omit" "model.frame.default" "model.frame" "eval" "eval" "lm" "summary" "eval" "eval" "withVisible" "doTryCatch" "tryCatchOne" "tryCatchList" "tryCatch" "try" "evalFunc" "<Anonymous>" "Sweave" 
"lm.fit" "lm" "summary" "eval" "eval" "withVisible" "doTryCatch" "tryCatchOne" "tryCatchList" "tryCatch" "try" "evalFunc" "<Anonymous>" "Sweave" 
"[.data.frame" "[" "na.omit.data.frame" "na.omit" "model.frame.default" "model.frame" "eval" "eval" "lm" "summary" "eval" "eval" "withVisible" "doTryCatch" "tryCatchOne" "tryCatchList" "tryCatch" "try" "evalFunc" "<Anonymous>" "Sweave" 
"lm" "summary" "eval" "eval" "withVisible" "doTryCatch" "tryCatchOne" "tryCatchList" "tryCatch" "try" "evalFunc" "<Anonymous>" "Sweave" 
"[.data.frame" "[" "na.omit.data.frame" "na.omit" "model.frame.default" "model.frame" "eval" "eval" "lm" "summary" "eval" "eval" "withVisible" "doTryCatch" "tryCatchOne" "tryCatchList" "tryCatch" "try" "evalFunc" "<Anonymous>" "Sweave" 
"as.list.data.frame" "as.list" "vapply" "model.matrix.default" "model.matrix" "lm" "summary" "eval" "eval" "withVisible" "doTryCatch" "tryCatchOne" "tryCatchList" "tryCatch" "try" "evalFunc" "<Anonymous>" "Sweave" 
"lm.fit" "lm" "summary" "eval" "eval" "withVisible" "doTryCatch" "tryCatchOne" "tryCatchList" "tryCatch" "try" "evalFunc" "<Anonymous>" "Sweave" 
"lm" "summary" "eval" "eval" "withVisible" "doTryCatch" "tryCatchOne" "tryCatchList" "tryCatch" "try" "evalFunc" "<Anonymous>" "Sweave" 
"structure" "lm.fit" "lm" "summary" "eval" "eval" "withVisible" "doTryCatch" "tryCatchOne" "tryCatchList" "tryCatch" "try" "evalFunc" "<Anonymous>" "Sweave" 
"lm.fit" "lm" "summary" "eval" "eval" "withVisible" "doTryCatch" "tryCatchOne" "tryCatchList" "tryCatch" "try" "evalFunc" "<Anonymous>" "Sweave" 
"[.data.frame" "[" "na.omit.data.frame" "na.omit" "model.frame.default" "model.frame" "eval" "eval" "lm" "summary" "eval" "eval" "withVisible" "doTryCatch" "tryCatchOne" "tryCatchList" "tryCatch" "try" "evalFunc" "<Anonymous>" "Sweave" 
"model.matrix.default" "model.matrix" "lm" "summary" "eval" "eval" "withVisible" "doTryCatch" "tryCatchOne" "tryCatchList" "tryCatch" "try" "evalFunc" "<Anonymous>" "Sweave" 
"lm.fit" "lm" "summary" "eval" "eval" "withVisible" "doTryCatch" "tryCatchOne" "tryCatchList" "tryCatch" "try" "evalFunc" "<Anonymous>" "Sweave" 
"na.omit" "model.frame.default" "model.frame" "eval" "eval" "lm" "summary" "eval" "eval" "withVisible" "doTryCatch" "tryCatchOne" "tryCatchList" "tryCatch" "try" "evalFunc" "<Anonymous>" "Sweave" 
"as.character" "model.response" "lm" "summary" "eval" "eval" "withVisible" "doTryCatch" "tryCatchOne" "tryCatchList" "tryCatch" "try" "evalFunc" "<Anonymous>" "Sweave" 
"lm.fit" "lm" "summary" "eval" "eval" "withVisible" "doTryCatch" "tryCatchOne" "tryCatchList" "tryCatch" "try" "evalFunc" "<Anonymous>" "Sweave" 
"lm.fit" "lm" "summary" "eval" "eval" "withVisible" "doTryCatch" "tryCatchOne" "tryCatchList" "tryCatch" "try" "evalFunc" "<Anonymous>" "Sweave" 
"lm.fit" "lm" "summary" "eval" "eval" "withVisible" "doTryCatch" "tryCatchOne" "tryCatchList" "tryCatch" "try" "evalFunc" "<Anonymous>" "Sweave" 
"lm.fit" "lm" "summary" "eval" "eval" "withVisible" "doTryCatch" "tryCatchOne" "tryCatchList" "tryCatch" "try" "evalFunc" "<Anonymous>" "Sweave" 
"[.data.frame" "[" "na.omit.data.frame" "na.omit" "model.frame.default" "model.frame" "eval" "eval" "lm" "summary" "eval" "eval" "withVisible" "doTryCatch" "tryCatchOne" "tryCatchList" "tryCatch" "try" "evalFunc" "<Anonymous>" "Sweave" 
"lm.fit" "lm" "summary" "eval" "eval" "withVisible" "doTryCatch" "tryCatchOne" "tryCatchList" "tryCatch" "try" "evalFunc" "<Anonymous>" "Sweave" 
"summary.lm" "summary" "eval" "eval" "withVisible" "doTryCatch" "tryCatchOne" "tryCatchList" "tryCatch" "try" "evalFunc" "<Anonymous>" "Sweave" 
"as.list.data.frame" "as.list" "vapply" "model.frame.default" "model.frame" "eval" "eval" "lm" "summary" "eval" "eval" "withVisible" "doTryCatch" "tryCatchOne" "tryCatchList" "tryCatch" "try" "evalFunc" "<Anonymous>" "Sweave" 
"lm.fit" "lm" "summary" "eval" "eval" "withVisible" "doTryCatch" "tryCatchOne" "tryCatchList" "tryCatch" "try" "evalFunc" "<Anonymous>" "Sweave" 
"summary.lm" "summary" "eval" "eval" "withVisible" "doTryCatch" "tryCatchOne" "tryCatchList" "tryCatch" "try" "evalFunc" "<Anonymous>" "Sweave" 
"model.matrix.default" "model.matrix" "lm" "summary" "eval" "eval" "withVisible" "doTryCatch" "tryCatchOne" "tryCatchList" "tryCatch" "try" "evalFunc" "<Anonymous>" "Sweave" 
"lm.fit" "lm" "summary" "eval" "eval" "withVisible" "doTryCatch" "tryCatchOne" "tryCatchList" "tryCatch" "try" "evalFunc" "<Anonymous>" "Sweave" 
"lm" "summary" "eval" "eval" "withVisible" "doTryCatch" "tryCatchOne" "tryCatchList" "tryCatch" "try" "evalFunc" "<Anonymous>" "Sweave" 
"summary.lm" "summary" "eval" "eval" "withVisible" "doTryCatch" "tryCatchOne" "tryCatchList" "tryCatch" "try" "evalFunc" "<Anonymous>" "Sweave" 
"model.matrix.default" "model.matrix" "lm" "summary" "eval" "eval" "withVisible" "doTryCatch" "tryCatchOne" "tryCatchList" "tryCatch" "try" "evalFunc" "<Anonymous>" "Sweave" 
"lm.fit" "lm" "summary" "eval" "eval" "withVisible" "doTryCatch" "tryCatchOne" "tryCatchList" "tryCatch" "try" "evalFunc" "<Anonymous>" "Sweave" 
"structure" "[.data.frame" "[" "lapply" ".getXlevels" "lm" "summary" "eval" "eval" "withVisible" "doTryCatch" "tryCatchOne" "tryCatchList" "tryCatch" "try" "evalFunc" "<Anonymous>" "Sweave" 
"[.data.frame" "[" "na.omit.data.frame" "na.omit" "model.frame.default" "model.frame" "eval" "eval" "lm" "summary" "eval" "eval" "withVisible" "doTryCatch" "tryCatchOne" "tryCatchList" "tryCatch" "try" "evalFunc" "<Anonymous>" "Sweave" 
"lm.fit" "lm" "summary" "eval" "eval" "withVisible" "doTryCatch" "tryCatchOne" "tryCatchList" "tryCatch" "try" "evalFunc" "<Anonymous>" "Sweave" 
"summary.lm" "summary" "eval" "eval" "withVisible" "doTryCatch" "tryCatchOne" "tryCatchList" "tryCatch" "try" "evalFunc" "<Anonymous>" "Sweave" 
"summary.lm" "summary" "eval" "eval" "withVisible" "doTryCatch" "tryCatchOne" "tryCatchList" "tryCatch" "try" "evalFunc" "<Anonymous>" "Sweave" 
"summary.lm" "summary" "eval" "eval" "withVisible" "doTryCatch" "tryCatchOne" "tryCatchList" "tryCatch" "try" "evalFunc" "<Anonymous>" "Sweave" 
"summary.lm" "summary" "eval" "eval" "withVisible" "doTryCatch" "tryCatchOne" "tryCatchList" "tryCatch" "try" "evalFunc" "<Anonymous>" "Sweave" 
"cat" "<Anonymous>" "Sweave" 
