sample.interval=1000
"lazyLoadDBfetch" "terms" "model.frame.default" "model.frame" "eval" "eval" "lm" "summary" "eval" "eval" "withVisible" "doTryCatch" "tryCatchOne" "tryCatchList" "tryCatch" "try" "evalFunc" "<Anonymous>" "Sweave" 
"list" "eval" "eval" "model.frame.default" "model.frame" "eval" "eval" "lm" "summary" "eval" "eval" "withVisible" "doTryCatch" "tryCatchOne" "tryCatchList" "tryCatch" "try" "evalFunc" "<Anonymous>" "Sweave" 
"list" "eval" "eval" "model.frame.default" "model.frame" "eval" "eval" "lm" "summary" "eval" "eval" "withVisible" "doTryCatch" "tryCatchOne" "tryCatchList" "tryCatch" "try" "evalFunc" "<Anonymous>" "Sweave" 
"na.omit.data.frame" "na.omit" "model.frame.default" "model.frame" "eval" "eval" "lm" "summary" "eval" "eval" "withVisible" "doTryCatch" "tryCatchOne" "tryCatchList" "tryCatch" "try" "evalFunc" "<Anonymous>" "Sweave" 
"[.data.frame" "[" "na.omit.data.frame" "na.omit" "model.frame.default" "model.frame" "eval" "eval" "lm" "summary" "eval" "eval" "withVisible" "doTryCatch" "tryCatchOne" "tryCatchList" "tryCatch" "try" "evalFunc" "<Anonymous>" "Sweave" 
"[.data.frame" "[" "na.omit.data.frame" "na.omit" "model.frame.default" "model.frame" "eval" "eval" "lm" "summary" "eval" "eval" "withVisible" "doTryCatch" "tryCatchOne" "tryCatchList" "tryCatch" "try" "evalFunc" "<Anonymous>" "Sweave" 
"model.response" "lm" "summary" "eval" "eval" "withVisible" "doTryCatch" "tryCatchOne" "tryCatchList" "tryCatch" "try" "evalFunc" "<Anonymous>" "Sweave" 
"model.response" "lm" "summary" "eval" "eval" "withVisible" "doTryCatch" "tryCatchOne" "tryCatchList" "tryCatch" "try" "evalFunc" "<Anonymous>" "Sweave" 
"as.character" "model.response" "lm" "summary" "eval" "eval" "withVisible" "doTryCatch" "tryCatchOne" "tryCatchList" "tryCatch" "try" "evalFunc" "<Anonymous>" "Sweave" 
"model.matrix.default" "model.matrix" "lm" "summary" "eval" "eval" "withVisible" "doTryCatch" "tryCatchOne" "tryCatchList" "tryCatch" "try" "evalFunc" "<Anonymous>" "Sweave" 
"lm.fit" "lm" "summary" "eval" "eval" "withVisible" "doTryCatch" "tryCatchOne" "tryCatchList" "tryCatch" "try" "evalFunc" "<Anonymous>" "Sweave" 
"lazyLoadDBfetch" "lm.fit" "lm" "summary" "eval" "eval" "withVisible" "doTryCatch" "tryCatchOne" "tryCatchList" "tryCatch" "try" "evalFunc" "<Anonymous>" "Sweave" 
"lm.fit" "lm" "summary" "eval" "eval" "withVisible" "doTryCatch" "tryCatchOne" "tryCatchList" "tryCatch" "try" "evalFunc" "<Anonymous>" "Sweave" 
"lm.fit" "lm" "summary" "eval" "eval" "withVisible" "doTryCatch" "tryCatchOne" "tryCatchList" "tryCatch" "try" "evalFunc" "<Anonymous>" "Sweave" 
"lm.fit" "lm" "summary" "eval" "eval" "withVisible" "doTryCatch" "tryCatchOne" "tryCatchList" "tryCatch" "try" "evalFunc" "<Anonymous>" "Sweave" 
"lm.fit" "lm" "summary" "eval" "eval" "withVisible" "doTryCatch" "tryCatchOne" "tryCatchList" "tryCatch" "try" "evalFunc" "<Anonymous>" "Sweave" 
"lm.fit" "lm" "summary" "eval" "eval" "withVisible" "doTryCatch" "tryCatchOne" "tryCatchList" "tryCatch" "try" "evalFunc" "<Anonymous>" "Sweave" 
"structure" "[.data.frame" "[" "lapply" ".getXlevels" "lm" "summary" "eval" "eval" "withVisible" "doTryCatch" "tryCatchOne" "tryCatchList" "tryCatch" "try" "evalFunc" "<Anonymous>" "Sweave" 
"as.name" "..getNamespace" "lazyLoadDBfetch" "summary" "eval" "eval" "withVisible" "doTryCatch" "tryCatchOne" "tryCatchList" "tryCatch" "try" "evalFunc" "<Anonymous>" "Sweave" 
"summary.lm" "summary" "eval" "eval" "withVisible" "doTryCatch" "tryCatchOne" "tryCatchList" "tryCatch" "try" "evalFunc" "<Anonymous>" "Sweave" 
"summary.lm" "summary" "eval" "eval" "withVisible" "doTryCatch" "tryCatchOne" "tryCatchList" "tryCatch" "try" "evalFunc" "<Anonymous>" "Sweave" 
"summary.lm" "summary" "eval" "eval" "withVisible" "doTryCatch" "tryCatchOne" "tryCatchList" "tryCatch" "try" "evalFunc" "<Anonymous>" "Sweave" 
"anyDuplicated.default" "anyDuplicated" "[.data.frame" "[" "na.omit.data.frame" "na.omit" "model.frame.default" "model.frame" "eval" "eval" "lm" "summary" "eval" "eval" "withVisible" "doTryCatch" "tryCatchOne" "tryCatchList" "tryCatch" "try" "evalFunc" "<Anonymous>" "Sweave" 
"as.list.data.frame" "as.list" "vapply" "model.frame.default" "model.frame" "eval" "eval" "lm" "summary" "eval" "eval" "withVisible" "doTryCatch" "tryCatchOne" "tryCatchList" "tryCatch" "try" "evalFunc" "<Anonymous>" "Sweave" 
"as.list.data.frame" "as.list" "vapply" "model.frame.default" "model.frame" "eval" "eval" "lm" "summary" "eval" "eval" "withVisible" "doTryCatch" "tryCatchOne" "tryCatchList" "tryCatch" "try" "evalFunc" "<Anonymous>" "Sweave" 
"as.list.data.frame" "as.list" "vapply" "model.frame.default" "model.frame" "eval" "eval" "lm" "summary" "eval" "eval" "withVisible" "doTryCatch" "tryCatchOne" "tryCatchList" "tryCatch" "try" "evalFunc" "<Anonymous>" "Sweave" 
"as.list.data.frame" "as.list" "vapply" "model.frame.default" "model.frame" "eval" "eval" "lm" "summary" "eval" "eval" "withVisible" "doTryCatch" "tryCatchOne" "tryCatchList" "tryCatch" "try" "evalFunc" "<Anonymous>" "Sweave" 
"as.list.data.frame" "as.list" "vapply" "model.frame.default" "model.frame" "eval" "eval" "lm" "summary" "eval" "eval" "withVisible" "doTryCatch" "tryCatchOne" "tryCatchList" "tryCatch" "try" "evalFunc" "<Anonymous>" "Sweave" 
"model.matrix.default" "model.matrix" "lm" "summary" "eval" "eval" "withVisible" "doTryCatch" "tryCatchOne" "tryCatchList" "tryCatch" "try" "evalFunc" "<Anonymous>" "Sweave" 
"rep.int" "lm.fit" "lm" "summary" "eval" "eval" "withVisible" "doTryCatch" "tryCatchOne" "tryCatchList" "tryCatch" "try" "evalFunc" "<Anonymous>" "Sweave" 
"lm" "summary" "eval" "eval" "withVisible" "doTryCatch" "tryCatchOne" "tryCatchList" "tryCatch" "try" "evalFunc" "<Anonymous>" "Sweave" 
"structure" "[.data.frame" "[" "lapply" ".getXlevels" "lm" "summary" "eval" "eval" "withVisible" "doTryCatch" "tryCatchOne" "tryCatchList" "tryCatch" "try" "evalFunc" "<Anonymous>" "Sweave" 
"model.response" "lm" "summary" "eval" "eval" "withVisible" "doTryCatch" "tryCatchOne" "tryCatchList" "tryCatch" "try" "evalFunc" "<Anonymous>" "Sweave" 
"as.character" "model.response" "lm" "summary" "eval" "eval" "withVisible" "doTryCatch" "tryCatchOne" "tryCatchList" "tryCatch" "try" "evalFunc" "<Anonymous>" "Sweave" 
"as.character" "model.response" "lm" "summary" "eval" "eval" "withVisible" "doTryCatch" "tryCatchOne" "tryCatchList" "tryCatch" "try" "evalFunc" "<Anonymous>" "Sweave" 
"model.matrix.default" "model.matrix" "lm" "summary" "eval" "eval" "withVisible" "doTryCatch" "tryCatchOne" "tryCatchList" "tryCatch" "try" "evalFunc" "<Anonymous>" "Sweave" 
"lm.fit" "lm" "summary" "eval" "eval" "withVisible" "doTryCatch" "tryCatchOne" "tryCatchList" "tryCatch" "try" "evalFunc" "<Anonymous>" "Sweave" 
"lm" "summary" "eval" "eval" "withVisible" "doTryCatch" "tryCatchOne" "tryCatchList" "tryCatch" "try" "evalFunc" "<Anonymous>" "Sweave" 
"na.omit.data.frame" "na.omit" "model.frame.default" "model.frame" "eval" "eval" "lm" "summary" "eval" "eval" "withVisible" "doTryCatch" "tryCatchOne" "tryCatchList" "tryCatch" "try" "evalFunc" "<Anonymous>" "Sweave" 
"na.omit.data.frame" "na.omit" "model.frame.default" "model.frame" "eval" "eval" "lm" "summary" "eval" "eval" "withVisible" "doTryCatch" "tryCatchOne" "tryCatchList" "tryCatch" "try" "evalFunc" "<Anonymous>" "Sweave" 
"na.omit.data.frame" "na.omit" "model.frame.default" "model.frame" "eval" "eval" "lm" "summary" "eval" "eval" "withVisible" "doTryCatch" "tryCatchOne" "tryCatchList" "tryCatch" "try" "evalFunc" "<Anonymous>" "Sweave" 
"na.omit.data.frame" "na.omit" "model.frame.default" "model.frame" "eval" "eval" "lm" "summary" "eval" "eval" "withVisible" "doTryCatch" "tryCatchOne" "tryCatchList" "tryCatch" "try" "evalFunc" "<Anonymous>" "Sweave" 
"na.omit.data.frame" "na.omit" "model.frame.default" "model.frame" "eval" "eval" "lm" "summary" "eval" "eval" "withVisible" "doTryCatch" "tryCatchOne" "tryCatchList" "tryCatch" "try" "evalFunc" "<Anonymous>" "Sweave" 
"na.omit.data.frame" "na.omit" "model.frame.default" "model.frame" "eval" "eval" "lm" "summary" "eval" "eval" "withVisible" "doTryCatch" "tryCatchOne" "tryCatchList" "tryCatch" "try" "evalFunc" "<Anonymous>" "Sweave" 
"lm.fit" "lm" "summary" "eval" "eval" "withVisible" "doTryCatch" "tryCatchOne" "tryCatchList" "tryCatch" "try" "evalFunc" "<Anonymous>" "Sweave" 
"eval" "eval" "withVisible" "doTryCatch" "tryCatchOne" "tryCatchList" "tryCatch" "try" "evalFunc" "<Anonymous>" "Sweave" 
"[.data.frame" "[" "na.omit.data.frame" "na.omit" "model.frame.default" "model.frame" "eval" "eval" "lm" "summary" "eval" "eval" "withVisible" "doTryCatch" "tryCatchOne" "tryCatchList" "tryCatch" "try" "evalFunc" "<Anonymous>" "Sweave" 
"anyDuplicated.default" "anyDuplicated" "[.data.frame" "[" "na.omit.data.frame" "na.omit" "model.frame.default" "model.frame" "eval" "eval" "lm" "summary" "eval" "eval" "withVisible" "doTryCatch" "tryCatchOne" "tryCatchList" "tryCatch" "try" "evalFunc" "<Anonymous>" "Sweave" 
"anyDuplicated.default" "anyDuplicated" "[.data.frame" "[" "na.omit.data.frame" "na.omit" "model.frame.default" "model.frame" "eval" "eval" "lm" "summary" "eval" "eval" "withVisible" "doTryCatch" "tryCatchOne" "tryCatchList" "tryCatch" "try" "evalFunc" "<Anonymous>" "Sweave" 
"anyDuplicated.default" "anyDuplicated" "[.data.frame" "[" "na.omit.data.frame" "na.omit" "model.frame.default" "model.frame" "eval" "eval" "lm" "summary" "eval" "eval" "withVisible" "doTryCatch" "tryCatchOne" "tryCatchList" "tryCatch" "try" "evalFunc" "<Anonymous>" "Sweave" 
"anyDuplicated.default" "anyDuplicated" "[.data.frame" "[" "na.omit.data.frame" "na.omit" "model.frame.default" "model.frame" "eval" "eval" "lm" "summary" "eval" "eval" "withVisible" "doTryCatch" "tryCatchOne" "tryCatchList" "tryCatch" "try" "evalFunc" "<Anonymous>" "Sweave" 
"anyDuplicated.default" "anyDuplicated" "[.data.frame" "[" "na.omit.data.frame" "na.omit" "model.frame.default" "model.frame" "eval" "eval" "lm" "summary" "eval" "eval" "withVisible" "doTryCatch" "tryCatchOne" "tryCatchList" "tryCatch" "try" "evalFunc" "<Anonymous>" "Sweave" 
"model.matrix.default" "model.matrix" "lm" "summary" "eval" "eval" "withVisible" "doTryCatch" "tryCatchOne" "tryCatchList" "tryCatch" "try" "evalFunc" "<Anonymous>" "Sweave" 
"lm" "summary" "eval" "eval" "withVisible" "doTryCatch" "tryCatchOne" "tryCatchList" "tryCatch" "try" "evalFunc" "<Anonymous>" "Sweave" 
"[.data.frame" "[" "na.omit.data.frame" "na.omit" "model.frame.default" "model.frame" "eval" "eval" "lm" "summary" "eval" "eval" "withVisible" "doTryCatch" "tryCatchOne" "tryCatchList" "tryCatch" "try" "evalFunc" "<Anonymous>" "Sweave" 
"as.list.data.frame" "as.list" "vapply" "model.frame.default" "model.frame" "eval" "eval" "lm" "summary" "eval" "eval" "withVisible" "doTryCatch" "tryCatchOne" "tryCatchList" "tryCatch" "try" "evalFunc" "<Anonymous>" "Sweave" 
"unique" "simplify2array" "sapply" "match" "model.matrix.default" "model.matrix" "lm" "summary" "eval" "eval" "withVisible" "doTryCatch" "tryCatchOne" "tryCatchList" "tryCatch" "try" "evalFunc" "<Anonymous>" "Sweave" 
"lm.fit" "lm" "summary" "eval" "eval" "withVisible" "doTryCatch" "tryCatchOne" "tryCatchList" "tryCatch" "try" "evalFunc" "<Anonymous>" "Sweave" 
"lm.fit" "lm" "summary" "eval" "eval" "withVisible" "doTryCatch" "tryCatchOne" "tryCatchList" "tryCatch" "try" "evalFunc" "<Anonymous>" "Sweave" 
"lm" "summary" "eval" "eval" "withVisible" "doTryCatch" "tryCatchOne" "tryCatchList" "tryCatch" "try" "evalFunc" "<Anonymous>" "Sweave" 
"summary.lm" "summary" "eval" "eval" "withVisible" "doTryCatch" "tryCatchOne" "tryCatchList" "tryCatch" "try" "evalFunc" "<Anonymous>" "Sweave" 
"[[.data.frame" "[[" "na.omit.data.frame" "na.omit" "model.frame.default" "model.frame" "eval" "eval" "lm" "summary" "eval" "eval" "withVisible" "doTryCatch" "tryCatchOne" "tryCatchList" "tryCatch" "try" "evalFunc" "<Anonymous>" "Sweave" 
"na.omit.data.frame" "na.omit" "model.frame.default" "model.frame" "eval" "eval" "lm" "summary" "eval" "eval" "withVisible" "doTryCatch" "tryCatchOne" "tryCatchList" "tryCatch" "try" "evalFunc" "<Anonymous>" "Sweave" 
"na.omit.data.frame" "na.omit" "model.frame.default" "model.frame" "eval" "eval" "lm" "summary" "eval" "eval" "withVisible" "doTryCatch" "tryCatchOne" "tryCatchList" "tryCatch" "try" "evalFunc" "<Anonymous>" "Sweave" 
"na.omit.data.frame" "na.omit" "model.frame.default" "model.frame" "eval" "eval" "lm" "summary" "eval" "eval" "withVisible" "doTryCatch" "tryCatchOne" "tryCatchList" "tryCatch" "try" "evalFunc" "<Anonymous>" "Sweave" 
"lm.fit" "lm" "summary" "eval" "eval" "withVisible" "doTryCatch" "tryCatchOne" "tryCatchList" "tryCatch" "try" "evalFunc" "<Anonymous>" "Sweave" 
"lm" "summary" "eval" "eval" "withVisible" "doTryCatch" "tryCatchOne" "tryCatchList" "tryCatch" "try" "evalFunc" "<Anonymous>" "Sweave" 
"vapply" ".getXlevels" "lm" "summary" "eval" "eval" "withVisible" "doTryCatch" "tryCatchOne" "tryCatchList" "tryCatch" "try" "evalFunc" "<Anonymous>" "Sweave" 
"vapply" ".getXlevels" "lm" "summary" "eval" "eval" "withVisible" "doTryCatch" "tryCatchOne" "tryCatchList" "tryCatch" "try" "evalFunc" "<Anonymous>" "Sweave" 
"vapply" ".getXlevels" "lm" "summary" "eval" "eval" "withVisible" "doTryCatch" "tryCatchOne" "tryCatchList" "tryCatch" "try" "evalFunc" "<Anonymous>" "Sweave" 
"as.list.data.frame" "as.list" "vapply" "model.frame.default" "model.frame" "eval" "eval" "lm" "summary" "eval" "eval" "withVisible" "doTryCatch" "tryCatchOne" "tryCatchList" "tryCatch" "try" "evalFunc" "<Anonymous>" "Sweave" 
"FUN" "lapply" "sapply" "match" "model.matrix.default" "model.matrix" "lm" "summary" "eval" "eval" "withVisible" "doTryCatch" "tryCatchOne" "tryCatchList" "tryCatch" "try" "evalFunc" "<Anonymous>" "Sweave" 
"lm.fit" "lm" "summary" "eval" "eval" "withVisible" "doTryCatch" "tryCatchOne" "tryCatchList" "tryCatch" "try" "evalFunc" "<Anonymous>" "Sweave" 
"na.omit" "model.frame.default" "model.frame" "eval" "eval" "lm" "summary" "eval" "eval" "withVisible" "doTryCatch" "tryCatchOne" "tryCatchList" "tryCatch" "try" "evalFunc" "<Anonymous>" "Sweave" 
"[.data.frame" "[" "na.omit.data.frame" "na.omit" "model.frame.default" "model.frame" "eval" "eval" "lm" "summary" "eval" "eval" "withVisible" "doTryCatch" "tryCatchOne" "tryCatchList" "tryCatch" "try" "evalFunc" "<Anonymous>" "Sweave" 
"as.character" "model.response" "lm" "summary" "eval" "eval" "withVisible" "doTryCatch" "tryCatchOne" "tryCatchList" "tryCatch" "try" "evalFunc" "<Anonymous>" "Sweave" 
"model.matrix.default" "model.matrix" "lm" "summary" "eval" "eval" "withVisible" "doTryCatch" "tryCatchOne" "tryCatchList" "tryCatch" "try" "evalFunc" "<Anonymous>" "Sweave" 
"model.matrix.default" "model.matrix" "lm" "summary" "eval" "eval" "withVisible" "doTryCatch" "tryCatchOne" "tryCatchList" "tryCatch" "try" "evalFunc" "<Anonymous>" "Sweave" 
"lm.fit" "lm" "summary" "eval" "eval" "withVisible" "doTryCatch" "tryCatchOne" "tryCatchList" "tryCatch" "try" "evalFunc" "<Anonymous>" "Sweave" 
"structure" "[.data.frame" "[" "lapply" ".getXlevels" "lm" "summary" "eval" "eval" "withVisible" "doTryCatch" "tryCatchOne" "tryCatchList" "tryCatch" "try" "evalFunc" "<Anonymous>" "Sweave" 
"structure" "[.data.frame" "[" "lapply" ".getXlevels" "lm" "summary" "eval" "eval" "withVisible" "doTryCatch" "tryCatchOne" "tryCatchList" "tryCatch" "try" "evalFunc" "<Anonymous>" "Sweave" 
"structure" "[.data.frame" "[" "lapply" ".getXlevels" "lm" "summary" "eval" "eval" "withVisible" "doTryCatch" "tryCatchOne" "tryCatchList" "tryCatch" "try" "evalFunc" "<Anonymous>" "Sweave" 
"structure" "[.data.frame" "[" "lapply" ".getXlevels" "lm" "summary" "eval" "eval" "withVisible" "doTryCatch" "tryCatchOne" "tryCatchList" "tryCatch" "try" "evalFunc" "<Anonymous>" "Sweave" 
"$" "summary.lm" "summary" "eval" "eval" "withVisible" "doTryCatch" "tryCatchOne" "tryCatchList" "tryCatch" "try" "evalFunc" "<Anonymous>" "Sweave" 
"lm.fit" "lm" "summary" "eval" "eval" "withVisible" "doTryCatch" "tryCatchOne" "tryCatchList" "tryCatch" "try" "evalFunc" "<Anonymous>" "Sweave" 
"structure" "lm.fit" "lm" "summary" "eval" "eval" "withVisible" "doTryCatch" "tryCatchOne" "tryCatchList" "tryCatch" "try" "evalFunc" "<Anonymous>" "Sweave" 
"list" "eval" "eval" "model.frame.default" "model.frame" "eval" "eval" "lm" "summary" "eval" "eval" "withVisible" "doTryCatch" "tryCatchOne" "tryCatchList" "tryCatch" "try" "evalFunc" "<Anonymous>" "Sweave" 
"anyDuplicated.default" "anyDuplicated" "[.data.frame" "[" "na.omit.data.frame" "na.omit" "model.frame.default" "model.frame" "eval" "eval" "lm" "summary" "eval" "eval" "withVisible" "doTryCatch" "tryCatchOne" "tryCatchList" "tryCatch" "try" "evalFunc" "<Anonymous>" "Sweave" 
"as.character" "model.response" "lm" "summary" "eval" "eval" "withVisible" "doTryCatch" "tryCatchOne" "tryCatchList" "tryCatch" "try" "evalFunc" "<Anonymous>" "Sweave" 
"model.matrix.default" "model.matrix" "lm" "summary" "eval" "eval" "withVisible" "doTryCatch" "tryCatchOne" "tryCatchList" "tryCatch" "try" "evalFunc" "<Anonymous>" "Sweave" 
"lm.fit" "lm" "summary" "eval" "eval" "withVisible" "doTryCatch" "tryCatchOne" "tryCatchList" "tryCatch" "try" "evalFunc" "<Anonymous>" "Sweave" 
"na.omit" "model.frame.default" "model.frame" "eval" "eval" "lm" "summary" "eval" "eval" "withVisible" "doTryCatch" "tryCatchOne" "tryCatchList" "tryCatch" "try" "evalFunc" "<Anonymous>" "Sweave" 
"anyDuplicated.default" "anyDuplicated" "[.data.frame" "[" "na.omit.data.frame" "na.omit" "model.frame.default" "model.frame" "eval" "eval" "lm" "summary" "eval" "eval" "withVisible" "doTryCatch" "tryCatchOne" "tryCatchList" "tryCatch" "try" "evalFunc" "<Anonymous>" "Sweave" 
"anyDuplicated.default" "anyDuplicated" "[.data.frame" "[" "na.omit.data.frame" "na.omit" "model.frame.default" "model.frame" "eval" "eval" "lm" "summary" "eval" "eval" "withVisible" "doTryCatch" "tryCatchOne" "tryCatchList" "tryCatch" "try" "evalFunc" "<Anonymous>" "Sweave" 
"anyDuplicated.default" "anyDuplicated" "[.data.frame" "[" "na.omit.data.frame" "na.omit" "model.frame.default" "model.frame" "eval" "eval" "lm" "summary" "eval" "eval" "withVisible" "doTryCatch" "tryCatchOne" "tryCatchList" "tryCatch" "try" "evalFunc" "<Anonymous>" "Sweave" 
"anyDuplicated.default" "anyDuplicated" "[.data.frame" "[" "na.omit.data.frame" "na.omit" "model.frame.default" "model.frame" "eval" "eval" "lm" "summary" "eval" "eval" "withVisible" "doTryCatch" "tryCatchOne" "tryCatchList" "tryCatch" "try" "evalFunc" "<Anonymous>" "Sweave" 
"as.character" "model.response" "lm" "summary" "eval" "eval" "withVisible" "doTryCatch" "tryCatchOne" "tryCatchList" "tryCatch" "try" "evalFunc" "<Anonymous>" "Sweave" 
"summary.lm" "summary" "eval" "eval" "withVisible" "doTryCatch" "tryCatchOne" "tryCatchList" "tryCatch" "try" "evalFunc" "<Anonymous>" "Sweave" 
"as.character" "model.response" "lm" "summary" "eval" "eval" "withVisible" "doTryCatch" "tryCatchOne" "tryCatchList" "tryCatch" "try" "evalFunc" "<Anonymous>" "Sweave" 
"model.matrix.default" "model.matrix" "lm" "summary" "eval" "eval" "withVisible" "doTryCatch" "tryCatchOne" "tryCatchList" "tryCatch" "try" "evalFunc" "<Anonymous>" "Sweave" 
"structure" "lm.fit" "lm" "summary" "eval" "eval" "withVisible" "doTryCatch" "tryCatchOne" "tryCatchList" "tryCatch" "try" "evalFunc" "<Anonymous>" "Sweave" 
"structure" "lm.fit" "lm" "summary" "eval" "eval" "withVisible" "doTryCatch" "tryCatchOne" "tryCatchList" "tryCatch" "try" "evalFunc" "<Anonymous>" "Sweave" 
"summary.lm" "summary" "eval" "eval" "withVisible" "doTryCatch" "tryCatchOne" "tryCatchList" "tryCatch" "try" "evalFunc" "<Anonymous>" "Sweave" 
"na.omit.data.frame" "na.omit" "model.frame.default" "model.frame" "eval" "eval" "lm" "summary" "eval" "eval" "withVisible" "doTryCatch" "tryCatchOne" "tryCatchList" "tryCatch" "try" "evalFunc" "<Anonymous>" "Sweave" 
"lm.fit" "lm" "summary" "eval" "eval" "withVisible" "doTryCatch" "tryCatchOne" "tryCatchList" "tryCatch" "try" "evalFunc" "<Anonymous>" "Sweave" 
"structure" "[.data.frame" "[" "lapply" ".getXlevels" "lm" "summary" "eval" "eval" "withVisible" "doTryCatch" "tryCatchOne" "tryCatchList" "tryCatch" "try" "evalFunc" "<Anonymous>" "Sweave" 
"[.data.frame" "[" "na.omit.data.frame" "na.omit" "model.frame.default" "model.frame" "eval" "eval" "lm" "summary" "eval" "eval" "withVisible" "doTryCatch" "tryCatchOne" "tryCatchList" "tryCatch" "try" "evalFunc" "<Anonymous>" "Sweave" 
"as.character" "model.response" "lm" "summary" "eval" "eval" "withVisible" "doTryCatch" "tryCatchOne" "tryCatchList" "tryCatch" "try" "evalFunc" "<Anonymous>" "Sweave" 
"as.character" "model.response" "lm" "summary" "eval" "eval" "withVisible" "doTryCatch" "tryCatchOne" "tryCatchList" "tryCatch" "try" "evalFunc" "<Anonymous>" "Sweave" 
"as.list.data.frame" "as.list" "vapply" "model.matrix.default" "model.matrix" "lm" "summary" "eval" "eval" "withVisible" "doTryCatch" "tryCatchOne" "tryCatchList" "tryCatch" "try" "evalFunc" "<Anonymous>" "Sweave" 
"model.matrix.default" "model.matrix" "lm" "summary" "eval" "eval" "withVisible" "doTryCatch" "tryCatchOne" "tryCatchList" "tryCatch" "try" "evalFunc" "<Anonymous>" "Sweave" 
"lm.fit" "lm" "summary" "eval" "eval" "withVisible" "doTryCatch" "tryCatchOne" "tryCatchList" "tryCatch" "try" "evalFunc" "<Anonymous>" "Sweave" 
"lm.fit" "lm" "summary" "eval" "eval" "withVisible" "doTryCatch" "tryCatchOne" "tryCatchList" "tryCatch" "try" "evalFunc" "<Anonymous>" "Sweave" 
"lm" "summary" "eval" "eval" "withVisible" "doTryCatch" "tryCatchOne" "tryCatchList" "tryCatch" "try" "evalFunc" "<Anonymous>" "Sweave" 
"lm" "summary" "eval" "eval" "withVisible" "doTryCatch" "tryCatchOne" "tryCatchList" "tryCatch" "try" "evalFunc" "<Anonymous>" "Sweave" 
"lm" "summary" "eval" "eval" "withVisible" "doTryCatch" "tryCatchOne" "tryCatchList" "tryCatch" "try" "evalFunc" "<Anonymous>" "Sweave" 
"summary.lm" "summary" "eval" "eval" "withVisible" "doTryCatch" "tryCatchOne" "tryCatchList" "tryCatch" "try" "evalFunc" "<Anonymous>" "Sweave" 
"<Anonymous>" "[[.data.frame" "[[" "na.omit.data.frame" "na.omit" "model.frame.default" "model.frame" "eval" "eval" "lm" "summary" "eval" "eval" "withVisible" "doTryCatch" "tryCatchOne" "tryCatchList" "tryCatch" "try" "evalFunc" "<Anonymous>" "Sweave" 
"<Anonymous>" "[[.data.frame" "[[" "na.omit.data.frame" "na.omit" "model.frame.default" "model.frame" "eval" "eval" "lm" "summary" "eval" "eval" "withVisible" "doTryCatch" "tryCatchOne" "tryCatchList" "tryCatch" "try" "evalFunc" "<Anonymous>" "Sweave" 
"<Anonymous>" "[[.data.frame" "[[" "na.omit.data.frame" "na.omit" "model.frame.default" "model.frame" "eval" "eval" "lm" "summary" "eval" "eval" "withVisible" "doTryCatch" "tryCatchOne" "tryCatchList" "tryCatch" "try" "evalFunc" "<Anonymous>" "Sweave" 
"<Anonymous>" "[[.data.frame" "[[" "na.omit.data.frame" "na.omit" "model.frame.default" "model.frame" "eval" "eval" "lm" "summary" "eval" "eval" "withVisible" "doTryCatch" "tryCatchOne" "tryCatchList" "tryCatch" "try" "evalFunc" "<Anonymous>" "Sweave" 
"<Anonymous>" "[[.data.frame" "[[" "na.omit.data.frame" "na.omit" "model.frame.default" "model.frame" "eval" "eval" "lm" "summary" "eval" "eval" "withVisible" "doTryCatch" "tryCatchOne" "tryCatchList" "tryCatch" "try" "evalFunc" "<Anonymous>" "Sweave" 
"anyDuplicated.default" "anyDuplicated" "[.data.frame" "[" "na.omit.data.frame" "na.omit" "model.frame.default" "model.frame" "eval" "eval" "lm" "summary" "eval" "eval" "withVisible" "doTryCatch" "tryCatchOne" "tryCatchList" "tryCatch" "try" "evalFunc" "<Anonymous>" "Sweave" 
"sapply" "match" "model.matrix.default" "model.matrix" "lm" "summary" "eval" "eval" "withVisible" "doTryCatch" "tryCatchOne" "tryCatchList" "tryCatch" "try" "evalFunc" "<Anonymous>" "Sweave" 
"model.matrix.default" "model.matrix" "lm" "summary" "eval" "eval" "withVisible" "doTryCatch" "tryCatchOne" "tryCatchList" "tryCatch" "try" "evalFunc" "<Anonymous>" "Sweave" 
"lm.fit" "lm" "summary" "eval" "eval" "withVisible" "doTryCatch" "tryCatchOne" "tryCatchList" "tryCatch" "try" "evalFunc" "<Anonymous>" "Sweave" 
"lm.fit" "lm" "summary" "eval" "eval" "withVisible" "doTryCatch" "tryCatchOne" "tryCatchList" "tryCatch" "try" "evalFunc" "<Anonymous>" "Sweave" 
"summary.lm" "summary" "eval" "eval" "withVisible" "doTryCatch" "tryCatchOne" "tryCatchList" "tryCatch" "try" "evalFunc" "<Anonymous>" "Sweave" 
"[.data.frame" "[" "na.omit.data.frame" "na.omit" "model.frame.default" "model.frame" "eval" "eval" "lm" "summary" "eval" "eval" "withVisible" "doTryCatch" "tryCatchOne" "tryCatchList" "tryCatch" "try" "evalFunc" "<Anonymous>" "Sweave" 
"[.data.frame" "[" "na.omit.data.frame" "na.omit" "model.frame.default" "model.frame" "eval" "eval" "lm" "summary" "eval" "eval" "withVisible" "doTryCatch" "tryCatchOne" "tryCatchList" "tryCatch" "try" "evalFunc" "<Anonymous>" "Sweave" 
"anyDuplicated.default" "anyDuplicated" "[.data.frame" "[" "na.omit.data.frame" "na.omit" "model.frame.default" "model.frame" "eval" "eval" "lm" "summary" "eval" "eval" "withVisible" "doTryCatch" "tryCatchOne" "tryCatchList" "tryCatch" "try" "evalFunc" "<Anonymous>" "Sweave" 
"as.character" "model.response" "lm" "summary" "eval" "eval" "withVisible" "doTryCatch" "tryCatchOne" "tryCatchList" "tryCatch" "try" "evalFunc" "<Anonymous>" "Sweave" 
"lm.fit" "lm" "summary" "eval" "eval" "withVisible" "doTryCatch" "tryCatchOne" "tryCatchList" "tryCatch" "try" "evalFunc" "<Anonymous>" "Sweave" 
"na.omit" "model.frame.default" "model.frame" "eval" "eval" "lm" "summary" "eval" "eval" "withVisible" "doTryCatch" "tryCatchOne" "tryCatchList" "tryCatch" "try" "evalFunc" "<Anonymous>" "Sweave" 
"[.data.frame" "[" "na.omit.data.frame" "na.omit" "model.frame.default" "model.frame" "eval" "eval" "lm" "summary" "eval" "eval" "withVisible" "doTryCatch" "tryCatchOne" "tryCatchList" "tryCatch" "try" "evalFunc" "<Anonymous>" "Sweave" 
"lm.fit" "lm" "summary" "eval" "eval" "withVisible" "doTryCatch" "tryCatchOne" "tryCatchList" "tryCatch" "try" "evalFunc" "<Anonymous>" "Sweave" 
"lm.fit" "lm" "summary" "eval" "eval" "withVisible" "doTryCatch" "tryCatchOne" "tryCatchList" "tryCatch" "try" "evalFunc" "<Anonymous>" "Sweave" 
"lm.fit" "lm" "summary" "eval" "eval" "withVisible" "doTryCatch" "tryCatchOne" "tryCatchList" "tryCatch" "try" "evalFunc" "<Anonymous>" "Sweave" 
"summary.lm" "summary" "eval" "eval" "withVisible" "doTryCatch" "tryCatchOne" "tryCatchList" "tryCatch" "try" "evalFunc" "<Anonymous>" "Sweave" 
"summary.lm" "summary" "eval" "eval" "withVisible" "doTryCatch" "tryCatchOne" "tryCatchList" "tryCatch" "try" "evalFunc" "<Anonymous>" "Sweave" 
"summary.lm" "summary" "eval" "eval" "withVisible" "doTryCatch" "tryCatchOne" "tryCatchList" "tryCatch" "try" "evalFunc" "<Anonymous>" "Sweave" 
"summary.lm" "summary" "eval" "eval" "withVisible" "doTryCatch" "tryCatchOne" "tryCatchList" "tryCatch" "try" "evalFunc" "<Anonymous>" "Sweave" 
"lm.fit" "lm" "summary" "eval" "eval" "withVisible" "doTryCatch" "tryCatchOne" "tryCatchList" "tryCatch" "try" "evalFunc" "<Anonymous>" "Sweave" 
"lm" "summary" "eval" "eval" "withVisible" "doTryCatch" "tryCatchOne" "tryCatchList" "tryCatch" "try" "evalFunc" "<Anonymous>" "Sweave" 
"model.matrix.default" "model.matrix" "lm" "summary" "eval" "eval" "withVisible" "doTryCatch" "tryCatchOne" "tryCatchList" "tryCatch" "try" "evalFunc" "<Anonymous>" "Sweave" 
"lm.fit" "lm" "summary" "eval" "eval" "withVisible" "doTryCatch" "tryCatchOne" "tryCatchList" "tryCatch" "try" "evalFunc" "<Anonymous>" "Sweave" 
"rep.int" "lm.fit" "lm" "summary" "eval" "eval" "withVisible" "doTryCatch" "tryCatchOne" "tryCatchList" "tryCatch" "try" "evalFunc" "<Anonymous>" "Sweave" 
"structure" "[.data.frame" "[" "lapply" ".getXlevels" "lm" "summary" "eval" "eval" "withVisible" "doTryCatch" "tryCatchOne" "tryCatchList" "tryCatch" "try" "evalFunc" "<Anonymous>" "Sweave" 
"[.data.frame" "[" "na.omit.data.frame" "na.omit" "model.frame.default" "model.frame" "eval" "eval" "lm" "summary" "eval" "eval" "withVisible" "doTryCatch" "tryCatchOne" "tryCatchList" "tryCatch" "try" "evalFunc" "<Anonymous>" "Sweave" 
"[.data.frame" "[" "na.omit.data.frame" "na.omit" "model.frame.default" "model.frame" "eval" "eval" "lm" "summary" "eval" "eval" "withVisible" "doTryCatch" "tryCatchOne" "tryCatchList" "tryCatch" "try" "evalFunc" "<Anonymous>" "Sweave" 
"[.data.frame" "[" "na.omit.data.frame" "na.omit" "model.frame.default" "model.frame" "eval" "eval" "lm" "summary" "eval" "eval" "withVisible" "doTryCatch" "tryCatchOne" "tryCatchList" "tryCatch" "try" "evalFunc" "<Anonymous>" "Sweave" 
"as.character" "model.response" "lm" "summary" "eval" "eval" "withVisible" "doTryCatch" "tryCatchOne" "tryCatchList" "tryCatch" "try" "evalFunc" "<Anonymous>" "Sweave" 
"model.matrix.default" "model.matrix" "lm" "summary" "eval" "eval" "withVisible" "doTryCatch" "tryCatchOne" "tryCatchList" "tryCatch" "try" "evalFunc" "<Anonymous>" "Sweave" 
"[.data.frame" "[" "na.omit.data.frame" "na.omit" "model.frame.default" "model.frame" "eval" "eval" "lm" "summary" "eval" "eval" "withVisible" "doTryCatch" "tryCatchOne" "tryCatchList" "tryCatch" "try" "evalFunc" "<Anonymous>" "Sweave" 
"as.character" "model.response" "lm" "summary" "eval" "eval" "withVisible" "doTryCatch" "tryCatchOne" "tryCatchList" "tryCatch" "try" "evalFunc" "<Anonymous>" "Sweave" 
"model.matrix.default" "model.matrix" "lm" "summary" "eval" "eval" "withVisible" "doTryCatch" "tryCatchOne" "tryCatchList" "tryCatch" "try" "evalFunc" "<Anonymous>" "Sweave" 
"lm" "summary" "eval" "eval" "withVisible" "doTryCatch" "tryCatchOne" "tryCatchList" "tryCatch" "try" "evalFunc" "<Anonymous>" "Sweave" 
"model.frame.default" "model.frame" "eval" "eval" "lm" "summary" "eval" "eval" "withVisible" "doTryCatch" "tryCatchOne" "tryCatchList" "tryCatch" "try" "evalFunc" "<Anonymous>" "Sweave" 
"model.response" "lm" "summary" "eval" "eval" "withVisible" "doTryCatch" "tryCatchOne" "tryCatchList" "tryCatch" "try" "evalFunc" "<Anonymous>" "Sweave" 
"lm.fit" "lm" "summary" "eval" "eval" "withVisible" "doTryCatch" "tryCatchOne" "tryCatchList" "tryCatch" "try" "evalFunc" "<Anonymous>" "Sweave" 
"na.omit.data.frame" "na.omit" "model.frame.default" "model.frame" "eval" "eval" "lm" "summary" "eval" "eval" "withVisible" "doTryCatch" "tryCatchOne" "tryCatchList" "tryCatch" "try" "evalFunc" "<Anonymous>" "Sweave" 
"as.character" "model.response" "lm" "summary" "eval" "eval" "withVisible" "doTryCatch" "tryCatchOne" "tryCatchList" "tryCatch" "try" "evalFunc" "<Anonymous>" "Sweave" 
"lm.fit" "lm" "summary" "eval" "eval" "withVisible" "doTryCatch" "tryCatchOne" "tryCatchList" "tryCatch" "try" "evalFunc" "<Anonymous>" "Sweave" 
"lm" "summary" "eval" "eval" "withVisible" "doTryCatch" "tryCatchOne" "tryCatchList" "tryCatch" "try" "evalFunc" "<Anonymous>" "Sweave" 
"summary.lm" "summary" "eval" "eval" "withVisible" "doTryCatch" "tryCatchOne" "tryCatchList" "tryCatch" "try" "evalFunc" "<Anonymous>" "Sweave" 
"model.frame.default" "model.frame" "eval" "eval" "lm" "summary" "eval" "eval" "withVisible" "doTryCatch" "tryCatchOne" "tryCatchList" "tryCatch" "try" "evalFunc" "<Anonymous>" "Sweave" 
"[.data.frame" "[" "na.omit.data.frame" "na.omit" "model.frame.default" "model.frame" "eval" "eval" "lm" "summary" "eval" "eval" "withVisible" "doTryCatch" "tryCatchOne" "tryCatchList" "tryCatch" "try" "evalFunc" "<Anonymous>" "Sweave" 
"model.frame.default" "model.frame" "eval" "eval" "lm" "summary" "eval" "eval" "withVisible" "doTryCatch" "tryCatchOne" "tryCatchList" "tryCatch" "try" "evalFunc" "<Anonymous>" "Sweave" 
"as.character" "model.response" "lm" "summary" "eval" "eval" "withVisible" "doTryCatch" "tryCatchOne" "tryCatchList" "tryCatch" "try" "evalFunc" "<Anonymous>" "Sweave" 
"lm.fit" "lm" "summary" "eval" "eval" "withVisible" "doTryCatch" "tryCatchOne" "tryCatchList" "tryCatch" "try" "evalFunc" "<Anonymous>" "Sweave" 
"lm.fit" "lm" "summary" "eval" "eval" "withVisible" "doTryCatch" "tryCatchOne" "tryCatchList" "tryCatch" "try" "evalFunc" "<Anonymous>" "Sweave" 
"lm" "summary" "eval" "eval" "withVisible" "doTryCatch" "tryCatchOne" "tryCatchList" "tryCatch" "try" "evalFunc" "<Anonymous>" "Sweave" 
"summary.lm" "summary" "eval" "eval" "withVisible" "doTryCatch" "tryCatchOne" "tryCatchList" "tryCatch" "try" "evalFunc" "<Anonymous>" "Sweave" 
"na.omit" "model.frame.default" "model.frame" "eval" "eval" "lm" "summary" "eval" "eval" "withVisible" "doTryCatch" "tryCatchOne" "tryCatchList" "tryCatch" "try" "evalFunc" "<Anonymous>" "Sweave" 
"[.data.frame" "[" "na.omit.data.frame" "na.omit" "model.frame.default" "model.frame" "eval" "eval" "lm" "summary" "eval" "eval" "withVisible" "doTryCatch" "tryCatchOne" "tryCatchList" "tryCatch" "try" "evalFunc" "<Anonymous>" "Sweave" 
"[.data.frame" "[" "na.omit.data.frame" "na.omit" "model.frame.default" "model.frame" "eval" "eval" "lm" "summary" "eval" "eval" "withVisible" "doTryCatch" "tryCatchOne" "tryCatchList" "tryCatch" "try" "evalFunc" "<Anonymous>" "Sweave" 
"as.list.data.frame" "as.list" "vapply" "model.frame.default" "model.frame" "eval" "eval" "lm" "summary" "eval" "eval" "withVisible" "doTryCatch" "tryCatchOne" "tryCatchList" "tryCatch" "try" "evalFunc" "<Anonymous>" "Sweave" 
"as.list.data.frame" "as.list" "vapply" "model.matrix.default" "model.matrix" "lm" "summary" "eval" "eval" "withVisible" "doTryCatch" "tryCatchOne" "tryCatchList" "tryCatch" "try" "evalFunc" "<Anonymous>" "Sweave" 
"lm.fit" "lm" "summary" "eval" "eval" "withVisible" "doTryCatch" "tryCatchOne" "tryCatchList" "tryCatch" "try" "evalFunc" "<Anonymous>" "Sweave" 
"match" "%in%" "structure" "lm.fit" "lm" "summary" "eval" "eval" "withVisible" "doTryCatch" "tryCatchOne" "tryCatchList" "tryCatch" "try" "evalFunc" "<Anonymous>" "Sweave" 
"lm.fit" "lm" "summary" "eval" "eval" "withVisible" "doTryCatch" "tryCatchOne" "tryCatchList" "tryCatch" "try" "evalFunc" "<Anonymous>" "Sweave" 
"lm" "summary" "eval" "eval" "withVisible" "doTryCatch" "tryCatchOne" "tryCatchList" "tryCatch" "try" "evalFunc" "<Anonymous>" "Sweave" 
"model.response" "lm" "summary" "eval" "eval" "withVisible" "doTryCatch" "tryCatchOne" "tryCatchList" "tryCatch" "try" "evalFunc" "<Anonymous>" "Sweave" 
"as.list.data.frame" "as.list" "vapply" "model.matrix.default" "model.matrix" "lm" "summary" "eval" "eval" "withVisible" "doTryCatch" "tryCatchOne" "tryCatchList" "tryCatch" "try" "evalFunc" "<Anonymous>" "Sweave" 
"as.list.data.frame" "as.list" "vapply" "model.matrix.default" "model.matrix" "lm" "summary" "eval" "eval" "withVisible" "doTryCatch" "tryCatchOne" "tryCatchList" "tryCatch" "try" "evalFunc" "<Anonymous>" "Sweave" 
"model.matrix.default" "model.matrix" "lm" "summary" "eval" "eval" "withVisible" "doTryCatch" "tryCatchOne" "tryCatchList" "tryCatch" "try" "evalFunc" "<Anonymous>" "Sweave" 
"lm.fit" "lm" "summary" "eval" "eval" "withVisible" "doTryCatch" "tryCatchOne" "tryCatchList" "tryCatch" "try" "evalFunc" "<Anonymous>" "Sweave" 
"lm" "summary" "eval" "eval" "withVisible" "doTryCatch" "tryCatchOne" "tryCatchList" "tryCatch" "try" "evalFunc" "<Anonymous>" "Sweave" 
"model.response" "lm" "summary" "eval" "eval" "withVisible" "doTryCatch" "tryCatchOne" "tryCatchList" "tryCatch" "try" "evalFunc" "<Anonymous>" "Sweave" 
"model.matrix.default" "model.matrix" "lm" "summary" "eval" "eval" "withVisible" "doTryCatch" "tryCatchOne" "tryCatchList" "tryCatch" "try" "evalFunc" "<Anonymous>" "Sweave" 
"lm" "summary" "eval" "eval" "withVisible" "doTryCatch" "tryCatchOne" "tryCatchList" "tryCatch" "try" "evalFunc" "<Anonymous>" "Sweave" 
"na.omit" "model.frame.default" "model.frame" "eval" "eval" "lm" "summary" "eval" "eval" "withVisible" "doTryCatch" "tryCatchOne" "tryCatchList" "tryCatch" "try" "evalFunc" "<Anonymous>" "Sweave" 
"[.data.frame" "[" "na.omit.data.frame" "na.omit" "model.frame.default" "model.frame" "eval" "eval" "lm" "summary" "eval" "eval" "withVisible" "doTryCatch" "tryCatchOne" "tryCatchList" "tryCatch" "try" "evalFunc" "<Anonymous>" "Sweave" 
"rep.int" "lm.fit" "lm" "summary" "eval" "eval" "withVisible" "doTryCatch" "tryCatchOne" "tryCatchList" "tryCatch" "try" "evalFunc" "<Anonymous>" "Sweave" 
"lm.fit" "lm" "summary" "eval" "eval" "withVisible" "doTryCatch" "tryCatchOne" "tryCatchList" "tryCatch" "try" "evalFunc" "<Anonymous>" "Sweave" 
"lm.fit" "lm" "summary" "eval" "eval" "withVisible" "doTryCatch" "tryCatchOne" "tryCatchList" "tryCatch" "try" "evalFunc" "<Anonymous>" "Sweave" 
"lm.fit" "lm" "summary" "eval" "eval" "withVisible" "doTryCatch" "tryCatchOne" "tryCatchList" "tryCatch" "try" "evalFunc" "<Anonymous>" "Sweave" 
"[.data.frame" "[" "na.omit.data.frame" "na.omit" "model.frame.default" "model.frame" "eval" "eval" "lm" "summary" "eval" "eval" "withVisible" "doTryCatch" "tryCatchOne" "tryCatchList" "tryCatch" "try" "evalFunc" "<Anonymous>" "Sweave" 
"na.omit.data.frame" "na.omit" "model.frame.default" "model.frame" "eval" "eval" "lm" "summary" "eval" "eval" "withVisible" "doTryCatch" "tryCatchOne" "tryCatchList" "tryCatch" "try" "evalFunc" "<Anonymous>" "Sweave" 
"as.list.data.frame" "as.list" "vapply" "model.matrix.default" "model.matrix" "lm" "summary" "eval" "eval" "withVisible" "doTryCatch" "tryCatchOne" "tryCatchList" "tryCatch" "try" "evalFunc" "<Anonymous>" "Sweave" 
"lm.fit" "lm" "summary" "eval" "eval" "withVisible" "doTryCatch" "tryCatchOne" "tryCatchList" "tryCatch" "try" "evalFunc" "<Anonymous>" "Sweave" 
"rep.int" "lm.fit" "lm" "summary" "eval" "eval" "withVisible" "doTryCatch" "tryCatchOne" "tryCatchList" "tryCatch" "try" "evalFunc" "<Anonymous>" "Sweave" 
"structure" "[.data.frame" "[" "lapply" ".getXlevels" "lm" "summary" "eval" "eval" "withVisible" "doTryCatch" "tryCatchOne" "tryCatchList" "tryCatch" "try" "evalFunc" "<Anonymous>" "Sweave" 
"[.data.frame" "[" "na.omit.data.frame" "na.omit" "model.frame.default" "model.frame" "eval" "eval" "lm" "summary" "eval" "eval" "withVisible" "doTryCatch" "tryCatchOne" "tryCatchList" "tryCatch" "try" "evalFunc" "<Anonymous>" "Sweave" 
"lm.fit" "lm" "summary" "eval" "eval" "withVisible" "doTryCatch" "tryCatchOne" "tryCatchList" "tryCatch" "try" "evalFunc" "<Anonymous>" "Sweave" 
"lm" "summary" "eval" "eval" "withVisible" "doTryCatch" "tryCatchOne" "tryCatchList" "tryCatch" "try" "evalFunc" "<Anonymous>" "Sweave" 
"[.data.frame" "[" "na.omit.data.frame" "na.omit" "model.frame.default" "model.frame" "eval" "eval" "lm" "summary" "eval" "eval" "withVisible" "doTryCatch" "tryCatchOne" "tryCatchList" "tryCatch" "try" "evalFunc" "<Anonymous>" "Sweave" 
"as.list.data.frame" "as.list" "vapply" "model.frame.default" "model.frame" "eval" "eval" "lm" "summary" "eval" "eval" "withVisible" "doTryCatch" "tryCatchOne" "tryCatchList" "tryCatch" "try" "evalFunc" "<Anonymous>" "Sweave" 
"model.matrix.default" "model.matrix" "lm" "summary" "eval" "eval" "withVisible" "doTryCatch" "tryCatchOne" "tryCatchList" "tryCatch" "try" "evalFunc" "<Anonymous>" "Sweave" 
"rep.int" "lm.fit" "lm" "summary" "eval" "eval" "withVisible" "doTryCatch" "tryCatchOne" "tryCatchList" "tryCatch" "try" "evalFunc" "<Anonymous>" "Sweave" 
"lm.fit" "lm" "summary" "eval" "eval" "withVisible" "doTryCatch" "tryCatchOne" "tryCatchList" "tryCatch" "try" "evalFunc" "<Anonymous>" "Sweave" 
"lm.fit" "lm" "summary" "eval" "eval" "withVisible" "doTryCatch" "tryCatchOne" "tryCatchList" "tryCatch" "try" "evalFunc" "<Anonymous>" "Sweave" 
"na.omit" "model.frame.default" "model.frame" "eval" "eval" "lm" "summary" "eval" "eval" "withVisible" "doTryCatch" "tryCatchOne" "tryCatchList" "tryCatch" "try" "evalFunc" "<Anonymous>" "Sweave" 
"model.matrix.default" "model.matrix" "lm" "summary" "eval" "eval" "withVisible" "doTryCatch" "tryCatchOne" "tryCatchList" "tryCatch" "try" "evalFunc" "<Anonymous>" "Sweave" 
"lm" "summary" "eval" "eval" "withVisible" "doTryCatch" "tryCatchOne" "tryCatchList" "tryCatch" "try" "evalFunc" "<Anonymous>" "Sweave" 
"[.data.frame" "[" "na.omit.data.frame" "na.omit" "model.frame.default" "model.frame" "eval" "eval" "lm" "summary" "eval" "eval" "withVisible" "doTryCatch" "tryCatchOne" "tryCatchList" "tryCatch" "try" "evalFunc" "<Anonymous>" "Sweave" 
"as.character" "model.response" "lm" "summary" "eval" "eval" "withVisible" "doTryCatch" "tryCatchOne" "tryCatchList" "tryCatch" "try" "evalFunc" "<Anonymous>" "Sweave" 
"model.matrix.default" "model.matrix" "lm" "summary" "eval" "eval" "withVisible" "doTryCatch" "tryCatchOne" "tryCatchList" "tryCatch" "try" "evalFunc" "<Anonymous>" "Sweave" 
"model.matrix.default" "model.matrix" "lm" "summary" "eval" "eval" "withVisible" "doTryCatch" "tryCatchOne" "tryCatchList" "tryCatch" "try" "evalFunc" "<Anonymous>" "Sweave" 
"model.matrix.default" "model.matrix" "lm" "summary" "eval" "eval" "withVisible" "doTryCatch" "tryCatchOne" "tryCatchList" "tryCatch" "try" "evalFunc" "<Anonymous>" "Sweave" 
".deparseOpts" "FUN" "lapply" "sapply" ".getXlevels" "lm" "summary" "eval" "eval" "withVisible" "doTryCatch" "tryCatchOne" "tryCatchList" "tryCatch" "try" "evalFunc" "<Anonymous>" "Sweave" 
"na.omit.data.frame" "na.omit" "model.frame.default" "model.frame" "eval" "eval" "lm" "summary" "eval" "eval" "withVisible" "doTryCatch" "tryCatchOne" "tryCatchList" "tryCatch" "try" "evalFunc" "<Anonymous>" "Sweave" 
"[.data.frame" "[" "na.omit.data.frame" "na.omit" "model.frame.default" "model.frame" "eval" "eval" "lm" "summary" "eval" "eval" "withVisible" "doTryCatch" "tryCatchOne" "tryCatchList" "tryCatch" "try" "evalFunc" "<Anonymous>" "Sweave" 
"as.character" "model.response" "lm" "summary" "eval" "eval" "withVisible" "doTryCatch" "tryCatchOne" "tryCatchList" "tryCatch" "try" "evalFunc" "<Anonymous>" "Sweave" 
"model.matrix.default" "model.matrix" "lm" "summary" "eval" "eval" "withVisible" "doTryCatch" "tryCatchOne" "tryCatchList" "tryCatch" "try" "evalFunc" "<Anonymous>" "Sweave" 
"anyDuplicated" "[.data.frame" "[" "lapply" ".getXlevels" "lm" "summary" "eval" "eval" "withVisible" "doTryCatch" "tryCatchOne" "tryCatchList" "tryCatch" "try" "evalFunc" "<Anonymous>" "Sweave" 
"anyDuplicated.default" "anyDuplicated" "[.data.frame" "[" "na.omit.data.frame" "na.omit" "model.frame.default" "model.frame" "eval" "eval" "lm" "summary" "eval" "eval" "withVisible" "doTryCatch" "tryCatchOne" "tryCatchList" "tryCatch" "try" "evalFunc" "<Anonymous>" "Sweave" 
"lm.fit" "lm" "summary" "eval" "eval" "withVisible" "doTryCatch" "tryCatchOne" "tryCatchList" "tryCatch" "try" "evalFunc" "<Anonymous>" "Sweave" 
"summary.lm" "summary" "eval" "eval" "withVisible" "doTryCatch" "tryCatchOne" "tryCatchList" "tryCatch" "try" "evalFunc" "<Anonymous>" "Sweave" 
"anyDuplicated.default" "anyDuplicated" "[.data.frame" "[" "na.omit.data.frame" "na.omit" "model.frame.default" "model.frame" "eval" "eval" "lm" "summary" "eval" "eval" "withVisible" "doTryCatch" "tryCatchOne" "tryCatchList" "tryCatch" "try" "evalFunc" "<Anonymous>" "Sweave" 
"structure" "lm.fit" "lm" "summary" "eval" "eval" "withVisible" "doTryCatch" "tryCatchOne" "tryCatchList" "tryCatch" "try" "evalFunc" "<Anonymous>" "Sweave" 
"lm.fit" "lm" "summary" "eval" "eval" "withVisible" "doTryCatch" "tryCatchOne" "tryCatchList" "tryCatch" "try" "evalFunc" "<Anonymous>" "Sweave" 
"[.data.frame" "[" "na.omit.data.frame" "na.omit" "model.frame.default" "model.frame" "eval" "eval" "lm" "summary" "eval" "eval" "withVisible" "doTryCatch" "tryCatchOne" "tryCatchList" "tryCatch" "try" "evalFunc" "<Anonymous>" "Sweave" 
"model.frame.default" "model.frame" "eval" "eval" "lm" "summary" "eval" "eval" "withVisible" "doTryCatch" "tryCatchOne" "tryCatchList" "tryCatch" "try" "evalFunc" "<Anonymous>" "Sweave" 
"model.frame.default" "model.frame" "eval" "eval" "lm" "summary" "eval" "eval" "withVisible" "doTryCatch" "tryCatchOne" "tryCatchList" "tryCatch" "try" "evalFunc" "<Anonymous>" "Sweave" 
"model.frame.default" "model.frame" "eval" "eval" "lm" "summary" "eval" "eval" "withVisible" "doTryCatch" "tryCatchOne" "tryCatchList" "tryCatch" "try" "evalFunc" "<Anonymous>" "Sweave" 
"model.frame.default" "model.frame" "eval" "eval" "lm" "summary" "eval" "eval" "withVisible" "doTryCatch" "tryCatchOne" "tryCatchList" "tryCatch" "try" "evalFunc" "<Anonymous>" "Sweave" 
"model.frame.default" "model.frame" "eval" "eval" "lm" "summary" "eval" "eval" "withVisible" "doTryCatch" "tryCatchOne" "tryCatchList" "tryCatch" "try" "evalFunc" "<Anonymous>" "Sweave" 
"as.character" "model.response" "lm" "summary" "eval" "eval" "withVisible" "doTryCatch" "tryCatchOne" "tryCatchList" "tryCatch" "try" "evalFunc" "<Anonymous>" "Sweave" 
"model.matrix.default" "model.matrix" "lm" "summary" "eval" "eval" "withVisible" "doTryCatch" "tryCatchOne" "tryCatchList" "tryCatch" "try" "evalFunc" "<Anonymous>" "Sweave" 
"[.data.frame" "[" "na.omit.data.frame" "na.omit" "model.frame.default" "model.frame" "eval" "eval" "lm" "summary" "eval" "eval" "withVisible" "doTryCatch" "tryCatchOne" "tryCatchList" "tryCatch" "try" "evalFunc" "<Anonymous>" "Sweave" 
"model.response" "lm" "summary" "eval" "eval" "withVisible" "doTryCatch" "tryCatchOne" "tryCatchList" "tryCatch" "try" "evalFunc" "<Anonymous>" "Sweave" 
"model.matrix.default" "model.matrix" "lm" "summary" "eval" "eval" "withVisible" "doTryCatch" "tryCatchOne" "tryCatchList" "tryCatch" "try" "evalFunc" "<Anonymous>" "Sweave" 
"na.omit.data.frame" "na.omit" "model.frame.default" "model.frame" "eval" "eval" "lm" "summary" "eval" "eval" "withVisible" "doTryCatch" "tryCatchOne" "tryCatchList" "tryCatch" "try" "evalFunc" "<Anonymous>" "Sweave" 
"[.data.frame" "[" "na.omit.data.frame" "na.omit" "model.frame.default" "model.frame" "eval" "eval" "lm" "summary" "eval" "eval" "withVisible" "doTryCatch" "tryCatchOne" "tryCatchList" "tryCatch" "try" "evalFunc" "<Anonymous>" "Sweave" 
".deparseOpts" "FUN" "lapply" "sapply" "match" "model.matrix.default" "model.matrix" "lm" "summary" "eval" "eval" "withVisible" "doTryCatch" "tryCatchOne" "tryCatchList" "tryCatch" "try" "evalFunc" "<Anonymous>" "Sweave" 
"lm.fit" "lm" "summary" "eval" "eval" "withVisible" "doTryCatch" "tryCatchOne" "tryCatchList" "tryCatch" "try" "evalFunc" "<Anonymous>" "Sweave" 
"as.list.data.frame" "as.list" "lapply" ".getXlevels" "lm" "summary" "eval" "eval" "withVisible" "doTryCatch" "tryCatchOne" "tryCatchList" "tryCatch" "try" "evalFunc" "<Anonymous>" "Sweave" 
"[.data.frame" "[" "na.omit.data.frame" "na.omit" "model.frame.default" "model.frame" "eval" "eval" "lm" "summary" "eval" "eval" "withVisible" "doTryCatch" "tryCatchOne" "tryCatchList" "tryCatch" "try" "evalFunc" "<Anonymous>" "Sweave" 
"as.character" "model.response" "lm" "summary" "eval" "eval" "withVisible" "doTryCatch" "tryCatchOne" "tryCatchList" "tryCatch" "try" "evalFunc" "<Anonymous>" "Sweave" 
"lm.fit" "lm" "summary" "eval" "eval" "withVisible" "doTryCatch" "tryCatchOne" "tryCatchList" "tryCatch" "try" "evalFunc" "<Anonymous>" "Sweave" 
"summary.lm" "summary" "eval" "eval" "withVisible" "doTryCatch" "tryCatchOne" "tryCatchList" "tryCatch" "try" "evalFunc" "<Anonymous>" "Sweave" 
"%in%" "[[.data.frame" "[[" "na.omit.data.frame" "na.omit" "model.frame.default" "model.frame" "eval" "eval" "lm" "summary" "eval" "eval" "withVisible" "doTryCatch" "tryCatchOne" "tryCatchList" "tryCatch" "try" "evalFunc" "<Anonymous>" "Sweave" 
"as.list.data.frame" "as.list" "vapply" "model.frame.default" "model.frame" "eval" "eval" "lm" "summary" "eval" "eval" "withVisible" "doTryCatch" "tryCatchOne" "tryCatchList" "tryCatch" "try" "evalFunc" "<Anonymous>" "Sweave" 
"lm.fit" "lm" "summary" "eval" "eval" "withVisible" "doTryCatch" "tryCatchOne" "tryCatchList" "tryCatch" "try" "evalFunc" "<Anonymous>" "Sweave" 
"summary.lm" "summary" "eval" "eval" "withVisible" "doTryCatch" "tryCatchOne" "tryCatchList" "tryCatch" "try" "evalFunc" "<Anonymous>" "Sweave" 
"model.matrix.default" "model.matrix" "lm" "summary" "eval" "eval" "withVisible" "doTryCatch" "tryCatchOne" "tryCatchList" "tryCatch" "try" "evalFunc" "<Anonymous>" "Sweave" 
"model.matrix.default" "model.matrix" "lm" "summary" "eval" "eval" "withVisible" "doTryCatch" "tryCatchOne" "tryCatchList" "tryCatch" "try" "evalFunc" "<Anonymous>" "Sweave" 
"lm.fit" "lm" "summary" "eval" "eval" "withVisible" "doTryCatch" "tryCatchOne" "tryCatchList" "tryCatch" "try" "evalFunc" "<Anonymous>" "Sweave" 
"lm.fit" "lm" "summary" "eval" "eval" "withVisible" "doTryCatch" "tryCatchOne" "tryCatchList" "tryCatch" "try" "evalFunc" "<Anonymous>" "Sweave" 
"lm" "summary" "eval" "eval" "withVisible" "doTryCatch" "tryCatchOne" "tryCatchList" "tryCatch" "try" "evalFunc" "<Anonymous>" "Sweave" 
"na.omit" "model.frame.default" "model.frame" "eval" "eval" "lm" "summary" "eval" "eval" "withVisible" "doTryCatch" "tryCatchOne" "tryCatchList" "tryCatch" "try" "evalFunc" "<Anonymous>" "Sweave" 
"na.omit" "model.frame.default" "model.frame" "eval" "eval" "lm" "summary" "eval" "eval" "withVisible" "doTryCatch" "tryCatchOne" "tryCatchList" "tryCatch" "try" "evalFunc" "<Anonymous>" "Sweave" 
"na.omit" "model.frame.default" "model.frame" "eval" "eval" "lm" "summary" "eval" "eval" "withVisible" "doTryCatch" "tryCatchOne" "tryCatchList" "tryCatch" "try" "evalFunc" "<Anonymous>" "Sweave" 
"na.omit" "model.frame.default" "model.frame" "eval" "eval" "lm" "summary" "eval" "eval" "withVisible" "doTryCatch" "tryCatchOne" "tryCatchList" "tryCatch" "try" "evalFunc" "<Anonymous>" "Sweave" 
"na.omit" "model.frame.default" "model.frame" "eval" "eval" "lm" "summary" "eval" "eval" "withVisible" "doTryCatch" "tryCatchOne" "tryCatchList" "tryCatch" "try" "evalFunc" "<Anonymous>" "Sweave" 
"na.omit" "model.frame.default" "model.frame" "eval" "eval" "lm" "summary" "eval" "eval" "withVisible" "doTryCatch" "tryCatchOne" "tryCatchList" "tryCatch" "try" "evalFunc" "<Anonymous>" "Sweave" 
"na.omit" "model.frame.default" "model.frame" "eval" "eval" "lm" "summary" "eval" "eval" "withVisible" "doTryCatch" "tryCatchOne" "tryCatchList" "tryCatch" "try" "evalFunc" "<Anonymous>" "Sweave" 
"as.character" "model.response" "lm" "summary" "eval" "eval" "withVisible" "doTryCatch" "tryCatchOne" "tryCatchList" "tryCatch" "try" "evalFunc" "<Anonymous>" "Sweave" 
"pmatch" ".deparseOpts" "FUN" "lapply" "sapply" "match" "model.matrix.default" "model.matrix" "lm" "summary" "eval" "eval" "withVisible" "doTryCatch" "tryCatchOne" "tryCatchList" "tryCatch" "try" "evalFunc" "<Anonymous>" "Sweave" 
"lm.fit" "lm" "summary" "eval" "eval" "withVisible" "doTryCatch" "tryCatchOne" "tryCatchList" "tryCatch" "try" "evalFunc" "<Anonymous>" "Sweave" 
"!" "[.data.frame" "[" "na.omit.data.frame" "na.omit" "model.frame.default" "model.frame" "eval" "eval" "lm" "summary" "eval" "eval" "withVisible" "doTryCatch" "tryCatchOne" "tryCatchList" "tryCatch" "try" "evalFunc" "<Anonymous>" "Sweave" 
"na.omit.data.frame" "na.omit" "model.frame.default" "model.frame" "eval" "eval" "lm" "summary" "eval" "eval" "withVisible" "doTryCatch" "tryCatchOne" "tryCatchList" "tryCatch" "try" "evalFunc" "<Anonymous>" "Sweave" 
"lm" "summary" "eval" "eval" "withVisible" "doTryCatch" "tryCatchOne" "tryCatchList" "tryCatch" "try" "evalFunc" "<Anonymous>" "Sweave" 
"terms.formula" "terms" "model.frame.default" "model.frame" "eval" "eval" "lm" "summary" "eval" "eval" "withVisible" "doTryCatch" "tryCatchOne" "tryCatchList" "tryCatch" "try" "evalFunc" "<Anonymous>" "Sweave" 
"[.data.frame" "[" "na.omit.data.frame" "na.omit" "model.frame.default" "model.frame" "eval" "eval" "lm" "summary" "eval" "eval" "withVisible" "doTryCatch" "tryCatchOne" "tryCatchList" "tryCatch" "try" "evalFunc" "<Anonymous>" "Sweave" 
"as.list.data.frame" "as.list" "vapply" "model.matrix.default" "model.matrix" "lm" "summary" "eval" "eval" "withVisible" "doTryCatch" "tryCatchOne" "tryCatchList" "tryCatch" "try" "evalFunc" "<Anonymous>" "Sweave" 
"lm.fit" "lm" "summary" "eval" "eval" "withVisible" "doTryCatch" "tryCatchOne" "tryCatchList" "tryCatch" "try" "evalFunc" "<Anonymous>" "Sweave" 
"lm" "summary" "eval" "eval" "withVisible" "doTryCatch" "tryCatchOne" "tryCatchList" "tryCatch" "try" "evalFunc" "<Anonymous>" "Sweave" 
"lm" "summary" "eval" "eval" "withVisible" "doTryCatch" "tryCatchOne" "tryCatchList" "tryCatch" "try" "evalFunc" "<Anonymous>" "Sweave" 
"lm" "summary" "eval" "eval" "withVisible" "doTryCatch" "tryCatchOne" "tryCatchList" "tryCatch" "try" "evalFunc" "<Anonymous>" "Sweave" 
"lm" "summary" "eval" "eval" "withVisible" "doTryCatch" "tryCatchOne" "tryCatchList" "tryCatch" "try" "evalFunc" "<Anonymous>" "Sweave" 
"lm" "summary" "eval" "eval" "withVisible" "doTryCatch" "tryCatchOne" "tryCatchList" "tryCatch" "try" "evalFunc" "<Anonymous>" "Sweave" 
"lm.fit" "lm" "summary" "eval" "eval" "withVisible" "doTryCatch" "tryCatchOne" "tryCatchList" "tryCatch" "try" "evalFunc" "<Anonymous>" "Sweave" 
"lm.fit" "lm" "summary" "eval" "eval" "withVisible" "doTryCatch" "tryCatchOne" "tryCatchList" "tryCatch" "try" "evalFunc" "<Anonymous>" "Sweave" 
"[.data.frame" "[" "na.omit.data.frame" "na.omit" "model.frame.default" "model.frame" "eval" "eval" "lm" "summary" "eval" "eval" "withVisible" "doTryCatch" "tryCatchOne" "tryCatchList" "tryCatch" "try" "evalFunc" "<Anonymous>" "Sweave" 
"model.matrix.default" "model.matrix" "lm" "summary" "eval" "eval" "withVisible" "doTryCatch" "tryCatchOne" "tryCatchList" "tryCatch" "try" "evalFunc" "<Anonymous>" "Sweave" 
"lm.fit" "lm" "summary" "eval" "eval" "withVisible" "doTryCatch" "tryCatchOne" "tryCatchList" "tryCatch" "try" "evalFunc" "<Anonymous>" "Sweave" 
"lm.fit" "lm" "summary" "eval" "eval" "withVisible" "doTryCatch" "tryCatchOne" "tryCatchList" "tryCatch" "try" "evalFunc" "<Anonymous>" "Sweave" 
"na.omit" "model.frame.default" "model.frame" "eval" "eval" "lm" "summary" "eval" "eval" "withVisible" "doTryCatch" "tryCatchOne" "tryCatchList" "tryCatch" "try" "evalFunc" "<Anonymous>" "Sweave" 
"anyDuplicated.default" "anyDuplicated" "[.data.frame" "[" "na.omit.data.frame" "na.omit" "model.frame.default" "model.frame" "eval" "eval" "lm" "summary" "eval" "eval" "withVisible" "doTryCatch" "tryCatchOne" "tryCatchList" "tryCatch" "try" "evalFunc" "<Anonymous>" "Sweave" 
"lm.fit" "lm" "summary" "eval" "eval" "withVisible" "doTryCatch" "tryCatchOne" "tryCatchList" "tryCatch" "try" "evalFunc" "<Anonymous>" "Sweave" 
"lm.fit" "lm" "summary" "eval" "eval" "withVisible" "doTryCatch" "tryCatchOne" "tryCatchList" "tryCatch" "try" "evalFunc" "<Anonymous>" "Sweave" 
"summary.lm" "summary" "eval" "eval" "withVisible" "doTryCatch" "tryCatchOne" "tryCatchList" "tryCatch" "try" "evalFunc" "<Anonymous>" "Sweave" 
"summary.lm" "summary" "eval" "eval" "withVisible" "doTryCatch" "tryCatchOne" "tryCatchList" "tryCatch" "try" "evalFunc" "<Anonymous>" "Sweave" 
"summary.lm" "summary" "eval" "eval" "withVisible" "doTryCatch" "tryCatchOne" "tryCatchList" "tryCatch" "try" "evalFunc" "<Anonymous>" "Sweave" 
"summary.lm" "summary" "eval" "eval" "withVisible" "doTryCatch" "tryCatchOne" "tryCatchList" "tryCatch" "try" "evalFunc" "<Anonymous>" "Sweave" 
"summary.lm" "summary" "eval" "eval" "withVisible" "doTryCatch" "tryCatchOne" "tryCatchList" "tryCatch" "try" "evalFunc" "<Anonymous>" "Sweave" 
"summary.lm" "summary" "eval" "eval" "withVisible" "doTryCatch" "tryCatchOne" "tryCatchList" "tryCatch" "try" "evalFunc" "<Anonymous>" "Sweave" 
"[.data.frame" "[" "na.omit.data.frame" "na.omit" "model.frame.default" "model.frame" "eval" "eval" "lm" "summary" "eval" "eval" "withVisible" "doTryCatch" "tryCatchOne" "tryCatchList" "tryCatch" "try" "evalFunc" "<Anonymous>" "Sweave" 
"model.matrix.default" "model.matrix" "lm" "summary" "eval" "eval" "withVisible" "doTryCatch" "tryCatchOne" "tryCatchList" "tryCatch" "try" "evalFunc" "<Anonymous>" "Sweave" 
"lm" "summary" "eval" "eval" "withVisible" "doTryCatch" "tryCatchOne" "tryCatchList" "tryCatch" "try" "evalFunc" "<Anonymous>" "Sweave" 
"model.matrix.default" "model.matrix" "lm" "summary" "eval" "eval" "withVisible" "doTryCatch" "tryCatchOne" "tryCatchList" "tryCatch" "try" "evalFunc" "<Anonymous>" "Sweave" 
"rep.int" "lm.fit" "lm" "summary" "eval" "eval" "withVisible" "doTryCatch" "tryCatchOne" "tryCatchList" "tryCatch" "try" "evalFunc" "<Anonymous>" "Sweave" 
"structure" "[.data.frame" "[" "lapply" ".getXlevels" "lm" "summary" "eval" "eval" "withVisible" "doTryCatch" "tryCatchOne" "tryCatchList" "tryCatch" "try" "evalFunc" "<Anonymous>" "Sweave" 
"[.data.frame" "[" "na.omit.data.frame" "na.omit" "model.frame.default" "model.frame" "eval" "eval" "lm" "summary" "eval" "eval" "withVisible" "doTryCatch" "tryCatchOne" "tryCatchList" "tryCatch" "try" "evalFunc" "<Anonymous>" "Sweave" 
"model.matrix.default" "model.matrix" "lm" "summary" "eval" "eval" "withVisible" "doTryCatch" "tryCatchOne" "tryCatchList" "tryCatch" "try" "evalFunc" "<Anonymous>" "Sweave" 
"summary.lm" "summary" "eval" "eval" "withVisible" "doTryCatch" "tryCatchOne" "tryCatchList" "tryCatch" "try" "evalFunc" "<Anonymous>" "Sweave" 
"[.data.frame" "[" "na.omit.data.frame" "na.omit" "model.frame.default" "model.frame" "eval" "eval" "lm" "summary" "eval" "eval" "withVisible" "doTryCatch" "tryCatchOne" "tryCatchList" "tryCatch" "try" "evalFunc" "<Anonymous>" "Sweave" 
"<Anonymous>" "[[.data.frame" "[[" "model.matrix.default" "model.matrix" "lm" "summary" "eval" "eval" "withVisible" "doTryCatch" "tryCatchOne" "tryCatchList" "tryCatch" "try" "evalFunc" "<Anonymous>" "Sweave" 
"structure" "lm.fit" "lm" "summary" "eval" "eval" "withVisible" "doTryCatch" "tryCatchOne" "tryCatchList" "tryCatch" "try" "evalFunc" "<Anonymous>" "Sweave" 
"structure" "[.data.frame" "[" "lapply" ".getXlevels" "lm" "summary" "eval" "eval" "withVisible" "doTryCatch" "tryCatchOne" "tryCatchList" "tryCatch" "try" "evalFunc" "<Anonymous>" "Sweave" 
"[.data.frame" "[" "na.omit.data.frame" "na.omit" "model.frame.default" "model.frame" "eval" "eval" "lm" "summary" "eval" "eval" "withVisible" "doTryCatch" "tryCatchOne" "tryCatchList" "tryCatch" "try" "evalFunc" "<Anonymous>" "Sweave" 
"as.character" "model.response" "lm" "summary" "eval" "eval" "withVisible" "doTryCatch" "tryCatchOne" "tryCatchList" "tryCatch" "try" "evalFunc" "<Anonymous>" "Sweave" 
"model.matrix.default" "model.matrix" "lm" "summary" "eval" "eval" "withVisible" "doTryCatch" "tryCatchOne" "tryCatchList" "tryCatch" "try" "evalFunc" "<Anonymous>" "Sweave" 
"lm.fit" "lm" "summary" "eval" "eval" "withVisible" "doTryCatch" "tryCatchOne" "tryCatchList" "tryCatch" "try" "evalFunc" "<Anonymous>" "Sweave" 
"structure" "lm.fit" "lm" "summary" "eval" "eval" "withVisible" "doTryCatch" "tryCatchOne" "tryCatchList" "tryCatch" "try" "evalFunc" "<Anonymous>" "Sweave" 
"lapply" "sapply" "model.frame.default" "model.frame" "eval" "eval" "lm" "summary" "eval" "eval" "withVisible" "doTryCatch" "tryCatchOne" "tryCatchList" "tryCatch" "try" "evalFunc" "<Anonymous>" "Sweave" 
"list" "eval" "eval" "model.frame.default" "model.frame" "eval" "eval" "lm" "summary" "eval" "eval" "withVisible" "doTryCatch" "tryCatchOne" "tryCatchList" "tryCatch" "try" "evalFunc" "<Anonymous>" "Sweave" 
"as.list.data.frame" "as.list" "vapply" "model.frame.default" "model.frame" "eval" "eval" "lm" "summary" "eval" "eval" "withVisible" "doTryCatch" "tryCatchOne" "tryCatchList" "tryCatch" "try" "evalFunc" "<Anonymous>" "Sweave" 
"model.matrix.default" "model.matrix" "lm" "summary" "eval" "eval" "withVisible" "doTryCatch" "tryCatchOne" "tryCatchList" "tryCatch" "try" "evalFunc" "<Anonymous>" "Sweave" 
"structure" "lm.fit" "lm" "summary" "eval" "eval" "withVisible" "doTryCatch" "tryCatchOne" "tryCatchList" "tryCatch" "try" "evalFunc" "<Anonymous>" "Sweave" 
"lm" "summary" "eval" "eval" "withVisible" "doTryCatch" "tryCatchOne" "tryCatchList" "tryCatch" "try" "evalFunc" "<Anonymous>" "Sweave" 
"anyDuplicated.default" "anyDuplicated" "[.data.frame" "[" "na.omit.data.frame" "na.omit" "model.frame.default" "model.frame" "eval" "eval" "lm" "summary" "eval" "eval" "withVisible" "doTryCatch" "tryCatchOne" "tryCatchList" "tryCatch" "try" "evalFunc" "<Anonymous>" "Sweave" 
"anyDuplicated.default" "anyDuplicated" "[.data.frame" "[" "na.omit.data.frame" "na.omit" "model.frame.default" "model.frame" "eval" "eval" "lm" "summary" "eval" "eval" "withVisible" "doTryCatch" "tryCatchOne" "tryCatchList" "tryCatch" "try" "evalFunc" "<Anonymous>" "Sweave" 
"anyDuplicated.default" "anyDuplicated" "[.data.frame" "[" "na.omit.data.frame" "na.omit" "model.frame.default" "model.frame" "eval" "eval" "lm" "summary" "eval" "eval" "withVisible" "doTryCatch" "tryCatchOne" "tryCatchList" "tryCatch" "try" "evalFunc" "<Anonymous>" "Sweave" 
"anyDuplicated.default" "anyDuplicated" "[.data.frame" "[" "na.omit.data.frame" "na.omit" "model.frame.default" "model.frame" "eval" "eval" "lm" "summary" "eval" "eval" "withVisible" "doTryCatch" "tryCatchOne" "tryCatchList" "tryCatch" "try" "evalFunc" "<Anonymous>" "Sweave" 
"model.matrix.default" "model.matrix" "lm" "summary" "eval" "eval" "withVisible" "doTryCatch" "tryCatchOne" "tryCatchList" "tryCatch" "try" "evalFunc" "<Anonymous>" "Sweave" 
"[.data.frame" "[" "na.omit.data.frame" "na.omit" "model.frame.default" "model.frame" "eval" "eval" "lm" "summary" "eval" "eval" "withVisible" "doTryCatch" "tryCatchOne" "tryCatchList" "tryCatch" "try" "evalFunc" "<Anonymous>" "Sweave" 
"model.matrix.default" "model.matrix" "lm" "summary" "eval" "eval" "withVisible" "doTryCatch" "tryCatchOne" "tryCatchList" "tryCatch" "try" "evalFunc" "<Anonymous>" "Sweave" 
"[.data.frame" "[" "lapply" ".getXlevels" "lm" "summary" "eval" "eval" "withVisible" "doTryCatch" "tryCatchOne" "tryCatchList" "tryCatch" "try" "evalFunc" "<Anonymous>" "Sweave" 
"[.data.frame" "[" "na.omit.data.frame" "na.omit" "model.frame.default" "model.frame" "eval" "eval" "lm" "summary" "eval" "eval" "withVisible" "doTryCatch" "tryCatchOne" "tryCatchList" "tryCatch" "try" "evalFunc" "<Anonymous>" "Sweave" 
"as.character" "model.response" "lm" "summary" "eval" "eval" "withVisible" "doTryCatch" "tryCatchOne" "tryCatchList" "tryCatch" "try" "evalFunc" "<Anonymous>" "Sweave" 
"model.matrix.default" "model.matrix" "lm" "summary" "eval" "eval" "withVisible" "doTryCatch" "tryCatchOne" "tryCatchList" "tryCatch" "try" "evalFunc" "<Anonymous>" "Sweave" 
"lm" "summary" "eval" "eval" "withVisible" "doTryCatch" "tryCatchOne" "tryCatchList" "tryCatch" "try" "evalFunc" "<Anonymous>" "Sweave" 
"model.frame.default" "model.frame" "eval" "eval" "lm" "summary" "eval" "eval" "withVisible" "doTryCatch" "tryCatchOne" "tryCatchList" "tryCatch" "try" "evalFunc" "<Anonymous>" "Sweave" 
"model.matrix.default" "model.matrix" "lm" "summary" "eval" "eval" "withVisible" "doTryCatch" "tryCatchOne" "tryCatchList" "tryCatch" "try" "evalFunc" "<Anonymous>" "Sweave" 
"structure" "lm.fit" "lm" "summary" "eval" "eval" "withVisible" "doTryCatch" "tryCatchOne" "tryCatchList" "tryCatch" "try" "evalFunc" "<Anonymous>" "Sweave" 
"[.data.frame" "[" "na.omit.data.frame" "na.omit" "model.frame.default" "model.frame" "eval" "eval" "lm" "summary" "eval" "eval" "withVisible" "doTryCatch" "tryCatchOne" "tryCatchList" "tryCatch" "try" "evalFunc" "<Anonymous>" "Sweave" 
"model.matrix.default" "model.matrix" "lm" "summary" "eval" "eval" "withVisible" "doTryCatch" "tryCatchOne" "tryCatchList" "tryCatch" "try" "evalFunc" "<Anonymous>" "Sweave" 
"lm" "summary" "eval" "eval" "withVisible" "doTryCatch" "tryCatchOne" "tryCatchList" "tryCatch" "try" "evalFunc" "<Anonymous>" "Sweave" 
"lm" "summary" "eval" "eval" "withVisible" "doTryCatch" "tryCatchOne" "tryCatchList" "tryCatch" "try" "evalFunc" "<Anonymous>" "Sweave" 
"[.data.frame" "[" "na.omit.data.frame" "na.omit" "model.frame.default" "model.frame" "eval" "eval" "lm" "summary" "eval" "eval" "withVisible" "doTryCatch" "tryCatchOne" "tryCatchList" "tryCatch" "try" "evalFunc" "<Anonymous>" "Sweave" 
"as.character" "model.response" "lm" "summary" "eval" "eval" "withVisible" "doTryCatch" "tryCatchOne" "tryCatchList" "tryCatch" "try" "evalFunc" "<Anonymous>" "Sweave" 
"lm.fit" "lm" "summary" "eval" "eval" "withVisible" "doTryCatch" "tryCatchOne" "tryCatchList" "tryCatch" "try" "evalFunc" "<Anonymous>" "Sweave" 
"lm" "summary" "eval" "eval" "withVisible" "doTryCatch" "tryCatchOne" "tryCatchList" "tryCatch" "try" "evalFunc" "<Anonymous>" "Sweave" 
"model.response" "lm" "summary" "eval" "eval" "withVisible" "doTryCatch" "tryCatchOne" "tryCatchList" "tryCatch" "try" "evalFunc" "<Anonymous>" "Sweave" 
"as.character" "model.response" "lm" "summary" "eval" "eval" "withVisible" "doTryCatch" "tryCatchOne" "tryCatchList" "tryCatch" "try" "evalFunc" "<Anonymous>" "Sweave" 
"model.matrix.default" "model.matrix" "lm" "summary" "eval" "eval" "withVisible" "doTryCatch" "tryCatchOne" "tryCatchList" "tryCatch" "try" "evalFunc" "<Anonymous>" "Sweave" 
"lm.fit" "lm" "summary" "eval" "eval" "withVisible" "doTryCatch" "tryCatchOne" "tryCatchList" "tryCatch" "try" "evalFunc" "<Anonymous>" "Sweave" 
"[.data.frame" "[" "na.omit.data.frame" "na.omit" "model.frame.default" "model.frame" "eval" "eval" "lm" "summary" "eval" "eval" "withVisible" "doTryCatch" "tryCatchOne" "tryCatchList" "tryCatch" "try" "evalFunc" "<Anonymous>" "Sweave" 
"[.data.frame" "[" "na.omit.data.frame" "na.omit" "model.frame.default" "model.frame" "eval" "eval" "lm" "summary" "eval" "eval" "withVisible" "doTryCatch" "tryCatchOne" "tryCatchList" "tryCatch" "try" "evalFunc" "<Anonymous>" "Sweave" 
"as.character" "model.response" "lm" "summary" "eval" "eval" "withVisible" "doTryCatch" "tryCatchOne" "tryCatchList" "tryCatch" "try" "evalFunc" "<Anonymous>" "Sweave" 
"lm.fit" "lm" "summary" "eval" "eval" "withVisible" "doTryCatch" "tryCatchOne" "tryCatchList" "tryCatch" "try" "evalFunc" "<Anonymous>" "Sweave" 
"structure" "[.data.frame" "[" "lapply" ".getXlevels" "lm" "summary" "eval" "eval" "withVisible" "doTryCatch" "tryCatchOne" "tryCatchList" "tryCatch" "try" "evalFunc" "<Anonymous>" "Sweave" 
"[.data.frame" "[" "na.omit.data.frame" "na.omit" "model.frame.default" "model.frame" "eval" "eval" "lm" "summary" "eval" "eval" "withVisible" "doTryCatch" "tryCatchOne" "tryCatchList" "tryCatch" "try" "evalFunc" "<Anonymous>" "Sweave" 
"[.data.frame" "[" "na.omit.data.frame" "na.omit" "model.frame.default" "model.frame" "eval" "eval" "lm" "summary" "eval" "eval" "withVisible" "doTryCatch" "tryCatchOne" "tryCatchList" "tryCatch" "try" "evalFunc" "<Anonymous>" "Sweave" 
"[.data.frame" "[" "na.omit.data.frame" "na.omit" "model.frame.default" "model.frame" "eval" "eval" "lm" "summary" "eval" "eval" "withVisible" "doTryCatch" "tryCatchOne" "tryCatchList" "tryCatch" "try" "evalFunc" "<Anonymous>" "Sweave" 
"[.data.frame" "[" "na.omit.data.frame" "na.omit" "model.frame.default" "model.frame" "eval" "eval" "lm" "summary" "eval" "eval" "withVisible" "doTryCatch" "tryCatchOne" "tryCatchList" "tryCatch" "try" "evalFunc" "<Anonymous>" "Sweave" 
"unique" "simplify2array" "sapply" "match" "model.matrix.default" "model.matrix" "lm" "summary" "eval" "eval" "withVisible" "doTryCatch" "tryCatchOne" "tryCatchList" "tryCatch" "try" "evalFunc" "<Anonymous>" "Sweave" 
"na.omit.data.frame" "na.omit" "model.frame.default" "model.frame" "eval" "eval" "lm" "summary" "eval" "eval" "withVisible" "doTryCatch" "tryCatchOne" "tryCatchList" "tryCatch" "try" "evalFunc" "<Anonymous>" "Sweave" 
"[.data.frame" "[" "na.omit.data.frame" "na.omit" "model.frame.default" "model.frame" "eval" "eval" "lm" "summary" "eval" "eval" "withVisible" "doTryCatch" "tryCatchOne" "tryCatchList" "tryCatch" "try" "evalFunc" "<Anonymous>" "Sweave" 
"anyDuplicated.default" "anyDuplicated" "[.data.frame" "[" "na.omit.data.frame" "na.omit" "model.frame.default" "model.frame" "eval" "eval" "lm" "summary" "eval" "eval" "withVisible" "doTryCatch" "tryCatchOne" "tryCatchList" "tryCatch" "try" "evalFunc" "<Anonymous>" "Sweave" 
"lm" "summary" "eval" "eval" "withVisible" "doTryCatch" "tryCatchOne" "tryCatchList" "tryCatch" "try" "evalFunc" "<Anonymous>" "Sweave" 
"model.frame.default" "model.frame" "eval" "eval" "lm" "summary" "eval" "eval" "withVisible" "doTryCatch" "tryCatchOne" "tryCatchList" "tryCatch" "try" "evalFunc" "<Anonymous>" "Sweave" 
"model.matrix.default" "model.matrix" "lm" "summary" "eval" "eval" "withVisible" "doTryCatch" "tryCatchOne" "tryCatchList" "tryCatch" "try" "evalFunc" "<Anonymous>" "Sweave" 
"lm.fit" "lm" "summary" "eval" "eval" "withVisible" "doTryCatch" "tryCatchOne" "tryCatchList" "tryCatch" "try" "evalFunc" "<Anonymous>" "Sweave" 
"structure" "lm.fit" "lm" "summary" "eval" "eval" "withVisible" "doTryCatch" "tryCatchOne" "tryCatchList" "tryCatch" "try" "evalFunc" "<Anonymous>" "Sweave" 
"as.character" "model.response" "lm" "summary" "eval" "eval" "withVisible" "doTryCatch" "tryCatchOne" "tryCatchList" "tryCatch" "try" "evalFunc" "<Anonymous>" "Sweave" 
"model.matrix.default" "model.matrix" "lm" "summary" "eval" "eval" "withVisible" "doTryCatch" "tryCatchOne" "tryCatchList" "tryCatch" "try" "evalFunc" "<Anonymous>" "Sweave" 
"structure" "[.data.frame" "[" "lapply" ".getXlevels" "lm" "summary" "eval" "eval" "withVisible" "doTryCatch" "tryCatchOne" "tryCatchList" "tryCatch" "try" "evalFunc" "<Anonymous>" "Sweave" 
"as.character" "model.response" "lm" "summary" "eval" "eval" "withVisible" "doTryCatch" "tryCatchOne" "tryCatchList" "tryCatch" "try" "evalFunc" "<Anonymous>" "Sweave" 
"as.character" "model.response" "lm" "summary" "eval" "eval" "withVisible" "doTryCatch" "tryCatchOne" "tryCatchList" "tryCatch" "try" "evalFunc" "<Anonymous>" "Sweave" 
"lm.fit" "lm" "summary" "eval" "eval" "withVisible" "doTryCatch" "tryCatchOne" "tryCatchList" "tryCatch" "try" "evalFunc" "<Anonymous>" "Sweave" 
"[.data.frame" "[" "na.omit.data.frame" "na.omit" "model.frame.default" "model.frame" "eval" "eval" "lm" "summary" "eval" "eval" "withVisible" "doTryCatch" "tryCatchOne" "tryCatchList" "tryCatch" "try" "evalFunc" "<Anonymous>" "Sweave" 
"na.omit.data.frame" "na.omit" "model.frame.default" "model.frame" "eval" "eval" "lm" "summary" "eval" "eval" "withVisible" "doTryCatch" "tryCatchOne" "tryCatchList" "tryCatch" "try" "evalFunc" "<Anonymous>" "Sweave" 
"structure" "lm.fit" "lm" "summary" "eval" "eval" "withVisible" "doTryCatch" "tryCatchOne" "tryCatchList" "tryCatch" "try" "evalFunc" "<Anonymous>" "Sweave" 
"summary.lm" "summary" "eval" "eval" "withVisible" "doTryCatch" "tryCatchOne" "tryCatchList" "tryCatch" "try" "evalFunc" "<Anonymous>" "Sweave" 
"[.data.frame" "[" "na.omit.data.frame" "na.omit" "model.frame.default" "model.frame" "eval" "eval" "lm" "summary" "eval" "eval" "withVisible" "doTryCatch" "tryCatchOne" "tryCatchList" "tryCatch" "try" "evalFunc" "<Anonymous>" "Sweave" 
"model.matrix.default" "model.matrix" "lm" "summary" "eval" "eval" "withVisible" "doTryCatch" "tryCatchOne" "tryCatchList" "tryCatch" "try" "evalFunc" "<Anonymous>" "Sweave" 
"lm.fit" "lm" "summary" "eval" "eval" "withVisible" "doTryCatch" "tryCatchOne" "tryCatchList" "tryCatch" "try" "evalFunc" "<Anonymous>" "Sweave" 
"lm.fit" "lm" "summary" "eval" "eval" "withVisible" "doTryCatch" "tryCatchOne" "tryCatchList" "tryCatch" "try" "evalFunc" "<Anonymous>" "Sweave" 
"lm.fit" "lm" "summary" "eval" "eval" "withVisible" "doTryCatch" "tryCatchOne" "tryCatchList" "tryCatch" "try" "evalFunc" "<Anonymous>" "Sweave" 
"lm.fit" "lm" "summary" "eval" "eval" "withVisible" "doTryCatch" "tryCatchOne" "tryCatchList" "tryCatch" "try" "evalFunc" "<Anonymous>" "Sweave" 
"lm.fit" "lm" "summary" "eval" "eval" "withVisible" "doTryCatch" "tryCatchOne" "tryCatchList" "tryCatch" "try" "evalFunc" "<Anonymous>" "Sweave" 
"[.data.frame" "[" "na.omit.data.frame" "na.omit" "model.frame.default" "model.frame" "eval" "eval" "lm" "summary" "eval" "eval" "withVisible" "doTryCatch" "tryCatchOne" "tryCatchList" "tryCatch" "try" "evalFunc" "<Anonymous>" "Sweave" 
"lm.fit" "lm" "summary" "eval" "eval" "withVisible" "doTryCatch" "tryCatchOne" "tryCatchList" "tryCatch" "try" "evalFunc" "<Anonymous>" "Sweave" 
"na.omit" "model.frame.default" "model.frame" "eval" "eval" "lm" "summary" "eval" "eval" "withVisible" "doTryCatch" "tryCatchOne" "tryCatchList" "tryCatch" "try" "evalFunc" "<Anonymous>" "Sweave" 
"model.matrix.default" "model.matrix" "lm" "summary" "eval" "eval" "withVisible" "doTryCatch" "tryCatchOne" "tryCatchList" "tryCatch" "try" "evalFunc" "<Anonymous>" "Sweave" 
"lm.fit" "lm" "summary" "eval" "eval" "withVisible" "doTryCatch" "tryCatchOne" "tryCatchList" "tryCatch" "try" "evalFunc" "<Anonymous>" "Sweave" 
"lm.fit" "lm" "summary" "eval" "eval" "withVisible" "doTryCatch" "tryCatchOne" "tryCatchList" "tryCatch" "try" "evalFunc" "<Anonymous>" "Sweave" 
"model.response" "lm" "summary" "eval" "eval" "withVisible" "doTryCatch" "tryCatchOne" "tryCatchList" "tryCatch" "try" "evalFunc" "<Anonymous>" "Sweave" 
"model.response" "lm" "summary" "eval" "eval" "withVisible" "doTryCatch" "tryCatchOne" "tryCatchList" "tryCatch" "try" "evalFunc" "<Anonymous>" "Sweave" 
"model.response" "lm" "summary" "eval" "eval" "withVisible" "doTryCatch" "tryCatchOne" "tryCatchList" "tryCatch" "try" "evalFunc" "<Anonymous>" "Sweave" 
"model.response" "lm" "summary" "eval" "eval" "withVisible" "doTryCatch" "tryCatchOne" "tryCatchList" "tryCatch" "try" "evalFunc" "<Anonymous>" "Sweave" 
"model.response" "lm" "summary" "eval" "eval" "withVisible" "doTryCatch" "tryCatchOne" "tryCatchList" "tryCatch" "try" "evalFunc" "<Anonymous>" "Sweave" 
"as.character" "model.response" "lm" "summary" "eval" "eval" "withVisible" "doTryCatch" "tryCatchOne" "tryCatchList" "tryCatch" "try" "evalFunc" "<Anonymous>" "Sweave" 
"model.matrix.default" "model.matrix" "lm" "summary" "eval" "eval" "withVisible" "doTryCatch" "tryCatchOne" "tryCatchList" "tryCatch" "try" "evalFunc" "<Anonymous>" "Sweave" 
"as.list.default" "as.list" "lapply" "sapply" ".getXlevels" "lm" "summary" "eval" "eval" "withVisible" "doTryCatch" "tryCatchOne" "tryCatchList" "tryCatch" "try" "evalFunc" "<Anonymous>" "Sweave" 
"as.list.data.frame" "as.list" "lapply" ".getXlevels" "lm" "summary" "eval" "eval" "withVisible" "doTryCatch" "tryCatchOne" "tryCatchList" "tryCatch" "try" "evalFunc" "<Anonymous>" "Sweave" 
"summary.lm" "summary" "eval" "eval" "withVisible" "doTryCatch" "tryCatchOne" "tryCatchList" "tryCatch" "try" "evalFunc" "<Anonymous>" "Sweave" 
"mode" "match" "%in%" "deparse" "paste" "FUN" "lapply" "sapply" "model.frame.default" "model.frame" "eval" "eval" "lm" "summary" "eval" "eval" "withVisible" "doTryCatch" "tryCatchOne" "tryCatchList" "tryCatch" "try" "evalFunc" "<Anonymous>" "Sweave" 
"na.omit.data.frame" "na.omit" "model.frame.default" "model.frame" "eval" "eval" "lm" "summary" "eval" "eval" "withVisible" "doTryCatch" "tryCatchOne" "tryCatchList" "tryCatch" "try" "evalFunc" "<Anonymous>" "Sweave" 
"[.data.frame" "[" "na.omit.data.frame" "na.omit" "model.frame.default" "model.frame" "eval" "eval" "lm" "summary" "eval" "eval" "withVisible" "doTryCatch" "tryCatchOne" "tryCatchList" "tryCatch" "try" "evalFunc" "<Anonymous>" "Sweave" 
"[.data.frame" "[" "na.omit.data.frame" "na.omit" "model.frame.default" "model.frame" "eval" "eval" "lm" "summary" "eval" "eval" "withVisible" "doTryCatch" "tryCatchOne" "tryCatchList" "tryCatch" "try" "evalFunc" "<Anonymous>" "Sweave" 
"[.data.frame" "[" "na.omit.data.frame" "na.omit" "model.frame.default" "model.frame" "eval" "eval" "lm" "summary" "eval" "eval" "withVisible" "doTryCatch" "tryCatchOne" "tryCatchList" "tryCatch" "try" "evalFunc" "<Anonymous>" "Sweave" 
"as.character" "model.response" "lm" "summary" "eval" "eval" "withVisible" "doTryCatch" "tryCatchOne" "tryCatchList" "tryCatch" "try" "evalFunc" "<Anonymous>" "Sweave" 
"as.character" "model.response" "lm" "summary" "eval" "eval" "withVisible" "doTryCatch" "tryCatchOne" "tryCatchList" "tryCatch" "try" "evalFunc" "<Anonymous>" "Sweave" 
"as.character" "model.response" "lm" "summary" "eval" "eval" "withVisible" "doTryCatch" "tryCatchOne" "tryCatchList" "tryCatch" "try" "evalFunc" "<Anonymous>" "Sweave" 
"as.list.data.frame" "as.list" "vapply" "model.matrix.default" "model.matrix" "lm" "summary" "eval" "eval" "withVisible" "doTryCatch" "tryCatchOne" "tryCatchList" "tryCatch" "try" "evalFunc" "<Anonymous>" "Sweave" 
"lm.fit" "lm" "summary" "eval" "eval" "withVisible" "doTryCatch" "tryCatchOne" "tryCatchList" "tryCatch" "try" "evalFunc" "<Anonymous>" "Sweave" 
"deparse" "model.frame.default" "model.frame" "eval" "eval" "lm" "summary" "eval" "eval" "withVisible" "doTryCatch" "tryCatchOne" "tryCatchList" "tryCatch" "try" "evalFunc" "<Anonymous>" "Sweave" 
"[.data.frame" "[" "na.omit.data.frame" "na.omit" "model.frame.default" "model.frame" "eval" "eval" "lm" "summary" "eval" "eval" "withVisible" "doTryCatch" "tryCatchOne" "tryCatchList" "tryCatch" "try" "evalFunc" "<Anonymous>" "Sweave" 
"as.character" "model.response" "lm" "summary" "eval" "eval" "withVisible" "doTryCatch" "tryCatchOne" "tryCatchList" "tryCatch" "try" "evalFunc" "<Anonymous>" "Sweave" 
"lm.fit" "lm" "summary" "eval" "eval" "withVisible" "doTryCatch" "tryCatchOne" "tryCatchList" "tryCatch" "try" "evalFunc" "<Anonymous>" "Sweave" 
"lm.fit" "lm" "summary" "eval" "eval" "withVisible" "doTryCatch" "tryCatchOne" "tryCatchList" "tryCatch" "try" "evalFunc" "<Anonymous>" "Sweave" 
"summary.lm" "summary" "eval" "eval" "withVisible" "doTryCatch" "tryCatchOne" "tryCatchList" "tryCatch" "try" "evalFunc" "<Anonymous>" "Sweave" 
"as.character" "model.response" "lm" "summary" "eval" "eval" "withVisible" "doTryCatch" "tryCatchOne" "tryCatchList" "tryCatch" "try" "evalFunc" "<Anonymous>" "Sweave" 
"model.matrix.default" "model.matrix" "lm" "summary" "eval" "eval" "withVisible" "doTryCatch" "tryCatchOne" "tryCatchList" "tryCatch" "try" "evalFunc" "<Anonymous>" "Sweave" 
"lm" "summary" "eval" "eval" "withVisible" "doTryCatch" "tryCatchOne" "tryCatchList" "tryCatch" "try" "evalFunc" "<Anonymous>" "Sweave" 
"model.matrix.default" "model.matrix" "lm" "summary" "eval" "eval" "withVisible" "doTryCatch" "tryCatchOne" "tryCatchList" "tryCatch" "try" "evalFunc" "<Anonymous>" "Sweave" 
"lm.fit" "lm" "summary" "eval" "eval" "withVisible" "doTryCatch" "tryCatchOne" "tryCatchList" "tryCatch" "try" "evalFunc" "<Anonymous>" "Sweave" 
"lm" "summary" "eval" "eval" "withVisible" "doTryCatch" "tryCatchOne" "tryCatchList" "tryCatch" "try" "evalFunc" "<Anonymous>" "Sweave" 
"na.omit" "model.frame.default" "model.frame" "eval" "eval" "lm" "summary" "eval" "eval" "withVisible" "doTryCatch" "tryCatchOne" "tryCatchList" "tryCatch" "try" "evalFunc" "<Anonymous>" "Sweave" 
"as.character" "model.response" "lm" "summary" "eval" "eval" "withVisible" "doTryCatch" "tryCatchOne" "tryCatchList" "tryCatch" "try" "evalFunc" "<Anonymous>" "Sweave" 
"structure" "[.data.frame" "[" "lapply" ".getXlevels" "lm" "summary" "eval" "eval" "withVisible" "doTryCatch" "tryCatchOne" "tryCatchList" "tryCatch" "try" "evalFunc" "<Anonymous>" "Sweave" 
"[.data.frame" "[" "na.omit.data.frame" "na.omit" "model.frame.default" "model.frame" "eval" "eval" "lm" "summary" "eval" "eval" "withVisible" "doTryCatch" "tryCatchOne" "tryCatchList" "tryCatch" "try" "evalFunc" "<Anonymous>" "Sweave" 
"lm.fit" "lm" "summary" "eval" "eval" "withVisible" "doTryCatch" "tryCatchOne" "tryCatchList" "tryCatch" "try" "evalFunc" "<Anonymous>" "Sweave" 
"summary.lm" "summary" "eval" "eval" "withVisible" "doTryCatch" "tryCatchOne" "tryCatchList" "tryCatch" "try" "evalFunc" "<Anonymous>" "Sweave" 
"as.list.data.frame" "as.list" "vapply" "model.frame.default" "model.frame" "eval" "eval" "lm" "summary" "eval" "eval" "withVisible" "doTryCatch" "tryCatchOne" "tryCatchList" "tryCatch" "try" "evalFunc" "<Anonymous>" "Sweave" 
"as.character" "model.response" "lm" "summary" "eval" "eval" "withVisible" "doTryCatch" "tryCatchOne" "tryCatchList" "tryCatch" "try" "evalFunc" "<Anonymous>" "Sweave" 
"mean.default" "mean" "summary.lm" "summary" "eval" "eval" "withVisible" "doTryCatch" "tryCatchOne" "tryCatchList" "tryCatch" "try" "evalFunc" "<Anonymous>" "Sweave" 
"na.omit" "model.frame.default" "model.frame" "eval" "eval" "lm" "summary" "eval" "eval" "withVisible" "doTryCatch" "tryCatchOne" "tryCatchList" "tryCatch" "try" "evalFunc" "<Anonymous>" "Sweave" 
"structure" "lm.fit" "lm" "summary" "eval" "eval" "withVisible" "doTryCatch" "tryCatchOne" "tryCatchList" "tryCatch" "try" "evalFunc" "<Anonymous>" "Sweave" 
"lm" "summary" "eval" "eval" "withVisible" "doTryCatch" "tryCatchOne" "tryCatchList" "tryCatch" "try" "evalFunc" "<Anonymous>" "Sweave" 
"names" "[.data.frame" "[" "na.omit.data.frame" "na.omit" "model.frame.default" "model.frame" "eval" "eval" "lm" "summary" "eval" "eval" "withVisible" "doTryCatch" "tryCatchOne" "tryCatchList" "tryCatch" "try" "evalFunc" "<Anonymous>" "Sweave" 
"model.matrix.default" "model.matrix" "lm" "summary" "eval" "eval" "withVisible" "doTryCatch" "tryCatchOne" "tryCatchList" "tryCatch" "try" "evalFunc" "<Anonymous>" "Sweave" 
"lm.fit" "lm" "summary" "eval" "eval" "withVisible" "doTryCatch" "tryCatchOne" "tryCatchList" "tryCatch" "try" "evalFunc" "<Anonymous>" "Sweave" 
"lm" "summary" "eval" "eval" "withVisible" "doTryCatch" "tryCatchOne" "tryCatchList" "tryCatch" "try" "evalFunc" "<Anonymous>" "Sweave" 
"list" "eval" "eval" "model.frame.default" "model.frame" "eval" "eval" "lm" "summary" "eval" "eval" "withVisible" "doTryCatch" "tryCatchOne" "tryCatchList" "tryCatch" "try" "evalFunc" "<Anonymous>" "Sweave" 
"[.data.frame" "[" "na.omit.data.frame" "na.omit" "model.frame.default" "model.frame" "eval" "eval" "lm" "summary" "eval" "eval" "withVisible" "doTryCatch" "tryCatchOne" "tryCatchList" "tryCatch" "try" "evalFunc" "<Anonymous>" "Sweave" 
"as.character" "model.response" "lm" "summary" "eval" "eval" "withVisible" "doTryCatch" "tryCatchOne" "tryCatchList" "tryCatch" "try" "evalFunc" "<Anonymous>" "Sweave" 
"model.matrix.default" "model.matrix" "lm" "summary" "eval" "eval" "withVisible" "doTryCatch" "tryCatchOne" "tryCatchList" "tryCatch" "try" "evalFunc" "<Anonymous>" "Sweave" 
"lm.fit" "lm" "summary" "eval" "eval" "withVisible" "doTryCatch" "tryCatchOne" "tryCatchList" "tryCatch" "try" "evalFunc" "<Anonymous>" "Sweave" 
"lm" "summary" "eval" "eval" "withVisible" "doTryCatch" "tryCatchOne" "tryCatchList" "tryCatch" "try" "evalFunc" "<Anonymous>" "Sweave" 
"lm" "summary" "eval" "eval" "withVisible" "doTryCatch" "tryCatchOne" "tryCatchList" "tryCatch" "try" "evalFunc" "<Anonymous>" "Sweave" 
"lm" "summary" "eval" "eval" "withVisible" "doTryCatch" "tryCatchOne" "tryCatchList" "tryCatch" "try" "evalFunc" "<Anonymous>" "Sweave" 
"[.data.frame" "[" "na.omit.data.frame" "na.omit" "model.frame.default" "model.frame" "eval" "eval" "lm" "summary" "eval" "eval" "withVisible" "doTryCatch" "tryCatchOne" "tryCatchList" "tryCatch" "try" "evalFunc" "<Anonymous>" "Sweave" 
"as.character" "model.response" "lm" "summary" "eval" "eval" "withVisible" "doTryCatch" "tryCatchOne" "tryCatchList" "tryCatch" "try" "evalFunc" "<Anonymous>" "Sweave" 
"mode" "match" "%in%" "FUN" "lapply" "sapply" "match" "model.matrix.default" "model.matrix" "lm" "summary" "eval" "eval" "withVisible" "doTryCatch" "tryCatchOne" "tryCatchList" "tryCatch" "try" "evalFunc" "<Anonymous>" "Sweave" 
"lm.fit" "lm" "summary" "eval" "eval" "withVisible" "doTryCatch" "tryCatchOne" "tryCatchList" "tryCatch" "try" "evalFunc" "<Anonymous>" "Sweave" 
"NCOL" "summary.lm" "summary" "eval" "eval" "withVisible" "doTryCatch" "tryCatchOne" "tryCatchList" "tryCatch" "try" "evalFunc" "<Anonymous>" "Sweave" 
"[.data.frame" "[" "na.omit.data.frame" "na.omit" "model.frame.default" "model.frame" "eval" "eval" "lm" "summary" "eval" "eval" "withVisible" "doTryCatch" "tryCatchOne" "tryCatchList" "tryCatch" "try" "evalFunc" "<Anonymous>" "Sweave" 
"as.character" "model.response" "lm" "summary" "eval" "eval" "withVisible" "doTryCatch" "tryCatchOne" "tryCatchList" "tryCatch" "try" "evalFunc" "<Anonymous>" "Sweave" 
"lm.fit" "lm" "summary" "eval" "eval" "withVisible" "doTryCatch" "tryCatchOne" "tryCatchList" "tryCatch" "try" "evalFunc" "<Anonymous>" "Sweave" 
"na.omit" "model.frame.default" "model.frame" "eval" "eval" "lm" "summary" "eval" "eval" "withVisible" "doTryCatch" "tryCatchOne" "tryCatchList" "tryCatch" "try" "evalFunc" "<Anonymous>" "Sweave" 
"model.matrix.default" "model.matrix" "lm" "summary" "eval" "eval" "withVisible" "doTryCatch" "tryCatchOne" "tryCatchList" "tryCatch" "try" "evalFunc" "<Anonymous>" "Sweave" 
"lm.fit" "lm" "summary" "eval" "eval" "withVisible" "doTryCatch" "tryCatchOne" "tryCatchList" "tryCatch" "try" "evalFunc" "<Anonymous>" "Sweave" 
"lm.fit" "lm" "summary" "eval" "eval" "withVisible" "doTryCatch" "tryCatchOne" "tryCatchList" "tryCatch" "try" "evalFunc" "<Anonymous>" "Sweave" 
"summary.lm" "summary" "eval" "eval" "withVisible" "doTryCatch" "tryCatchOne" "tryCatchList" "tryCatch" "try" "evalFunc" "<Anonymous>" "Sweave" 
"summary.lm" "summary" "eval" "eval" "withVisible" "doTryCatch" "tryCatchOne" "tryCatchList" "tryCatch" "try" "evalFunc" "<Anonymous>" "Sweave" 
"summary.lm" "summary" "eval" "eval" "withVisible" "doTryCatch" "tryCatchOne" "tryCatchList" "tryCatch" "try" "evalFunc" "<Anonymous>" "Sweave" 
"summary.lm" "summary" "eval" "eval" "withVisible" "doTryCatch" "tryCatchOne" "tryCatchList" "tryCatch" "try" "evalFunc" "<Anonymous>" "Sweave" 
"summary.lm" "summary" "eval" "eval" "withVisible" "doTryCatch" "tryCatchOne" "tryCatchList" "tryCatch" "try" "evalFunc" "<Anonymous>" "Sweave" 
"summary.lm" "summary" "eval" "eval" "withVisible" "doTryCatch" "tryCatchOne" "tryCatchList" "tryCatch" "try" "evalFunc" "<Anonymous>" "Sweave" 
"summary.lm" "summary" "eval" "eval" "withVisible" "doTryCatch" "tryCatchOne" "tryCatchList" "tryCatch" "try" "evalFunc" "<Anonymous>" "Sweave" 
"as.character" "model.response" "lm" "summary" "eval" "eval" "withVisible" "doTryCatch" "tryCatchOne" "tryCatchList" "tryCatch" "try" "evalFunc" "<Anonymous>" "Sweave" 
"lm" "summary" "eval" "eval" "withVisible" "doTryCatch" "tryCatchOne" "tryCatchList" "tryCatch" "try" "evalFunc" "<Anonymous>" "Sweave" 
"coef" "summary.lm" "summary" "eval" "eval" "withVisible" "doTryCatch" "tryCatchOne" "tryCatchList" "tryCatch" "try" "evalFunc" "<Anonymous>" "Sweave" 
"anyDuplicated.default" "anyDuplicated" "[.data.frame" "[" "na.omit.data.frame" "na.omit" "model.frame.default" "model.frame" "eval" "eval" "lm" "summary" "eval" "eval" "withVisible" "doTryCatch" "tryCatchOne" "tryCatchList" "tryCatch" "try" "evalFunc" "<Anonymous>" "Sweave" 
"rep.int" "lm.fit" "lm" "summary" "eval" "eval" "withVisible" "doTryCatch" "tryCatchOne" "tryCatchList" "tryCatch" "try" "evalFunc" "<Anonymous>" "Sweave" 
"structure" "[.data.frame" "[" "lapply" ".getXlevels" "lm" "summary" "eval" "eval" "withVisible" "doTryCatch" "tryCatchOne" "tryCatchList" "tryCatch" "try" "evalFunc" "<Anonymous>" "Sweave" 
"lm.fit" "lm" "summary" "eval" "eval" "withVisible" "doTryCatch" "tryCatchOne" "tryCatchList" "tryCatch" "try" "evalFunc" "<Anonymous>" "Sweave" 
"na.omit" "model.frame.default" "model.frame" "eval" "eval" "lm" "summary" "eval" "eval" "withVisible" "doTryCatch" "tryCatchOne" "tryCatchList" "tryCatch" "try" "evalFunc" "<Anonymous>" "Sweave" 
"as.character" "model.response" "lm" "summary" "eval" "eval" "withVisible" "doTryCatch" "tryCatchOne" "tryCatchList" "tryCatch" "try" "evalFunc" "<Anonymous>" "Sweave" 
"unique" "simplify2array" "sapply" "match" "model.matrix.default" "model.matrix" "lm" "summary" "eval" "eval" "withVisible" "doTryCatch" "tryCatchOne" "tryCatchList" "tryCatch" "try" "evalFunc" "<Anonymous>" "Sweave" 
"lm.fit" "lm" "summary" "eval" "eval" "withVisible" "doTryCatch" "tryCatchOne" "tryCatchList" "tryCatch" "try" "evalFunc" "<Anonymous>" "Sweave" 
"summary.lm" "summary" "eval" "eval" "withVisible" "doTryCatch" "tryCatchOne" "tryCatchList" "tryCatch" "try" "evalFunc" "<Anonymous>" "Sweave" 
"as.character" "model.response" "lm" "summary" "eval" "eval" "withVisible" "doTryCatch" "tryCatchOne" "tryCatchList" "tryCatch" "try" "evalFunc" "<Anonymous>" "Sweave" 
"model.matrix.default" "model.matrix" "lm" "summary" "eval" "eval" "withVisible" "doTryCatch" "tryCatchOne" "tryCatchList" "tryCatch" "try" "evalFunc" "<Anonymous>" "Sweave" 
"lm.fit" "lm" "summary" "eval" "eval" "withVisible" "doTryCatch" "tryCatchOne" "tryCatchList" "tryCatch" "try" "evalFunc" "<Anonymous>" "Sweave" 
"lm" "summary" "eval" "eval" "withVisible" "doTryCatch" "tryCatchOne" "tryCatchList" "tryCatch" "try" "evalFunc" "<Anonymous>" "Sweave" 
"summary.lm" "summary" "eval" "eval" "withVisible" "doTryCatch" "tryCatchOne" "tryCatchList" "tryCatch" "try" "evalFunc" "<Anonymous>" "Sweave" 
"na.omit.data.frame" "na.omit" "model.frame.default" "model.frame" "eval" "eval" "lm" "summary" "eval" "eval" "withVisible" "doTryCatch" "tryCatchOne" "tryCatchList" "tryCatch" "try" "evalFunc" "<Anonymous>" "Sweave" 
"as.character" "model.response" "lm" "summary" "eval" "eval" "withVisible" "doTryCatch" "tryCatchOne" "tryCatchList" "tryCatch" "try" "evalFunc" "<Anonymous>" "Sweave" 
"model.matrix.default" "model.matrix" "lm" "summary" "eval" "eval" "withVisible" "doTryCatch" "tryCatchOne" "tryCatchList" "tryCatch" "try" "evalFunc" "<Anonymous>" "Sweave" 
"structure" "lm.fit" "lm" "summary" "eval" "eval" "withVisible" "doTryCatch" "tryCatchOne" "tryCatchList" "tryCatch" "try" "evalFunc" "<Anonymous>" "Sweave" 
"structure" "lm.fit" "lm" "summary" "eval" "eval" "withVisible" "doTryCatch" "tryCatchOne" "tryCatchList" "tryCatch" "try" "evalFunc" "<Anonymous>" "Sweave" 
"structure" "lm.fit" "lm" "summary" "eval" "eval" "withVisible" "doTryCatch" "tryCatchOne" "tryCatchList" "tryCatch" "try" "evalFunc" "<Anonymous>" "Sweave" 
"structure" "lm.fit" "lm" "summary" "eval" "eval" "withVisible" "doTryCatch" "tryCatchOne" "tryCatchList" "tryCatch" "try" "evalFunc" "<Anonymous>" "Sweave" 
"structure" "lm.fit" "lm" "summary" "eval" "eval" "withVisible" "doTryCatch" "tryCatchOne" "tryCatchList" "tryCatch" "try" "evalFunc" "<Anonymous>" "Sweave" 
"structure" "lm.fit" "lm" "summary" "eval" "eval" "withVisible" "doTryCatch" "tryCatchOne" "tryCatchList" "tryCatch" "try" "evalFunc" "<Anonymous>" "Sweave" 
"[.data.frame" "[" "lapply" ".getXlevels" "lm" "summary" "eval" "eval" "withVisible" "doTryCatch" "tryCatchOne" "tryCatchList" "tryCatch" "try" "evalFunc" "<Anonymous>" "Sweave" 
"pmatch" ".deparseOpts" "FUN" "lapply" "sapply" "match" "model.matrix.default" "model.matrix" "lm" "summary" "eval" "eval" "withVisible" "doTryCatch" "tryCatchOne" "tryCatchList" "tryCatch" "try" "evalFunc" "<Anonymous>" "Sweave" 
"lm.fit" "lm" "summary" "eval" "eval" "withVisible" "doTryCatch" "tryCatchOne" "tryCatchList" "tryCatch" "try" "evalFunc" "<Anonymous>" "Sweave" 
"lapply" "unlist" "unique" "simplify2array" "sapply" ".getXlevels" "lm" "summary" "eval" "eval" "withVisible" "doTryCatch" "tryCatchOne" "tryCatchList" "tryCatch" "try" "evalFunc" "<Anonymous>" "Sweave" 
"summary.lm" "summary" "eval" "eval" "withVisible" "doTryCatch" "tryCatchOne" "tryCatchList" "tryCatch" "try" "evalFunc" "<Anonymous>" "Sweave" 
"model.frame.default" "model.frame" "eval" "eval" "lm" "summary" "eval" "eval" "withVisible" "doTryCatch" "tryCatchOne" "tryCatchList" "tryCatch" "try" "evalFunc" "<Anonymous>" "Sweave" 
"model.frame.default" "model.frame" "eval" "eval" "lm" "summary" "eval" "eval" "withVisible" "doTryCatch" "tryCatchOne" "tryCatchList" "tryCatch" "try" "evalFunc" "<Anonymous>" "Sweave" 
"na.omit" "model.frame.default" "model.frame" "eval" "eval" "lm" "summary" "eval" "eval" "withVisible" "doTryCatch" "tryCatchOne" "tryCatchList" "tryCatch" "try" "evalFunc" "<Anonymous>" "Sweave" 
"as.character" "model.response" "lm" "summary" "eval" "eval" "withVisible" "doTryCatch" "tryCatchOne" "tryCatchList" "tryCatch" "try" "evalFunc" "<Anonymous>" "Sweave" 
"lm.fit" "lm" "summary" "eval" "eval" "withVisible" "doTryCatch" "tryCatchOne" "tryCatchList" "tryCatch" "try" "evalFunc" "<Anonymous>" "Sweave" 
"summary.lm" "summary" "eval" "eval" "withVisible" "doTryCatch" "tryCatchOne" "tryCatchList" "tryCatch" "try" "evalFunc" "<Anonymous>" "Sweave" 
"names" "[.data.frame" "[" "na.omit.data.frame" "na.omit" "model.frame.default" "model.frame" "eval" "eval" "lm" "summary" "eval" "eval" "withVisible" "doTryCatch" "tryCatchOne" "tryCatchList" "tryCatch" "try" "evalFunc" "<Anonymous>" "Sweave" 
"model.matrix.default" "model.matrix" "lm" "summary" "eval" "eval" "withVisible" "doTryCatch" "tryCatchOne" "tryCatchList" "tryCatch" "try" "evalFunc" "<Anonymous>" "Sweave" 
"lm.fit" "lm" "summary" "eval" "eval" "withVisible" "doTryCatch" "tryCatchOne" "tryCatchList" "tryCatch" "try" "evalFunc" "<Anonymous>" "Sweave" 
"na.omit.data.frame" "na.omit" "model.frame.default" "model.frame" "eval" "eval" "lm" "summary" "eval" "eval" "withVisible" "doTryCatch" "tryCatchOne" "tryCatchList" "tryCatch" "try" "evalFunc" "<Anonymous>" "Sweave" 
"as.list.data.frame" "as.list" "vapply" "model.matrix.default" "model.matrix" "lm" "summary" "eval" "eval" "withVisible" "doTryCatch" "tryCatchOne" "tryCatchList" "tryCatch" "try" "evalFunc" "<Anonymous>" "Sweave" 
"summary.lm" "summary" "eval" "eval" "withVisible" "doTryCatch" "tryCatchOne" "tryCatchList" "tryCatch" "try" "evalFunc" "<Anonymous>" "Sweave" 
"model.matrix.default" "model.matrix" "lm" "summary" "eval" "eval" "withVisible" "doTryCatch" "tryCatchOne" "tryCatchList" "tryCatch" "try" "evalFunc" "<Anonymous>" "Sweave" 
"lm.fit" "lm" "summary" "eval" "eval" "withVisible" "doTryCatch" "tryCatchOne" "tryCatchList" "tryCatch" "try" "evalFunc" "<Anonymous>" "Sweave" 
"lm" "summary" "eval" "eval" "withVisible" "doTryCatch" "tryCatchOne" "tryCatchList" "tryCatch" "try" "evalFunc" "<Anonymous>" "Sweave" 
"na.omit.data.frame" "na.omit" "model.frame.default" "model.frame" "eval" "eval" "lm" "summary" "eval" "eval" "withVisible" "doTryCatch" "tryCatchOne" "tryCatchList" "tryCatch" "try" "evalFunc" "<Anonymous>" "Sweave" 
"na.omit.data.frame" "na.omit" "model.frame.default" "model.frame" "eval" "eval" "lm" "summary" "eval" "eval" "withVisible" "doTryCatch" "tryCatchOne" "tryCatchList" "tryCatch" "try" "evalFunc" "<Anonymous>" "Sweave" 
"na.omit.data.frame" "na.omit" "model.frame.default" "model.frame" "eval" "eval" "lm" "summary" "eval" "eval" "withVisible" "doTryCatch" "tryCatchOne" "tryCatchList" "tryCatch" "try" "evalFunc" "<Anonymous>" "Sweave" 
"na.omit.data.frame" "na.omit" "model.frame.default" "model.frame" "eval" "eval" "lm" "summary" "eval" "eval" "withVisible" "doTryCatch" "tryCatchOne" "tryCatchList" "tryCatch" "try" "evalFunc" "<Anonymous>" "Sweave" 
"[.data.frame" "[" "na.omit.data.frame" "na.omit" "model.frame.default" "model.frame" "eval" "eval" "lm" "summary" "eval" "eval" "withVisible" "doTryCatch" "tryCatchOne" "tryCatchList" "tryCatch" "try" "evalFunc" "<Anonymous>" "Sweave" 
"na.omit.data.frame" "na.omit" "model.frame.default" "model.frame" "eval" "eval" "lm" "summary" "eval" "eval" "withVisible" "doTryCatch" "tryCatchOne" "tryCatchList" "tryCatch" "try" "evalFunc" "<Anonymous>" "Sweave" 
"!" "[.data.frame" "[" "na.omit.data.frame" "na.omit" "model.frame.default" "model.frame" "eval" "eval" "lm" "summary" "eval" "eval" "withVisible" "doTryCatch" "tryCatchOne" "tryCatchList" "tryCatch" "try" "evalFunc" "<Anonymous>" "Sweave" 
"lm" "summary" "eval" "eval" "withVisible" "doTryCatch" "tryCatchOne" "tryCatchList" "tryCatch" "try" "evalFunc" "<Anonymous>" "Sweave" 
"mean.default" "mean" "summary.lm" "summary" "eval" "eval" "withVisible" "doTryCatch" "tryCatchOne" "tryCatchList" "tryCatch" "try" "evalFunc" "<Anonymous>" "Sweave" 
"file" "<Anonymous>" "Sweave" 
