sample.interval=1000
"lazyLoadDBfetch" "terms" "model.frame.default" "model.frame" "eval" "eval" "lm" "summary"  
"list" "eval" "eval" "model.frame.default" "model.frame" "eval" "eval" "lm" "summary"  
"list" "eval" "eval" "model.frame.default" "model.frame" "eval" "eval" "lm" "summary"  
"na.omit.data.frame" "na.omit" "model.frame.default" "model.frame" "eval" "eval" "lm" "summary"  
"[.data.frame" "[" "na.omit.data.frame" "na.omit" "model.frame.default" "model.frame" "eval" "eval" "lm" "summary"  
"[.data.frame" "[" "na.omit.data.frame" "na.omit" "model.frame.default" "model.frame" "eval" "eval" "lm" "summary"  
"model.response" "lm" "summary"  
"model.response" "lm" "summary"  
"as.character" "model.response" "lm" "summary"  
"model.matrix.default" "model.matrix" "lm" "summary"  
"lm.fit" "lm" "summary"  
"lazyLoadDBfetch" "lm.fit" "lm" "summary"  
"lm.fit" "lm" "summary"  
"lm.fit" "lm" "summary"  
"lm.fit" "lm" "summary"  
"lm.fit" "lm" "summary"  
"lm.fit" "lm" "summary"  
"structure" "[.data.frame" "node.getXlevels" "lm" "summary"  
"as.name" "..getNamespace" "lazyLoadDBfetch" "summary"  
"summary.lm" "summary"  
"summary.lm" "summary"  
"summary.lm" "summary"  
"anyDuplicated.default" "anyDuplicated" "[.data.frame" "[" "na.omit.data.frame" "na.omit" "model.frame.default" "model.frame" "eval" "eval" "lm" "summary"  
"as.list.data.frame" "<model_as.list>" "model.frame" "eval" "eval" "lm" "summary"  
"as.list.data.frame" "<model_as.list>" "model.frame" "eval" "eval" "lm" "summary"  
"as.list.data.frame" "<model_as.list>" "model.frame" "eval" "eval" "lm" "summary"  
"as.list.data.frame" "<model_as.list>" "model.frame" "eval" "eval" "lm" "summary"  
"as.list.data.frame" "<model_as.list>" "model.frame" "eval" "eval" "lm" "summary"  
"model.matrix.default" "model.matrix" "lm" "summary"  
"rep.int" "lm.fit" "lm" "summary"  
"lm" "summary"  
"structure" "[.data.frame" "node.getXlevels" "lm" "summary"  
"model.response" "lm" "summary"  
"as.character" "model.response" "lm" "summary"  
"as.character" "model.response" "lm" "summary"  
"model.matrix.default" "model.matrix" "lm" "summary"  
"lm.fit" "lm" "summary"  
"lm" "summary"  
"na.omit.data.frame" "na.omit" "model.frame.default" "model.frame" "eval" "eval" "lm" "summary"  
"na.omit.data.frame" "na.omit" "model.frame.default" "model.frame" "eval" "eval" "lm" "summary"  
"na.omit.data.frame" "na.omit" "model.frame.default" "model.frame" "eval" "eval" "lm" "summary"  
"na.omit.data.frame" "na.omit" "model.frame.default" "model.frame" "eval" "eval" "lm" "summary"  
"na.omit.data.frame" "na.omit" "model.frame.default" "model.frame" "eval" "eval" "lm" "summary"  
"na.omit.data.frame" "na.omit" "model.frame.default" "model.frame" "eval" "eval" "lm" "summary"  
"lm.fit" "lm" "summary"  
"none"
"[.data.frame" "[" "na.omit.data.frame" "na.omit" "model.frame.default" "model.frame" "eval" "eval" "lm" "summary"  
"anyDuplicated.default" "anyDuplicated" "[.data.frame" "[" "na.omit.data.frame" "na.omit" "model.frame.default" "model.frame" "eval" "eval" "lm" "summary"  
"anyDuplicated.default" "anyDuplicated" "[.data.frame" "[" "na.omit.data.frame" "na.omit" "model.frame.default" "model.frame" "eval" "eval" "lm" "summary"  
"anyDuplicated.default" "anyDuplicated" "[.data.frame" "[" "na.omit.data.frame" "na.omit" "model.frame.default" "model.frame" "eval" "eval" "lm" "summary"  
"anyDuplicated.default" "anyDuplicated" "[.data.frame" "[" "na.omit.data.frame" "na.omit" "model.frame.default" "model.frame" "eval" "eval" "lm" "summary"  
"anyDuplicated.default" "anyDuplicated" "[.data.frame" "[" "na.omit.data.frame" "na.omit" "model.frame.default" "model.frame" "eval" "eval" "lm" "summary"  
"model.matrix.default" "model.matrix" "lm" "summary"  
"lm" "summary"  
"[.data.frame" "[" "na.omit.data.frame" "na.omit" "model.frame.default" "model.frame" "eval" "eval" "lm" "summary"  
"as.list.data.frame" "<model_as.list>" "model.frame" "eval" "eval" "lm" "summary"  
"unique" "simplify2array" "sapply" "match" "model.matrix.default" "model.matrix" "lm" "summary"  
"lm.fit" "lm" "summary"  
"lm.fit" "lm" "summary"  
"lm" "summary"  
"summary.lm" "summary"  
"[[.data.frame" "[[" "na.omit.data.frame" "na.omit" "model.frame.default" "model.frame" "eval" "eval" "lm" "summary"  
"na.omit.data.frame" "na.omit" "model.frame.default" "model.frame" "eval" "eval" "lm" "summary"  
"na.omit.data.frame" "na.omit" "model.frame.default" "model.frame" "eval" "eval" "lm" "summary"  
"na.omit.data.frame" "na.omit" "model.frame.default" "model.frame" "eval" "eval" "lm" "summary"  
"lm.fit" "lm" "summary"  
"lm" "summary"  
"vapply" ".getXlevels" "lm" "summary"  
"vapply" ".getXlevels" "lm" "summary"  
"vapply" ".getXlevels" "lm" "summary"  
"as.list.data.frame" "<model_as.list>" "model.frame" "eval" "eval" "lm" "summary"  
"FUN" "lapply" "sapply" "match" "model.matrix.default" "model.matrix" "lm" "summary"  
"lm.fit" "lm" "summary"  
"na.omit" "model.frame.default" "model.frame" "eval" "eval" "lm" "summary"  
"[.data.frame" "[" "na.omit.data.frame" "na.omit" "model.frame.default" "model.frame" "eval" "eval" "lm" "summary"  
"as.character" "model.response" "lm" "summary"  
"model.matrix.default" "model.matrix" "lm" "summary"  
"model.matrix.default" "model.matrix" "lm" "summary"  
"lm.fit" "lm" "summary"  
"structure" "[.data.frame" "node.getXlevels" "lm" "summary"  
"structure" "[.data.frame" "node.getXlevels" "lm" "summary"  
"structure" "[.data.frame" "node.getXlevels" "lm" "summary"  
"structure" "[.data.frame" "node.getXlevels" "lm" "summary"  
"$" "summary.lm" "summary"  
"lm.fit" "lm" "summary"  
"structure" "lm.fit" "lm" "summary"  
"list" "eval" "eval" "model.frame.default" "model.frame" "eval" "eval" "lm" "summary"  
"anyDuplicated.default" "anyDuplicated" "[.data.frame" "[" "na.omit.data.frame" "na.omit" "model.frame.default" "model.frame" "eval" "eval" "lm" "summary"  
"as.character" "model.response" "lm" "summary"  
"model.matrix.default" "model.matrix" "lm" "summary"  
"lm.fit" "lm" "summary"  
"na.omit" "model.frame.default" "model.frame" "eval" "eval" "lm" "summary"  
"anyDuplicated.default" "anyDuplicated" "[.data.frame" "[" "na.omit.data.frame" "na.omit" "model.frame.default" "model.frame" "eval" "eval" "lm" "summary"  
"anyDuplicated.default" "anyDuplicated" "[.data.frame" "[" "na.omit.data.frame" "na.omit" "model.frame.default" "model.frame" "eval" "eval" "lm" "summary"  
"anyDuplicated.default" "anyDuplicated" "[.data.frame" "[" "na.omit.data.frame" "na.omit" "model.frame.default" "model.frame" "eval" "eval" "lm" "summary"  
"anyDuplicated.default" "anyDuplicated" "[.data.frame" "[" "na.omit.data.frame" "na.omit" "model.frame.default" "model.frame" "eval" "eval" "lm" "summary"  
"as.character" "model.response" "lm" "summary"  
"summary.lm" "summary"  
"as.character" "model.response" "lm" "summary"  
"model.matrix.default" "model.matrix" "lm" "summary"  
"structure" "lm.fit" "lm" "summary"  
"structure" "lm.fit" "lm" "summary"  
"summary.lm" "summary"  
"na.omit.data.frame" "na.omit" "model.frame.default" "model.frame" "eval" "eval" "lm" "summary"  
"lm.fit" "lm" "summary"  
"structure" "[.data.frame" "node.getXlevels" "lm" "summary"  
"[.data.frame" "[" "na.omit.data.frame" "na.omit" "model.frame.default" "model.frame" "eval" "eval" "lm" "summary"  
"as.character" "model.response" "lm" "summary"  
"as.character" "model.response" "lm" "summary"  
"as.list.data.frame" "<model_matrix_as.list>" "model.matrix" "lm" "summary"  
"model.matrix.default" "model.matrix" "lm" "summary"  
"lm.fit" "lm" "summary"  
"lm.fit" "lm" "summary"  
"lm" "summary"  
"lm" "summary"  
"lm" "summary"  
"summary.lm" "summary"  
"<Anonymous>" "[[.data.frame" "[[" "na.omit.data.frame" "na.omit" "model.frame.default" "model.frame" "eval" "eval" "lm" "summary"  
"<Anonymous>" "[[.data.frame" "[[" "na.omit.data.frame" "na.omit" "model.frame.default" "model.frame" "eval" "eval" "lm" "summary"  
"<Anonymous>" "[[.data.frame" "[[" "na.omit.data.frame" "na.omit" "model.frame.default" "model.frame" "eval" "eval" "lm" "summary"  
"<Anonymous>" "[[.data.frame" "[[" "na.omit.data.frame" "na.omit" "model.frame.default" "model.frame" "eval" "eval" "lm" "summary"  
"<Anonymous>" "[[.data.frame" "[[" "na.omit.data.frame" "na.omit" "model.frame.default" "model.frame" "eval" "eval" "lm" "summary"  
"anyDuplicated.default" "anyDuplicated" "[.data.frame" "[" "na.omit.data.frame" "na.omit" "model.frame.default" "model.frame" "eval" "eval" "lm" "summary"  
"sapply" "match" "model.matrix.default" "model.matrix" "lm" "summary"  
"model.matrix.default" "model.matrix" "lm" "summary"  
"lm.fit" "lm" "summary"  
"lm.fit" "lm" "summary"  
"summary.lm" "summary"  
"[.data.frame" "[" "na.omit.data.frame" "na.omit" "model.frame.default" "model.frame" "eval" "eval" "lm" "summary"  
"[.data.frame" "[" "na.omit.data.frame" "na.omit" "model.frame.default" "model.frame" "eval" "eval" "lm" "summary"  
"anyDuplicated.default" "anyDuplicated" "[.data.frame" "[" "na.omit.data.frame" "na.omit" "model.frame.default" "model.frame" "eval" "eval" "lm" "summary"  
"as.character" "model.response" "lm" "summary"  
"lm.fit" "lm" "summary"  
"na.omit" "model.frame.default" "model.frame" "eval" "eval" "lm" "summary"  
"[.data.frame" "[" "na.omit.data.frame" "na.omit" "model.frame.default" "model.frame" "eval" "eval" "lm" "summary"  
"lm.fit" "lm" "summary"  
"lm.fit" "lm" "summary"  
"lm.fit" "lm" "summary"  
"summary.lm" "summary"  
"summary.lm" "summary"  
"summary.lm" "summary"  
"summary.lm" "summary"  
"lm.fit" "lm" "summary"  
"lm" "summary"  
"model.matrix.default" "model.matrix" "lm" "summary"  
"lm.fit" "lm" "summary"  
"rep.int" "lm.fit" "lm" "summary"  
"structure" "[.data.frame" "node.getXlevels" "lm" "summary"  
"[.data.frame" "[" "na.omit.data.frame" "na.omit" "model.frame.default" "model.frame" "eval" "eval" "lm" "summary"  
"[.data.frame" "[" "na.omit.data.frame" "na.omit" "model.frame.default" "model.frame" "eval" "eval" "lm" "summary"  
"[.data.frame" "[" "na.omit.data.frame" "na.omit" "model.frame.default" "model.frame" "eval" "eval" "lm" "summary"  
"as.character" "model.response" "lm" "summary"  
"model.matrix.default" "model.matrix" "lm" "summary"  
"[.data.frame" "[" "na.omit.data.frame" "na.omit" "model.frame.default" "model.frame" "eval" "eval" "lm" "summary"  
"as.character" "model.response" "lm" "summary"  
"model.matrix.default" "model.matrix" "lm" "summary"  
"lm" "summary"  
"model.frame.default" "model.frame" "eval" "eval" "lm" "summary"  
"model.response" "lm" "summary"  
"lm.fit" "lm" "summary"  
"na.omit.data.frame" "na.omit" "model.frame.default" "model.frame" "eval" "eval" "lm" "summary"  
"as.character" "model.response" "lm" "summary"  
"lm.fit" "lm" "summary"  
"lm" "summary"  
"summary.lm" "summary"  
"model.frame.default" "model.frame" "eval" "eval" "lm" "summary"  
"[.data.frame" "[" "na.omit.data.frame" "na.omit" "model.frame.default" "model.frame" "eval" "eval" "lm" "summary"  
"model.frame.default" "model.frame" "eval" "eval" "lm" "summary"  
"as.character" "model.response" "lm" "summary"  
"lm.fit" "lm" "summary"  
"lm.fit" "lm" "summary"  
"lm" "summary"  
"summary.lm" "summary"  
"na.omit" "model.frame.default" "model.frame" "eval" "eval" "lm" "summary"  
"[.data.frame" "[" "na.omit.data.frame" "na.omit" "model.frame.default" "model.frame" "eval" "eval" "lm" "summary"  
"[.data.frame" "[" "na.omit.data.frame" "na.omit" "model.frame.default" "model.frame" "eval" "eval" "lm" "summary"  
"as.list.data.frame" "<model_as.list>" "model.frame" "eval" "eval" "lm" "summary"  
"as.list.data.frame" "<model_matrix_as.list>" "model.matrix" "lm" "summary"  
"lm.fit" "lm" "summary"  
"match" "%in%" "structure" "lm.fit" "lm" "summary"  
"lm.fit" "lm" "summary"  
"lm" "summary"  
"model.response" "lm" "summary"  
"as.list.data.frame" "<model_matrix_as.list>" "model.matrix" "lm" "summary"  
"as.list.data.frame" "<model_matrix_as.list>" "model.matrix" "lm" "summary"  
"model.matrix.default" "model.matrix" "lm" "summary"  
"lm.fit" "lm" "summary"  
"lm" "summary"  
"model.response" "lm" "summary"  
"model.matrix.default" "model.matrix" "lm" "summary"  
"lm" "summary"  
"na.omit" "model.frame.default" "model.frame" "eval" "eval" "lm" "summary"  
"[.data.frame" "[" "na.omit.data.frame" "na.omit" "model.frame.default" "model.frame" "eval" "eval" "lm" "summary"  
"rep.int" "lm.fit" "lm" "summary"  
"lm.fit" "lm" "summary"  
"lm.fit" "lm" "summary"  
"lm.fit" "lm" "summary"  
"[.data.frame" "[" "na.omit.data.frame" "na.omit" "model.frame.default" "model.frame" "eval" "eval" "lm" "summary"  
"na.omit.data.frame" "na.omit" "model.frame.default" "model.frame" "eval" "eval" "lm" "summary"  
"as.list.data.frame" "<model_matrix_as.list>" "model.matrix" "lm" "summary"  
"lm.fit" "lm" "summary"  
"rep.int" "lm.fit" "lm" "summary"  
"structure" "[.data.frame" "node.getXlevels" "lm" "summary"  
"[.data.frame" "[" "na.omit.data.frame" "na.omit" "model.frame.default" "model.frame" "eval" "eval" "lm" "summary"  
"lm.fit" "lm" "summary"  
"lm" "summary"  
"[.data.frame" "[" "na.omit.data.frame" "na.omit" "model.frame.default" "model.frame" "eval" "eval" "lm" "summary"  
"as.list.data.frame" "<model_as.list>" "model.frame" "eval" "eval" "lm" "summary"  
"model.matrix.default" "model.matrix" "lm" "summary"  
"rep.int" "lm.fit" "lm" "summary"  
"lm.fit" "lm" "summary"  
"lm.fit" "lm" "summary"  
"na.omit" "model.frame.default" "model.frame" "eval" "eval" "lm" "summary"  
"model.matrix.default" "model.matrix" "lm" "summary"  
"lm" "summary"  
"[.data.frame" "[" "na.omit.data.frame" "na.omit" "model.frame.default" "model.frame" "eval" "eval" "lm" "summary"  
"as.character" "model.response" "lm" "summary"  
"model.matrix.default" "model.matrix" "lm" "summary"  
"model.matrix.default" "model.matrix" "lm" "summary"  
"model.matrix.default" "model.matrix" "lm" "summary"  
".deparseOpts" "FUN" "lapply" "sapply" ".getXlevels" "lm" "summary"  
"na.omit.data.frame" "na.omit" "model.frame.default" "model.frame" "eval" "eval" "lm" "summary"  
"[.data.frame" "[" "na.omit.data.frame" "na.omit" "model.frame.default" "model.frame" "eval" "eval" "lm" "summary"  
"as.character" "model.response" "lm" "summary"  
"model.matrix.default" "model.matrix" "lm" "summary"  
"anyDuplicated" "[.data.frame" "node.getXlevels" "lm" "summary"  
"anyDuplicated.default" "anyDuplicated" "[.data.frame" "[" "na.omit.data.frame" "na.omit" "model.frame.default" "model.frame" "eval" "eval" "lm" "summary"  
"lm.fit" "lm" "summary"  
"summary.lm" "summary"  
"anyDuplicated.default" "anyDuplicated" "[.data.frame" "[" "na.omit.data.frame" "na.omit" "model.frame.default" "model.frame" "eval" "eval" "lm" "summary"  
"structure" "lm.fit" "lm" "summary"  
"lm.fit" "lm" "summary"  
"[.data.frame" "[" "na.omit.data.frame" "na.omit" "model.frame.default" "model.frame" "eval" "eval" "lm" "summary"  
"model.frame.default" "model.frame" "eval" "eval" "lm" "summary"  
"model.frame.default" "model.frame" "eval" "eval" "lm" "summary"  
"model.frame.default" "model.frame" "eval" "eval" "lm" "summary"  
"model.frame.default" "model.frame" "eval" "eval" "lm" "summary"  
"model.frame.default" "model.frame" "eval" "eval" "lm" "summary"  
"as.character" "model.response" "lm" "summary"  
"model.matrix.default" "model.matrix" "lm" "summary"  
"[.data.frame" "[" "na.omit.data.frame" "na.omit" "model.frame.default" "model.frame" "eval" "eval" "lm" "summary"  
"model.response" "lm" "summary"  
"model.matrix.default" "model.matrix" "lm" "summary"  
"na.omit.data.frame" "na.omit" "model.frame.default" "model.frame" "eval" "eval" "lm" "summary"  
"[.data.frame" "[" "na.omit.data.frame" "na.omit" "model.frame.default" "model.frame" "eval" "eval" "lm" "summary"  
".deparseOpts" "FUN" "lapply" "sapply" "match" "model.matrix.default" "model.matrix" "lm" "summary"  
"lm.fit" "lm" "summary"  
"as.list.data.frame" "as.list" "lapply" ".getXlevels" "lm" "summary"  
"[.data.frame" "[" "na.omit.data.frame" "na.omit" "model.frame.default" "model.frame" "eval" "eval" "lm" "summary"  
"as.character" "model.response" "lm" "summary"  
"lm.fit" "lm" "summary"  
"summary.lm" "summary"  
"%in%" "[[.data.frame" "[[" "na.omit.data.frame" "na.omit" "model.frame.default" "model.frame" "eval" "eval" "lm" "summary"  
"as.list.data.frame" "<model_as.list>" "model.frame" "eval" "eval" "lm" "summary"  
"lm.fit" "lm" "summary"  
"summary.lm" "summary"  
"model.matrix.default" "model.matrix" "lm" "summary"  
"model.matrix.default" "model.matrix" "lm" "summary"  
"lm.fit" "lm" "summary"  
"lm.fit" "lm" "summary"  
"lm" "summary"  
"na.omit" "model.frame.default" "model.frame" "eval" "eval" "lm" "summary"  
"na.omit" "model.frame.default" "model.frame" "eval" "eval" "lm" "summary"  
"na.omit" "model.frame.default" "model.frame" "eval" "eval" "lm" "summary"  
"na.omit" "model.frame.default" "model.frame" "eval" "eval" "lm" "summary"  
"na.omit" "model.frame.default" "model.frame" "eval" "eval" "lm" "summary"  
"na.omit" "model.frame.default" "model.frame" "eval" "eval" "lm" "summary"  
"na.omit" "model.frame.default" "model.frame" "eval" "eval" "lm" "summary"  
"as.character" "model.response" "lm" "summary"  
"pmatch" ".deparseOpts" "FUN" "lapply" "sapply" "match" "model.matrix.default" "model.matrix" "lm" "summary"  
"lm.fit" "lm" "summary"  
"!" "[.data.frame" "[" "na.omit.data.frame" "na.omit" "model.frame.default" "model.frame" "eval" "eval" "lm" "summary"  
"na.omit.data.frame" "na.omit" "model.frame.default" "model.frame" "eval" "eval" "lm" "summary"  
"lm" "summary"  
"terms.formula" "terms" "model.frame.default" "model.frame" "eval" "eval" "lm" "summary"  
"[.data.frame" "[" "na.omit.data.frame" "na.omit" "model.frame.default" "model.frame" "eval" "eval" "lm" "summary"  
"as.list.data.frame" "<model_matrix_as.list>" "model.matrix" "lm" "summary"  
"lm.fit" "lm" "summary"  
"lm" "summary"  
"lm" "summary"  
"lm" "summary"  
"lm" "summary"  
"lm" "summary"  
"lm.fit" "lm" "summary"  
"lm.fit" "lm" "summary"  
"[.data.frame" "[" "na.omit.data.frame" "na.omit" "model.frame.default" "model.frame" "eval" "eval" "lm" "summary"  
"model.matrix.default" "model.matrix" "lm" "summary"  
"lm.fit" "lm" "summary"  
"lm.fit" "lm" "summary"  
"na.omit" "model.frame.default" "model.frame" "eval" "eval" "lm" "summary"  
"anyDuplicated.default" "anyDuplicated" "[.data.frame" "[" "na.omit.data.frame" "na.omit" "model.frame.default" "model.frame" "eval" "eval" "lm" "summary"  
"lm.fit" "lm" "summary"  
"lm.fit" "lm" "summary"  
"summary.lm" "summary"  
"summary.lm" "summary"  
"summary.lm" "summary"  
"summary.lm" "summary"  
"summary.lm" "summary"  
"summary.lm" "summary"  
"[.data.frame" "[" "na.omit.data.frame" "na.omit" "model.frame.default" "model.frame" "eval" "eval" "lm" "summary"  
"model.matrix.default" "model.matrix" "lm" "summary"  
"lm" "summary"  
"model.matrix.default" "model.matrix" "lm" "summary"  
"rep.int" "lm.fit" "lm" "summary"  
"structure" "[.data.frame" "node.getXlevels" "lm" "summary"  
"[.data.frame" "[" "na.omit.data.frame" "na.omit" "model.frame.default" "model.frame" "eval" "eval" "lm" "summary"  
"model.matrix.default" "model.matrix" "lm" "summary"  
"summary.lm" "summary"  
"[.data.frame" "[" "na.omit.data.frame" "na.omit" "model.frame.default" "model.frame" "eval" "eval" "lm" "summary"  
"<Anonymous>" "[[.data.frame" "[[" "model.matrix.default" "model.matrix" "lm" "summary"  
"structure" "lm.fit" "lm" "summary"  
"structure" "[.data.frame" "node.getXlevels" "lm" "summary"  
"[.data.frame" "[" "na.omit.data.frame" "na.omit" "model.frame.default" "model.frame" "eval" "eval" "lm" "summary"  
"as.character" "model.response" "lm" "summary"  
"model.matrix.default" "model.matrix" "lm" "summary"  
"lm.fit" "lm" "summary"  
"structure" "lm.fit" "lm" "summary"  
"lapply" "sapply" "model.frame.default" "model.frame" "eval" "eval" "lm" "summary"  
"list" "eval" "eval" "model.frame.default" "model.frame" "eval" "eval" "lm" "summary"  
"as.list.data.frame" "<model_as.list>" "model.frame" "eval" "eval" "lm" "summary"  
"model.matrix.default" "model.matrix" "lm" "summary"  
"structure" "lm.fit" "lm" "summary"  
"lm" "summary"  
"anyDuplicated.default" "anyDuplicated" "[.data.frame" "[" "na.omit.data.frame" "na.omit" "model.frame.default" "model.frame" "eval" "eval" "lm" "summary"  
"anyDuplicated.default" "anyDuplicated" "[.data.frame" "[" "na.omit.data.frame" "na.omit" "model.frame.default" "model.frame" "eval" "eval" "lm" "summary"  
"anyDuplicated.default" "anyDuplicated" "[.data.frame" "[" "na.omit.data.frame" "na.omit" "model.frame.default" "model.frame" "eval" "eval" "lm" "summary"  
"anyDuplicated.default" "anyDuplicated" "[.data.frame" "[" "na.omit.data.frame" "na.omit" "model.frame.default" "model.frame" "eval" "eval" "lm" "summary"  
"model.matrix.default" "model.matrix" "lm" "summary"  
"[.data.frame" "[" "na.omit.data.frame" "na.omit" "model.frame.default" "model.frame" "eval" "eval" "lm" "summary"  
"model.matrix.default" "model.matrix" "lm" "summary"  
"[.data.frame" "node.getXlevels" "lm" "summary"  
"[.data.frame" "[" "na.omit.data.frame" "na.omit" "model.frame.default" "model.frame" "eval" "eval" "lm" "summary"  
"as.character" "model.response" "lm" "summary"  
"model.matrix.default" "model.matrix" "lm" "summary"  
"lm" "summary"  
"model.frame.default" "model.frame" "eval" "eval" "lm" "summary"  
"model.matrix.default" "model.matrix" "lm" "summary"  
"structure" "lm.fit" "lm" "summary"  
"[.data.frame" "[" "na.omit.data.frame" "na.omit" "model.frame.default" "model.frame" "eval" "eval" "lm" "summary"  
"model.matrix.default" "model.matrix" "lm" "summary"  
"lm" "summary"  
"lm" "summary"  
"[.data.frame" "[" "na.omit.data.frame" "na.omit" "model.frame.default" "model.frame" "eval" "eval" "lm" "summary"  
"as.character" "model.response" "lm" "summary"  
"lm.fit" "lm" "summary"  
"lm" "summary"  
"model.response" "lm" "summary"  
"as.character" "model.response" "lm" "summary"  
"model.matrix.default" "model.matrix" "lm" "summary"  
"lm.fit" "lm" "summary"  
"[.data.frame" "[" "na.omit.data.frame" "na.omit" "model.frame.default" "model.frame" "eval" "eval" "lm" "summary"  
"[.data.frame" "[" "na.omit.data.frame" "na.omit" "model.frame.default" "model.frame" "eval" "eval" "lm" "summary"  
"as.character" "model.response" "lm" "summary"  
"lm.fit" "lm" "summary"  
"structure" "[.data.frame" "node.getXlevels" "lm" "summary"  
"[.data.frame" "[" "na.omit.data.frame" "na.omit" "model.frame.default" "model.frame" "eval" "eval" "lm" "summary"  
"[.data.frame" "[" "na.omit.data.frame" "na.omit" "model.frame.default" "model.frame" "eval" "eval" "lm" "summary"  
"[.data.frame" "[" "na.omit.data.frame" "na.omit" "model.frame.default" "model.frame" "eval" "eval" "lm" "summary"  
"[.data.frame" "[" "na.omit.data.frame" "na.omit" "model.frame.default" "model.frame" "eval" "eval" "lm" "summary"  
"unique" "simplify2array" "sapply" "match" "model.matrix.default" "model.matrix" "lm" "summary"  
"na.omit.data.frame" "na.omit" "model.frame.default" "model.frame" "eval" "eval" "lm" "summary"  
"[.data.frame" "[" "na.omit.data.frame" "na.omit" "model.frame.default" "model.frame" "eval" "eval" "lm" "summary"  
"anyDuplicated.default" "anyDuplicated" "[.data.frame" "[" "na.omit.data.frame" "na.omit" "model.frame.default" "model.frame" "eval" "eval" "lm" "summary"  
"lm" "summary"  
"model.frame.default" "model.frame" "eval" "eval" "lm" "summary"  
"model.matrix.default" "model.matrix" "lm" "summary"  
"lm.fit" "lm" "summary"  
"structure" "lm.fit" "lm" "summary"  
"as.character" "model.response" "lm" "summary"  
"model.matrix.default" "model.matrix" "lm" "summary"  
"structure" "[.data.frame" "node.getXlevels" "lm" "summary"  
"as.character" "model.response" "lm" "summary"  
"as.character" "model.response" "lm" "summary"  
"lm.fit" "lm" "summary"  
"[.data.frame" "[" "na.omit.data.frame" "na.omit" "model.frame.default" "model.frame" "eval" "eval" "lm" "summary"  
"na.omit.data.frame" "na.omit" "model.frame.default" "model.frame" "eval" "eval" "lm" "summary"  
"structure" "lm.fit" "lm" "summary"  
"summary.lm" "summary"  
"[.data.frame" "[" "na.omit.data.frame" "na.omit" "model.frame.default" "model.frame" "eval" "eval" "lm" "summary"  
"model.matrix.default" "model.matrix" "lm" "summary"  
"lm.fit" "lm" "summary"  
"lm.fit" "lm" "summary"  
"lm.fit" "lm" "summary"  
"lm.fit" "lm" "summary"  
"lm.fit" "lm" "summary"  
"[.data.frame" "[" "na.omit.data.frame" "na.omit" "model.frame.default" "model.frame" "eval" "eval" "lm" "summary"  
"lm.fit" "lm" "summary"  
"na.omit" "model.frame.default" "model.frame" "eval" "eval" "lm" "summary"  
"model.matrix.default" "model.matrix" "lm" "summary"  
"lm.fit" "lm" "summary"  
"lm.fit" "lm" "summary"  
"model.response" "lm" "summary"  
"model.response" "lm" "summary"  
"model.response" "lm" "summary"  
"model.response" "lm" "summary"  
"model.response" "lm" "summary"  
"as.character" "model.response" "lm" "summary"  
"model.matrix.default" "model.matrix" "lm" "summary"  
"as.list.default" "as.list" "lapply" "sapply" ".getXlevels" "lm" "summary"  
"as.list.data.frame" "as.list" "lapply" ".getXlevels" "lm" "summary"  
"summary.lm" "summary"  
"mode" "match" "%in%" "deparse" "paste" "FUN" "lapply" "sapply" "model.frame.default" "model.frame" "eval" "eval" "lm" "summary"  
"na.omit.data.frame" "na.omit" "model.frame.default" "model.frame" "eval" "eval" "lm" "summary"  
"[.data.frame" "[" "na.omit.data.frame" "na.omit" "model.frame.default" "model.frame" "eval" "eval" "lm" "summary"  
"[.data.frame" "[" "na.omit.data.frame" "na.omit" "model.frame.default" "model.frame" "eval" "eval" "lm" "summary"  
"[.data.frame" "[" "na.omit.data.frame" "na.omit" "model.frame.default" "model.frame" "eval" "eval" "lm" "summary"  
"as.character" "model.response" "lm" "summary"  
"as.character" "model.response" "lm" "summary"  
"as.character" "model.response" "lm" "summary"  
"as.list.data.frame" "<model_matrix_as.list>" "model.matrix" "lm" "summary"  
"lm.fit" "lm" "summary"  
"deparse" "model.frame.default" "model.frame" "eval" "eval" "lm" "summary"  
"[.data.frame" "[" "na.omit.data.frame" "na.omit" "model.frame.default" "model.frame" "eval" "eval" "lm" "summary"  
"as.character" "model.response" "lm" "summary"  
"lm.fit" "lm" "summary"  
"lm.fit" "lm" "summary"  
"summary.lm" "summary"  
"as.character" "model.response" "lm" "summary"  
"model.matrix.default" "model.matrix" "lm" "summary"  
"lm" "summary"  
"model.matrix.default" "model.matrix" "lm" "summary"  
"lm.fit" "lm" "summary"  
"lm" "summary"  
"na.omit" "model.frame.default" "model.frame" "eval" "eval" "lm" "summary"  
"as.character" "model.response" "lm" "summary"  
"structure" "[.data.frame" "node.getXlevels" "lm" "summary"  
"[.data.frame" "[" "na.omit.data.frame" "na.omit" "model.frame.default" "model.frame" "eval" "eval" "lm" "summary"  
"lm.fit" "lm" "summary"  
"summary.lm" "summary"  
"as.list.data.frame" "<model_as.list>" "model.frame" "eval" "eval" "lm" "summary"  
"as.character" "model.response" "lm" "summary"  
"mean.default" "mean" "summary.lm" "summary"  
"na.omit" "model.frame.default" "model.frame" "eval" "eval" "lm" "summary"  
"structure" "lm.fit" "lm" "summary"  
"lm" "summary"  
"names" "[.data.frame" "[" "na.omit.data.frame" "na.omit" "model.frame.default" "model.frame" "eval" "eval" "lm" "summary"  
"model.matrix.default" "model.matrix" "lm" "summary"  
"lm.fit" "lm" "summary"  
"lm" "summary"  
"list" "eval" "eval" "model.frame.default" "model.frame" "eval" "eval" "lm" "summary"  
"[.data.frame" "[" "na.omit.data.frame" "na.omit" "model.frame.default" "model.frame" "eval" "eval" "lm" "summary"  
"as.character" "model.response" "lm" "summary"  
"model.matrix.default" "model.matrix" "lm" "summary"  
"lm.fit" "lm" "summary"  
"lm" "summary"  
"lm" "summary"  
"lm" "summary"  
"[.data.frame" "[" "na.omit.data.frame" "na.omit" "model.frame.default" "model.frame" "eval" "eval" "lm" "summary"  
"as.character" "model.response" "lm" "summary"  
"mode" "match" "%in%" "FUN" "lapply" "sapply" "match" "model.matrix.default" "model.matrix" "lm" "summary"  
"lm.fit" "lm" "summary"  
"NCOL" "summary.lm" "summary"  
"[.data.frame" "[" "na.omit.data.frame" "na.omit" "model.frame.default" "model.frame" "eval" "eval" "lm" "summary"  
"as.character" "model.response" "lm" "summary"  
"lm.fit" "lm" "summary"  
"na.omit" "model.frame.default" "model.frame" "eval" "eval" "lm" "summary"  
"model.matrix.default" "model.matrix" "lm" "summary"  
"lm.fit" "lm" "summary"  
"lm.fit" "lm" "summary"  
"summary.lm" "summary"  
"summary.lm" "summary"  
"summary.lm" "summary"  
"summary.lm" "summary"  
"summary.lm" "summary"  
"summary.lm" "summary"  
"summary.lm" "summary"  
"as.character" "model.response" "lm" "summary"  
"lm" "summary"  
"coef" "summary.lm" "summary"  
"anyDuplicated.default" "anyDuplicated" "[.data.frame" "[" "na.omit.data.frame" "na.omit" "model.frame.default" "model.frame" "eval" "eval" "lm" "summary"  
"rep.int" "lm.fit" "lm" "summary"  
"structure" "[.data.frame" "node.getXlevels" "lm" "summary"  
"lm.fit" "lm" "summary"  
"na.omit" "model.frame.default" "model.frame" "eval" "eval" "lm" "summary"  
"as.character" "model.response" "lm" "summary"  
"unique" "simplify2array" "sapply" "match" "model.matrix.default" "model.matrix" "lm" "summary"  
"lm.fit" "lm" "summary"  
"summary.lm" "summary"  
"as.character" "model.response" "lm" "summary"  
"model.matrix.default" "model.matrix" "lm" "summary"  
"lm.fit" "lm" "summary"  
"lm" "summary"  
"summary.lm" "summary"  
"na.omit.data.frame" "na.omit" "model.frame.default" "model.frame" "eval" "eval" "lm" "summary"  
"as.character" "model.response" "lm" "summary"  
"model.matrix.default" "model.matrix" "lm" "summary"  
"structure" "lm.fit" "lm" "summary"  
"structure" "lm.fit" "lm" "summary"  
"structure" "lm.fit" "lm" "summary"  
"structure" "lm.fit" "lm" "summary"  
"structure" "lm.fit" "lm" "summary"  
"structure" "lm.fit" "lm" "summary"  
"[.data.frame" "node.getXlevels" "lm" "summary"  
"pmatch" ".deparseOpts" "FUN" "lapply" "sapply" "match" "model.matrix.default" "model.matrix" "lm" "summary"  
"lm.fit" "lm" "summary"  
"lapply" "unlist" "unique" "simplify2array" "sapply" ".getXlevels" "lm" "summary"  
"summary.lm" "summary"  
"model.frame.default" "model.frame" "eval" "eval" "lm" "summary"  
"model.frame.default" "model.frame" "eval" "eval" "lm" "summary"  
"na.omit" "model.frame.default" "model.frame" "eval" "eval" "lm" "summary"  
"as.character" "model.response" "lm" "summary"  
"lm.fit" "lm" "summary"  
"summary.lm" "summary"  
"names" "[.data.frame" "[" "na.omit.data.frame" "na.omit" "model.frame.default" "model.frame" "eval" "eval" "lm" "summary"  
"model.matrix.default" "model.matrix" "lm" "summary"  
"lm.fit" "lm" "summary"  
"na.omit.data.frame" "na.omit" "model.frame.default" "model.frame" "eval" "eval" "lm" "summary"  
"as.list.data.frame" "<model_matrix_as.list>" "model.matrix" "lm" "summary"  
"summary.lm" "summary"  
"model.matrix.default" "model.matrix" "lm" "summary"  
"lm.fit" "lm" "summary"  
"lm" "summary"  
"na.omit.data.frame" "na.omit" "model.frame.default" "model.frame" "eval" "eval" "lm" "summary"  
"na.omit.data.frame" "na.omit" "model.frame.default" "model.frame" "eval" "eval" "lm" "summary"  
"na.omit.data.frame" "na.omit" "model.frame.default" "model.frame" "eval" "eval" "lm" "summary"  
"na.omit.data.frame" "na.omit" "model.frame.default" "model.frame" "eval" "eval" "lm" "summary"  
"[.data.frame" "[" "na.omit.data.frame" "na.omit" "model.frame.default" "model.frame" "eval" "eval" "lm" "summary"  
"na.omit.data.frame" "na.omit" "model.frame.default" "model.frame" "eval" "eval" "lm" "summary"  
"!" "[.data.frame" "[" "na.omit.data.frame" "na.omit" "model.frame.default" "model.frame" "eval" "eval" "lm" "summary"  
"lm" "summary"  
"mean.default" "mean" "summary.lm" "summary"  
"file" "<Anonymous>" "Sweave" 
